#
# There is insufficient memory for the Java Runtime Environment to continue.
# Native memory allocation (mmap) failed to map 132120576 bytes. Error detail: G1 virtual space
# Possible reasons:
#   The system is out of physical RAM or swap space
#   This process is running with CompressedOops enabled, and the Java Heap may be blocking the growth of the native heap
# Possible solutions:
#   Reduce memory load on the system
#   Increase physical memory or swap space
#   Check if swap backing store is full
#   Decrease Java heap size (-Xmx/-Xms)
#   Decrease number of Java threads
#   Decrease Java thread stack sizes (-Xss)
#   Set larger code cache with -XX:ReservedCodeCacheSize=
#   JVM is running with Unscaled Compressed Oops mode in which the Java heap is
#     placed in the first 4GB address space. The Java Heap base address is the
#     maximum limit for the native heap growth. Please use -XX:HeapBaseMinAddress
#     to set the Java Heap base and to place the Java Heap above 4GB virtual address.
# This output file may be truncated or incomplete.
#
#  Out of Memory Error (os_windows.cpp:3564), pid=9372, tid=18864
#
# JRE version:  (24.0.1+9) (build )
# Java VM: OpenJDK 64-Bit Server VM (24.0.1+9, mixed mode, sharing, tiered, compressed oops, compressed class ptrs, g1 gc, windows-amd64)
# No core dump will be written. Minidumps are not enabled by default on client versions of Windows
#

---------------  S U M M A R Y ------------

Command Line: -Dfile.encoding=UTF-8 airlinemanagementsystem.Login

Host: Intel(R) Core(TM) i7-8550U CPU @ 1.80GHz, 8 cores, 7G,  Windows 11 , 64 bit Build 26100 (10.0.26100.4202)
Time: Sun Jul  6 12:37:27 2025 Bangladesh Standard Time elapsed time: 2.052097 seconds (0d 0h 0m 2s)

---------------  T H R E A D  ---------------

Current thread (0x000002a00df9c060):  JavaThread "Unknown thread" [_thread_in_vm, id=18864, stack(0x000000e925100000,0x000000e925200000) (1024K)]

Stack: [0x000000e925100000,0x000000e925200000]
Native frames: (J=compiled Java code, j=interpreted, Vv=VM code, C=native code)
V  [jvm.dll+0x7410c9]  (no source info available)
V  [jvm.dll+0x97def3]  (no source info available)
V  [jvm.dll+0x98021d]  (no source info available)
V  [jvm.dll+0x980893]  (no source info available)
V  [jvm.dll+0x2b5b16]  (no source info available)
V  [jvm.dll+0x73d535]  (no source info available)
V  [jvm.dll+0x730d0a]  (no source info available)
V  [jvm.dll+0x39ea4a]  (no source info available)
V  [jvm.dll+0x3a6746]  (no source info available)
V  [jvm.dll+0x392fce]  (no source info available)
V  [jvm.dll+0x393288]  (no source info available)
V  [jvm.dll+0x369fcc]  (no source info available)
V  [jvm.dll+0x36ac8d]  (no source info available)
V  [jvm.dll+0x94069f]  (no source info available)
V  [jvm.dll+0x4077ad]  (no source info available)
V  [jvm.dll+0x928b1e]  (no source info available)
V  [jvm.dll+0x4a2c4e]  (no source info available)
V  [jvm.dll+0x4a4b81]  (no source info available)
C  [jli.dll+0x52a1]  (no source info available)
C  [ucrtbase.dll+0x37b0]  (no source info available)
C  [KERNEL32.DLL+0x2e8d7]  (no source info available)
C  [ntdll.dll+0x3c34c]  (no source info available)

Lock stack of current Java thread (top to bottom):


---------------  P R O C E S S  ---------------

Threads class SMR info:
_java_thread_list=0x00007ffdd90dbf58, length=0, elements={
}

Java Threads: ( => current thread )
Total: 0

Other Threads:
  0x000002a0103c0020 WorkerThread "GC Thread#0"                     [id=8976, stack(0x000000e925200000,0x000000e925300000) (1024K)]
  0x000002a0103d4990 ConcurrentGCThread "G1 Main Marker"            [id=2308, stack(0x000000e925300000,0x000000e925400000) (1024K)]
  0x000002a0103d7c50 WorkerThread "G1 Conc#0"                       [id=14044, stack(0x000000e925400000,0x000000e925500000) (1024K)]

[error occurred during error reporting (printing all threads), id 0xc0000005, EXCEPTION_ACCESS_VIOLATION (0xc0000005) at pc=0x00007ffdd874efaa]
VM state: not at safepoint (not fully initialized)

VM Mutex/Monitor currently owned by a thread:  ([mutex/lock_event])
[0x00007ffdd91650c8] Heap_lock - owner thread: 0x000002a00df9c060

Heap address: 0x0000000082600000, size: 2010 MB, Compressed Oops mode: 32-bit

CDS archive(s) mapped at: [0x0000000000000000-0x0000000000000000-0x0000000000000000), size 0, SharedBaseAddress: 0x0000000800000000, ArchiveRelocationMode: 1.
UseCompressedClassPointers 1, UseCompactObjectHeaders 0
Narrow klass pointer bits 32, Max shift 3
Narrow klass base: 0xffffffffffffffff, Narrow klass shift: -1
Encoding Range: [0xffffffffffffffff - 0x000000007fffffff), (2147483648 bytes)
Klass Range:    [0x0000000000000000 - 0x0000000000000000), (0 bytes)
Klass ID Range:  [4294967295 - 0) (1)

GC Precious Log:
 CardTable entry size: 512
 Card Set container configuration: InlinePtr #cards 5 size 8 Array Of Cards #cards 10 size 36 Howl #buckets 4 coarsen threshold 1843 Howl Bitmap #cards 512 size 80 coarsen threshold 460 Card regions per heap region 1 cards per card region 2048

Heap:
 garbage-first heap   total reserved 2058240K, committed 0K, used 0K [0x0000000082600000, 0x0000000100000000)
  region size 1024K, 0 young (0K), 0 survivors (0K)

[error occurred during error reporting (printing heap information), id 0xc0000005, EXCEPTION_ACCESS_VIOLATION (0xc0000005) at pc=0x00007ffdd8b6f8e9]
GC Heap History (0 events):
No events

Dll operation events (1 events):
Event: 0.018 Loaded shared library C:\Program Files\Apache NetBeans\jdk\bin\java.dll

Deoptimization events (0 events):
No events

Classes loaded (0 events):
No events

Classes unloaded (0 events):
No events

Classes redefined (0 events):
No events

Internal exceptions (0 events):
No events

VM Operations (0 events):
No events

Memory protections (0 events):
No events

Nmethod flushes (0 events):
No events

Events (0 events):
No events


Dynamic libraries:
0x00007ff770440000 - 0x00007ff77044e000 	C:\Program Files\Apache NetBeans\jdk\bin\java.exe
0x00007ffe2d000000 - 0x00007ffe2d265000 	C:\WINDOWS\SYSTEM32\ntdll.dll
0x00007ffe2be80000 - 0x00007ffe2bf49000 	C:\WINDOWS\System32\KERNEL32.DLL
0x00007ffe2a350000 - 0x00007ffe2a738000 	C:\WINDOWS\System32\KERNELBASE.dll
0x00007ffe2a770000 - 0x00007ffe2a8bb000 	C:\WINDOWS\System32\ucrtbase.dll
0x00007ffdfb240000 - 0x00007ffdfb256000 	C:\Program Files\Apache NetBeans\jdk\bin\jli.dll
0x00007ffe20e40000 - 0x00007ffe20e5e000 	C:\Program Files\Apache NetBeans\jdk\bin\VCRUNTIME140.dll
0x00007ffe2b910000 - 0x00007ffe2bada000 	C:\WINDOWS\System32\USER32.dll
0x00007ffe2a740000 - 0x00007ffe2a767000 	C:\WINDOWS\System32\win32u.dll
0x00007ffe2cf80000 - 0x00007ffe2cfab000 	C:\WINDOWS\System32\GDI32.dll
0x00007ffe2ac60000 - 0x00007ffe2ad97000 	C:\WINDOWS\System32\gdi32full.dll
0x00007ffe2a150000 - 0x00007ffe2a1f3000 	C:\WINDOWS\System32\msvcp_win.dll
0x00007ffe151b0000 - 0x00007ffe1544a000 	C:\WINDOWS\WinSxS\amd64_microsoft.windows.common-controls_6595b64144ccf1df_6.0.26100.4202_none_3e0698d4e335f517\COMCTL32.dll
0x00007ffe2ced0000 - 0x00007ffe2cf79000 	C:\WINDOWS\System32\msvcrt.dll
0x00007ffe2c990000 - 0x00007ffe2c9c0000 	C:\WINDOWS\System32\IMM32.DLL
0x00007ffe00bb0000 - 0x00007ffe00bbc000 	C:\Program Files\Apache NetBeans\jdk\bin\vcruntime140_1.dll
0x00007ffdf4c00000 - 0x00007ffdf4c8d000 	C:\Program Files\Apache NetBeans\jdk\bin\msvcp140.dll
0x00007ffdd83d0000 - 0x00007ffdd924c000 	C:\Program Files\Apache NetBeans\jdk\bin\server\jvm.dll
0x00007ffe2c9d0000 - 0x00007ffe2ca83000 	C:\WINDOWS\System32\ADVAPI32.dll
0x00007ffe2bdd0000 - 0x00007ffe2be76000 	C:\WINDOWS\System32\sechost.dll
0x00007ffe2cc40000 - 0x00007ffe2cd55000 	C:\WINDOWS\System32\RPCRT4.dll
0x00007ffe2b280000 - 0x00007ffe2b2f4000 	C:\WINDOWS\System32\WS2_32.dll
0x00007ffe28d90000 - 0x00007ffe28dee000 	C:\WINDOWS\SYSTEM32\POWRPROF.dll
0x00007ffe16770000 - 0x00007ffe167a5000 	C:\WINDOWS\SYSTEM32\WINMM.dll
0x00007ffe19730000 - 0x00007ffe1973b000 	C:\WINDOWS\SYSTEM32\VERSION.dll
0x00007ffe28d70000 - 0x00007ffe28d84000 	C:\WINDOWS\SYSTEM32\UMPDC.dll
0x00007ffe29030000 - 0x00007ffe2904b000 	C:\WINDOWS\SYSTEM32\kernel.appcore.dll
0x00007ffdfc8e0000 - 0x00007ffdfc8ea000 	C:\Program Files\Apache NetBeans\jdk\bin\jimage.dll
0x00007ffe27ac0000 - 0x00007ffe27d01000 	C:\WINDOWS\SYSTEM32\DBGHELP.DLL
0x00007ffe2ae70000 - 0x00007ffe2b1f5000 	C:\WINDOWS\System32\combase.dll
0x00007ffe2cd80000 - 0x00007ffe2ce61000 	C:\WINDOWS\System32\OLEAUT32.dll
0x00007ffe07ba0000 - 0x00007ffe07bd9000 	C:\WINDOWS\SYSTEM32\dbgcore.DLL
0x00007ffe2a8c0000 - 0x00007ffe2a959000 	C:\WINDOWS\System32\bcryptPrimitives.dll
0x00007ffdfb730000 - 0x00007ffdfb74e000 	C:\Program Files\Apache NetBeans\jdk\bin\java.dll
0x00007ffe2ca90000 - 0x00007ffe2cc2e000 	C:\WINDOWS\System32\ole32.dll
0x00007ffe2c010000 - 0x00007ffe2c752000 	C:\WINDOWS\System32\SHELL32.dll
0x00007ffe2a960000 - 0x00007ffe2aad4000 	C:\WINDOWS\System32\wintypes.dll

JVMTI agents: none

dbghelp: loaded successfully - version: 4.0.5 - missing functions: none
symbol engine: initialized successfully - sym options: 0x614 - pdb path: .;C:\Program Files\Apache NetBeans\jdk\bin;C:\WINDOWS\SYSTEM32;C:\WINDOWS\WinSxS\amd64_microsoft.windows.common-controls_6595b64144ccf1df_6.0.26100.4202_none_3e0698d4e335f517;C:\Program Files\Apache NetBeans\jdk\bin\server

VM Arguments:
jvm_args: -Dfile.encoding=UTF-8 
java_command: airlinemanagementsystem.Login
java_class_path (initial): C:\Users\USER\Downloads\Airline Management System-20250626T183211Z-1-001\Airline Management System\jcalendar-tz-1.3.3-4.jar;C:\Users\USER\Downloads\Airline Management System-20250626T183211Z-1-001\Airline Management System\mysql-connector-java-8.0.28.jar;C:\Users\USER\Downloads\Airline Management System-20250626T183211Z-1-001\Airline Management System\rs2xml.jar;C:\Users\USER\OneDrive\Desktop\MS Word Work\FINAL\AirlineManagementSystem\build\classes
Launcher Type: SUN_STANDARD

[Global flags]
     intx CICompilerCount                          = 4                                         {product} {ergonomic}
     uint ConcGCThreads                            = 2                                         {product} {ergonomic}
     uint G1ConcRefinementThreads                  = 8                                         {product} {ergonomic}
   size_t G1HeapRegionSize                         = 1048576                                   {product} {ergonomic}
   size_t InitialHeapSize                          = 132120576                                 {product} {ergonomic}
   size_t MarkStackSize                            = 4194304                                   {product} {ergonomic}
   size_t MarkStackSizeMax                         = 536870912                                 {product} {ergonomic}
   size_t MaxHeapSize                              = 2107637760                                {product} {ergonomic}
   size_t MinHeapDeltaBytes                        = 1048576                                   {product} {ergonomic}
   size_t MinHeapSize                              = 8388608                                   {product} {ergonomic}
    uintx NonNMethodCodeHeapSize                   = 5832704                                {pd product} {ergonomic}
    uintx NonProfiledCodeHeapSize                  = 122945536                              {pd product} {ergonomic}
    uintx ProfiledCodeHeapSize                     = 122880000                              {pd product} {ergonomic}
    uintx ReservedCodeCacheSize                    = 251658240                              {pd product} {ergonomic}
     bool SegmentedCodeCache                       = true                                      {product} {ergonomic}
   size_t SoftMaxHeapSize                          = 2107637760                             {manageable} {ergonomic}
     bool UseCompressedOops                        = true                           {product lp64_product} {ergonomic}
     bool UseG1GC                                  = true                                      {product} {ergonomic}
     bool UseLargePagesIndividualAllocation        = false                                  {pd product} {ergonomic}

Logging:
Log output configuration:
 #0: stdout all=warning uptime,level,tags foldmultilines=false
 #1: stderr all=off uptime,level,tags foldmultilines=false

Environment Variables:
PATH=C:\Program Files\Common Files\Oracle\Java\javapath;C:\oraclexe\app\oracle\product\10.2.0\server\bin;C:\WINDOWS\system32;C:\WINDOWS;C:\WINDOWS\System32\Wbem;C:\WINDOWS\System32\WindowsPowerShell\v1.0\;C:\WINDOWS\System32\OpenSSH\;C:\Program Files\MySQL\MySQL Server 8.0\bin;C:\Program Files\Git\cmd;C:\Program Files\Apache NetBeans\jdk\bin;C:\Program Files\MySQL\MySQL Shell 8.0\bin\;C:\MinGW\bin;C:\Users\USER\AppData\Local\Microsoft\WindowsApps;
USERNAME=USER
OS=Windows_NT
PROCESSOR_IDENTIFIER=Intel64 Family 6 Model 142 Stepping 10, GenuineIntel
TMP=C:\Users\USER\AppData\Local\Temp
TEMP=C:\Users\USER\AppData\Local\Temp




Periodic native trim disabled

---------------  S Y S T E M  ---------------

OS:
 Windows 11 , 64 bit Build 26100 (10.0.26100.4202)
OS uptime: 0 days 2:18 hours

CPU: total 8 (initial active 8) (4 cores per cpu, 2 threads per core) family 6 model 142 stepping 10 microcode 0xf6, cx8, cmov, fxsr, ht, mmx, 3dnowpref, sse, sse2, sse3, ssse3, sse4.1, sse4.2, popcnt, lzcnt, tsc, tscinvbit, avx, avx2, aes, erms, clmul, bmi1, bmi2, adx, fma, vzeroupper, clflush, clflushopt, rdtscp, f16c
Processor Information for the first 8 processors :
  Max Mhz: 1992, Current Mhz: 1792, Mhz Limit: 1792

Memory: 4k page, system-wide physical 8035M (1435M free)
TotalPageFile size 20407M (AvailPageFile size 111M)
current process WorkingSet (physical memory assigned to process): 13M, peak: 13M
current process commit charge ("private bytes"): 61M, peak: 186M

vm_info: OpenJDK 64-Bit Server VM (24.0.1+9) for windows-amd64 JRE (24.0.1+9) (Zulu24.30+11-CA), built on 2025-03-21T13:52:34Z with MS VC++ 17.1 (VS2022)

END.
