#
# There is insufficient memory for the Java Runtime Environment to continue.
# Native memory allocation (mmap) failed to map 65536 bytes. Error detail: Failed to commit metaspace.
# Possible reasons:
#   The system is out of physical RAM or swap space
#   This process is running with CompressedOops enabled, and the Java Heap may be blocking the growth of the native heap
# Possible solutions:
#   Reduce memory load on the system
#   Increase physical memory or swap space
#   Check if swap backing store is full
#   Decrease Java heap size (-Xmx/-Xms)
#   Decrease number of Java threads
#   Decrease Java thread stack sizes (-Xss)
#   Set larger code cache with -XX:ReservedCodeCacheSize=
#   JVM is running with Unscaled Compressed Oops mode in which the Java heap is
#     placed in the first 4GB address space. The Java Heap base address is the
#     maximum limit for the native heap growth. Please use -XX:HeapBaseMinAddress
#     to set the Java Heap base and to place the Java Heap above 4GB virtual address.
# This output file may be truncated or incomplete.
#
#  Out of Memory Error (virtualSpaceNode.cpp:113), pid=15920, tid=7496
#
# JRE version: OpenJDK Runtime Environment Zulu24.30+11-CA (24.0.1+9) (build 24.0.1+9)
# Java VM: OpenJDK 64-Bit Server VM Zulu24.30+11-CA (24.0.1+9, mixed mode, tiered, compressed oops, compressed class ptrs, g1 gc, windows-amd64)
# No core dump will be written. Minidumps are not enabled by default on client versions of Windows
#

---------------  S U M M A R Y ------------

Command Line: -Dfile.encoding=UTF-8 airlinemanagementsystem.Login

Host: Intel(R) Core(TM) i7-8550U CPU @ 1.80GHz, 8 cores, 7G,  Windows 11 , 64 bit Build 26100 (10.0.26100.4202)
Time: Sun Jul  6 12:31:32 2025 Bangladesh Standard Time elapsed time: 4.452321 seconds (0d 0h 0m 4s)

---------------  T H R E A D  ---------------

Current thread (0x0000024ab5e5d290):  JavaThread "main"             [_thread_in_vm, id=7496, stack(0x000000d7f8200000,0x000000d7f8300000) (1024K)]

Stack: [0x000000d7f8200000,0x000000d7f8300000]
Native frames: (J=compiled Java code, j=interpreted, Vv=VM code, C=native code)
V  [jvm.dll+0x7410c9]  (no source info available)
V  [jvm.dll+0x97def3]  (no source info available)
V  [jvm.dll+0x98021d]  (no source info available)
V  [jvm.dll+0x980893]  (no source info available)
V  [jvm.dll+0x2b5b16]  (no source info available)
V  [jvm.dll+0x979b6e]  (no source info available)
V  [jvm.dll+0x6db675]  (no source info available)
V  [jvm.dll+0x6db6da]  (no source info available)
V  [jvm.dll+0x6de0d2]  (no source info available)
V  [jvm.dll+0x6dde37]  (no source info available)
V  [jvm.dll+0x25686c]  (no source info available)
V  [jvm.dll+0x6dc098]  (no source info available)
V  [jvm.dll+0x60bdd7]  (no source info available)
V  [jvm.dll+0x23d840]  (no source info available)
V  [jvm.dll+0x23d2ed]  (no source info available)
V  [jvm.dll+0x60e11d]  (no source info available)
V  [jvm.dll+0x24d94d]  (no source info available)
V  [jvm.dll+0x8ed88e]  (no source info available)
V  [jvm.dll+0x8ee9a8]  (no source info available)
V  [jvm.dll+0x8eeee2]  (no source info available)
V  [jvm.dll+0x8eec36]  (no source info available)
V  [jvm.dll+0x29e758]  (no source info available)
V  [jvm.dll+0x420dce]  (no source info available)
C  0x0000024ac835a1cf  (no source info available)

The last pc belongs to new (printed below).
Java frames: (J=compiled Java code, j=interpreted, Vv=VM code)
j  com.sun.beans.util.Cache$Kind.<clinit>()V+26 java.desktop@24.0.1
v  ~StubRoutines::call_stub 0x0000024ac8340fcd
j  javax.swing.text.JTextComponent.<clinit>()V+14 java.desktop@24.0.1
v  ~StubRoutines::call_stub 0x0000024ac8340fcd
j  airlinemanagementsystem.Login.<init>()V+48
j  airlinemanagementsystem.Login.main([Ljava/lang/String;)V+4
v  ~StubRoutines::call_stub 0x0000024ac8340fcd
Lock stack of current Java thread (top to bottom):

new  187 new  [0x0000024ac835a0a0, 0x0000024ac835a258]  440 bytes
[MachCode]
  0x0000024ac835a0a0: 4883 ec08 | c5fa 1104 | 24eb 1f48 | 83ec 10c5 | fb11 0424 | eb14 4883 | ec10 4889 | 0424 48c7 
  0x0000024ac835a0c0: 4424 0800 | 0000 00eb | 0150 410f | b755 010f | cac1 ea10 | 488b 4de8 | 488b 4908 | 488b 4908 
  0x0000024ac835a0e0: 488b 4108 | 807c 1004 | 070f 8583 | 0000 0066 | 8b54 d148 | 488b 4928 | 488b 4cd1 | 0851 80b9 
  0x0000024ac835a100: 4001 0000 | 040f 840d | 0000 004c | 3bb9 4801 | 0000 0f85 | 5900 0000 | 8b51 08f6 | c201 0f85 
  0x0000024ac835a120: 4d00 0000 | 498b 87c8 | 0100 0048 | 8d1c 1049 | 3b9f d801 | 0000 0f87 | 3500 0000 | 4989 9fc8 
  0x0000024ac835a140: 0100 0048 | 83ea 100f | 840f 0000 | 0033 c9c1 | ea03 4889 | 4cd0 0848 | ffca 75f6 | 48c7 0001 
  0x0000024ac835a160: 0000 0059 | 33f6 8970 | 0c89 4808 | e9cb 0000 | 0059 488b | 55e8 488b | 5208 488b | 5208 450f 
  0x0000024ac835a180: b745 0141 | 0fc8 41c1 | e810 e805 | 0000 00e9 | a800 0000 | 488d 4424 | 084c 896d | c049 8bcf 
  0x0000024ac835a1a0: c5f8 7749 | 89af b803 | 0000 4989 | 87a8 0300 | 0048 83ec | 2040 f6c4 | 0f0f 8419 | 0000 0048 
  0x0000024ac835a1c0: 83ec 0848 | b880 0d7f | d8fd 7f00 | 00ff d048 | 83c4 08e9 | 0c00 0000 | 48b8 800d | 7fd8 fd7f 
  0x0000024ac835a1e0: 0000 ffd0 | 4883 c420 | 49c7 87a8 | 0300 0000 | 0000 0049 | c787 b803 | 0000 0000 | 0000 49c7 
  0x0000024ac835a200: 87b0 0300 | 0000 0000 | 00c5 f877 | 4983 7f08 | 000f 8405 | 0000 00e9 | a46c feff | 498b 8700 
  0x0000024ac835a220: 0400 0049 | c787 0004 | 0000 0000 | 0000 4c8b | 6dc0 4c8b | 75c8 4e8d | 74f5 00c3 | 410f b65d 
  0x0000024ac835a240: 0349 83c5 | 0349 ba10 | 9617 d9fd | 7f00 0041 | ff24 da0f | 1f44 0000 
[/MachCode]

---------------  P R O C E S S  ---------------

Threads class SMR info:
_java_thread_list=0x0000024ad5586110, length=14, elements={
0x0000024ab5e5d290, 0x0000024ad52fdc80, 0x0000024ad52ff930, 0x0000024ad530e780,
0x0000024ad53033d0, 0x0000024ad5304a70, 0x0000024ad5306240, 0x0000024ad5321350,
0x0000024ad53452a0, 0x0000024ad54c0dd0, 0x0000024ad54cc070, 0x0000024ad570e160,
0x0000024ad55e7840, 0x0000024ad55e7f80
}

Java Threads: ( => current thread )
=>0x0000024ab5e5d290 JavaThread "main"                              [_thread_in_vm, id=7496, stack(0x000000d7f8200000,0x000000d7f8300000) (1024K)]
  0x0000024ad52fdc80 JavaThread "Reference Handler"          daemon [_thread_blocked, id=18356, stack(0x000000d7f8a00000,0x000000d7f8b00000) (1024K)]
  0x0000024ad52ff930 JavaThread "Finalizer"                  daemon [_thread_blocked, id=14664, stack(0x000000d7f8b00000,0x000000d7f8c00000) (1024K)]
  0x0000024ad530e780 JavaThread "Signal Dispatcher"          daemon [_thread_blocked, id=18676, stack(0x000000d7f8c00000,0x000000d7f8d00000) (1024K)]
  0x0000024ad53033d0 JavaThread "Attach Listener"            daemon [_thread_blocked, id=18228, stack(0x000000d7f8d00000,0x000000d7f8e00000) (1024K)]
  0x0000024ad5304a70 JavaThread "Service Thread"             daemon [_thread_blocked, id=13188, stack(0x000000d7f8e00000,0x000000d7f8f00000) (1024K)]
  0x0000024ad5306240 JavaThread "Monitor Deflation Thread"   daemon [_thread_blocked, id=12888, stack(0x000000d7f8f00000,0x000000d7f9000000) (1024K)]
  0x0000024ad5321350 JavaThread "C2 CompilerThread0"         daemon [_thread_blocked, id=17564, stack(0x000000d7f9000000,0x000000d7f9100000) (1024K)]
  0x0000024ad53452a0 JavaThread "C1 CompilerThread0"         daemon [_thread_blocked, id=18760, stack(0x000000d7f9100000,0x000000d7f9200000) (1024K)]
  0x0000024ad54c0dd0 JavaThread "Notification Thread"        daemon [_thread_blocked, id=18180, stack(0x000000d7f9200000,0x000000d7f9300000) (1024K)]
  0x0000024ad54cc070 JavaThread "Common-Cleaner"             daemon [_thread_blocked, id=4124, stack(0x000000d7f9300000,0x000000d7f9400000) (1024K)]
  0x0000024ad570e160 JavaThread "Java2D Disposer"            daemon [_thread_blocked, id=13888, stack(0x000000d7f9400000,0x000000d7f9500000) (1024K)]
  0x0000024ad55e7840 JavaThread "AWT-Shutdown"                      [_thread_in_vm, id=2416, stack(0x000000d7f9500000,0x000000d7f9600000) (1024K)]
  0x0000024ad55e7f80 JavaThread "AWT-Windows"                daemon [_thread_in_native, id=1276, stack(0x000000d7f9600000,0x000000d7f9700000) (1024K)]
Total: 14

Other Threads:
  0x0000024ad52be360 VMThread "VM Thread"                           [id=17308, stack(0x000000d7f8900000,0x000000d7f8a00000) (1024K)]
  0x0000024ad5288040 WatcherThread "VM Periodic Task Thread"        [id=18956, stack(0x000000d7f8800000,0x000000d7f8900000) (1024K)]
  0x0000024ab8360230 WorkerThread "GC Thread#0"                     [id=19132, stack(0x000000d7f8300000,0x000000d7f8400000) (1024K)]
  0x0000024ab8374ba0 ConcurrentGCThread "G1 Main Marker"            [id=9588, stack(0x000000d7f8400000,0x000000d7f8500000) (1024K)]
  0x0000024ab83764b0 WorkerThread "G1 Conc#0"                       [id=18936, stack(0x000000d7f8500000,0x000000d7f8600000) (1024K)]
  0x0000024ad515a120 ConcurrentGCThread "G1 Refine#0"               [id=17080, stack(0x000000d7f8600000,0x000000d7f8700000) (1024K)]
  0x0000024ad515a950 ConcurrentGCThread "G1 Service"                [id=308, stack(0x000000d7f8700000,0x000000d7f8800000) (1024K)]
Total: 7

Threads with active compile tasks:
Total: 0

VM state: not at safepoint (normal execution)

VM Mutex/Monitor currently owned by a thread:  ([mutex/lock_event])
[0x00007ffdd9162fc8] Metaspace_lock - owner thread: 0x0000024ab5e5d290

Heap address: 0x0000000082600000, size: 2010 MB, Compressed Oops mode: 32-bit

CDS archive(s) not mapped
Compressed class space mapped at: 0x000000002f000000-0x000000006f000000, reserved size: 1073741824
UseCompressedClassPointers 1, UseCompactObjectHeaders 0
Narrow klass pointer bits 32, Max shift 3
Narrow klass base: 0x0000000000000000, Narrow klass shift: 0
Encoding Range: [0x0000000000000000 - 0x0000000100000000), (4294967296 bytes)
Klass Range:    [0x000000002f000000 - 0x000000006f000000), (1073741824 bytes)
Klass ID Range:  [788529152 - 1862270969) (1073741817)

GC Precious Log:
 CardTable entry size: 512
 Card Set container configuration: InlinePtr #cards 5 size 8 Array Of Cards #cards 10 size 36 Howl #buckets 4 coarsen threshold 1843 Howl Bitmap #cards 512 size 80 coarsen threshold 460 Card regions per heap region 1 cards per card region 2048
 CPUs: 8 total, 8 available
 Memory: 8035M
 Large Page Support: Disabled
 NUMA Support: Disabled
 Compressed Oops: Enabled (32-bit)
 Heap Region Size: 1M
 Heap Min Capacity: 8M
 Heap Initial Capacity: 126M
 Heap Max Capacity: 2010M
 Pre-touch: Disabled
 Parallel Workers: 8
 Concurrent Workers: 2
 Concurrent Refinement Workers: 8
 Periodic GC: Disabled

Heap:
 garbage-first heap   total reserved 2058240K, committed 129024K, used 7168K [0x0000000082600000, 0x0000000100000000)
  region size 1024K, 8 young (8192K), 0 survivors (0K)
 Metaspace       used 11675K, committed 11840K, reserved 1114112K
  class space    used 870K, committed 960K, reserved 1048576K

Heap Regions: E=young(eden), S=young(survivor), O=old, HS=humongous(starts), HC=humongous(continues), CS=collection set, F=free, TAMS=top-at-mark-start, PB=parsable bottom
|   0|0x0000000082600000, 0x0000000082600000, 0x0000000082700000|  0%| F|  |TAMS 0x0000000082600000| PB 0x0000000082600000| Untracked |  0
|   1|0x0000000082700000, 0x0000000082700000, 0x0000000082800000|  0%| F|  |TAMS 0x0000000082700000| PB 0x0000000082700000| Untracked |  0
|   2|0x0000000082800000, 0x0000000082800000, 0x0000000082900000|  0%| F|  |TAMS 0x0000000082800000| PB 0x0000000082800000| Untracked |  0
|   3|0x0000000082900000, 0x0000000082900000, 0x0000000082a00000|  0%| F|  |TAMS 0x0000000082900000| PB 0x0000000082900000| Untracked |  0
|   4|0x0000000082a00000, 0x0000000082a00000, 0x0000000082b00000|  0%| F|  |TAMS 0x0000000082a00000| PB 0x0000000082a00000| Untracked |  0
|   5|0x0000000082b00000, 0x0000000082b00000, 0x0000000082c00000|  0%| F|  |TAMS 0x0000000082b00000| PB 0x0000000082b00000| Untracked |  0
|   6|0x0000000082c00000, 0x0000000082c00000, 0x0000000082d00000|  0%| F|  |TAMS 0x0000000082c00000| PB 0x0000000082c00000| Untracked |  0
|   7|0x0000000082d00000, 0x0000000082d00000, 0x0000000082e00000|  0%| F|  |TAMS 0x0000000082d00000| PB 0x0000000082d00000| Untracked |  0
|   8|0x0000000082e00000, 0x0000000082e00000, 0x0000000082f00000|  0%| F|  |TAMS 0x0000000082e00000| PB 0x0000000082e00000| Untracked |  0
|   9|0x0000000082f00000, 0x0000000082f00000, 0x0000000083000000|  0%| F|  |TAMS 0x0000000082f00000| PB 0x0000000082f00000| Untracked |  0
|  10|0x0000000083000000, 0x0000000083000000, 0x0000000083100000|  0%| F|  |TAMS 0x0000000083000000| PB 0x0000000083000000| Untracked |  0
|  11|0x0000000083100000, 0x0000000083100000, 0x0000000083200000|  0%| F|  |TAMS 0x0000000083100000| PB 0x0000000083100000| Untracked |  0
|  12|0x0000000083200000, 0x0000000083200000, 0x0000000083300000|  0%| F|  |TAMS 0x0000000083200000| PB 0x0000000083200000| Untracked |  0
|  13|0x0000000083300000, 0x0000000083300000, 0x0000000083400000|  0%| F|  |TAMS 0x0000000083300000| PB 0x0000000083300000| Untracked |  0
|  14|0x0000000083400000, 0x0000000083400000, 0x0000000083500000|  0%| F|  |TAMS 0x0000000083400000| PB 0x0000000083400000| Untracked |  0
|  15|0x0000000083500000, 0x0000000083500000, 0x0000000083600000|  0%| F|  |TAMS 0x0000000083500000| PB 0x0000000083500000| Untracked |  0
|  16|0x0000000083600000, 0x0000000083600000, 0x0000000083700000|  0%| F|  |TAMS 0x0000000083600000| PB 0x0000000083600000| Untracked |  0
|  17|0x0000000083700000, 0x0000000083700000, 0x0000000083800000|  0%| F|  |TAMS 0x0000000083700000| PB 0x0000000083700000| Untracked |  0
|  18|0x0000000083800000, 0x0000000083800000, 0x0000000083900000|  0%| F|  |TAMS 0x0000000083800000| PB 0x0000000083800000| Untracked |  0
|  19|0x0000000083900000, 0x0000000083900000, 0x0000000083a00000|  0%| F|  |TAMS 0x0000000083900000| PB 0x0000000083900000| Untracked |  0
|  20|0x0000000083a00000, 0x0000000083a00000, 0x0000000083b00000|  0%| F|  |TAMS 0x0000000083a00000| PB 0x0000000083a00000| Untracked |  0
|  21|0x0000000083b00000, 0x0000000083b00000, 0x0000000083c00000|  0%| F|  |TAMS 0x0000000083b00000| PB 0x0000000083b00000| Untracked |  0
|  22|0x0000000083c00000, 0x0000000083c00000, 0x0000000083d00000|  0%| F|  |TAMS 0x0000000083c00000| PB 0x0000000083c00000| Untracked |  0
|  23|0x0000000083d00000, 0x0000000083d00000, 0x0000000083e00000|  0%| F|  |TAMS 0x0000000083d00000| PB 0x0000000083d00000| Untracked |  0
|  24|0x0000000083e00000, 0x0000000083e00000, 0x0000000083f00000|  0%| F|  |TAMS 0x0000000083e00000| PB 0x0000000083e00000| Untracked |  0
|  25|0x0000000083f00000, 0x0000000083f00000, 0x0000000084000000|  0%| F|  |TAMS 0x0000000083f00000| PB 0x0000000083f00000| Untracked |  0
|  26|0x0000000084000000, 0x0000000084000000, 0x0000000084100000|  0%| F|  |TAMS 0x0000000084000000| PB 0x0000000084000000| Untracked |  0
|  27|0x0000000084100000, 0x0000000084100000, 0x0000000084200000|  0%| F|  |TAMS 0x0000000084100000| PB 0x0000000084100000| Untracked |  0
|  28|0x0000000084200000, 0x0000000084200000, 0x0000000084300000|  0%| F|  |TAMS 0x0000000084200000| PB 0x0000000084200000| Untracked |  0
|  29|0x0000000084300000, 0x0000000084300000, 0x0000000084400000|  0%| F|  |TAMS 0x0000000084300000| PB 0x0000000084300000| Untracked |  0
|  30|0x0000000084400000, 0x0000000084400000, 0x0000000084500000|  0%| F|  |TAMS 0x0000000084400000| PB 0x0000000084400000| Untracked |  0
|  31|0x0000000084500000, 0x0000000084500000, 0x0000000084600000|  0%| F|  |TAMS 0x0000000084500000| PB 0x0000000084500000| Untracked |  0
|  32|0x0000000084600000, 0x0000000084600000, 0x0000000084700000|  0%| F|  |TAMS 0x0000000084600000| PB 0x0000000084600000| Untracked |  0
|  33|0x0000000084700000, 0x0000000084700000, 0x0000000084800000|  0%| F|  |TAMS 0x0000000084700000| PB 0x0000000084700000| Untracked |  0
|  34|0x0000000084800000, 0x0000000084800000, 0x0000000084900000|  0%| F|  |TAMS 0x0000000084800000| PB 0x0000000084800000| Untracked |  0
|  35|0x0000000084900000, 0x0000000084900000, 0x0000000084a00000|  0%| F|  |TAMS 0x0000000084900000| PB 0x0000000084900000| Untracked |  0
|  36|0x0000000084a00000, 0x0000000084a00000, 0x0000000084b00000|  0%| F|  |TAMS 0x0000000084a00000| PB 0x0000000084a00000| Untracked |  0
|  37|0x0000000084b00000, 0x0000000084b00000, 0x0000000084c00000|  0%| F|  |TAMS 0x0000000084b00000| PB 0x0000000084b00000| Untracked |  0
|  38|0x0000000084c00000, 0x0000000084c00000, 0x0000000084d00000|  0%| F|  |TAMS 0x0000000084c00000| PB 0x0000000084c00000| Untracked |  0
|  39|0x0000000084d00000, 0x0000000084d00000, 0x0000000084e00000|  0%| F|  |TAMS 0x0000000084d00000| PB 0x0000000084d00000| Untracked |  0
|  40|0x0000000084e00000, 0x0000000084e00000, 0x0000000084f00000|  0%| F|  |TAMS 0x0000000084e00000| PB 0x0000000084e00000| Untracked |  0
|  41|0x0000000084f00000, 0x0000000084f00000, 0x0000000085000000|  0%| F|  |TAMS 0x0000000084f00000| PB 0x0000000084f00000| Untracked |  0
|  42|0x0000000085000000, 0x0000000085000000, 0x0000000085100000|  0%| F|  |TAMS 0x0000000085000000| PB 0x0000000085000000| Untracked |  0
|  43|0x0000000085100000, 0x0000000085100000, 0x0000000085200000|  0%| F|  |TAMS 0x0000000085100000| PB 0x0000000085100000| Untracked |  0
|  44|0x0000000085200000, 0x0000000085200000, 0x0000000085300000|  0%| F|  |TAMS 0x0000000085200000| PB 0x0000000085200000| Untracked |  0
|  45|0x0000000085300000, 0x0000000085300000, 0x0000000085400000|  0%| F|  |TAMS 0x0000000085300000| PB 0x0000000085300000| Untracked |  0
|  46|0x0000000085400000, 0x0000000085400000, 0x0000000085500000|  0%| F|  |TAMS 0x0000000085400000| PB 0x0000000085400000| Untracked |  0
|  47|0x0000000085500000, 0x0000000085500000, 0x0000000085600000|  0%| F|  |TAMS 0x0000000085500000| PB 0x0000000085500000| Untracked |  0
|  48|0x0000000085600000, 0x0000000085600000, 0x0000000085700000|  0%| F|  |TAMS 0x0000000085600000| PB 0x0000000085600000| Untracked |  0
|  49|0x0000000085700000, 0x0000000085700000, 0x0000000085800000|  0%| F|  |TAMS 0x0000000085700000| PB 0x0000000085700000| Untracked |  0
|  50|0x0000000085800000, 0x0000000085800000, 0x0000000085900000|  0%| F|  |TAMS 0x0000000085800000| PB 0x0000000085800000| Untracked |  0
|  51|0x0000000085900000, 0x0000000085900000, 0x0000000085a00000|  0%| F|  |TAMS 0x0000000085900000| PB 0x0000000085900000| Untracked |  0
|  52|0x0000000085a00000, 0x0000000085a00000, 0x0000000085b00000|  0%| F|  |TAMS 0x0000000085a00000| PB 0x0000000085a00000| Untracked |  0
|  53|0x0000000085b00000, 0x0000000085b00000, 0x0000000085c00000|  0%| F|  |TAMS 0x0000000085b00000| PB 0x0000000085b00000| Untracked |  0
|  54|0x0000000085c00000, 0x0000000085c00000, 0x0000000085d00000|  0%| F|  |TAMS 0x0000000085c00000| PB 0x0000000085c00000| Untracked |  0
|  55|0x0000000085d00000, 0x0000000085d00000, 0x0000000085e00000|  0%| F|  |TAMS 0x0000000085d00000| PB 0x0000000085d00000| Untracked |  0
|  56|0x0000000085e00000, 0x0000000085e00000, 0x0000000085f00000|  0%| F|  |TAMS 0x0000000085e00000| PB 0x0000000085e00000| Untracked |  0
|  57|0x0000000085f00000, 0x0000000085f00000, 0x0000000086000000|  0%| F|  |TAMS 0x0000000085f00000| PB 0x0000000085f00000| Untracked |  0
|  58|0x0000000086000000, 0x0000000086000000, 0x0000000086100000|  0%| F|  |TAMS 0x0000000086000000| PB 0x0000000086000000| Untracked |  0
|  59|0x0000000086100000, 0x0000000086100000, 0x0000000086200000|  0%| F|  |TAMS 0x0000000086100000| PB 0x0000000086100000| Untracked |  0
|  60|0x0000000086200000, 0x0000000086200000, 0x0000000086300000|  0%| F|  |TAMS 0x0000000086200000| PB 0x0000000086200000| Untracked |  0
|  61|0x0000000086300000, 0x0000000086300000, 0x0000000086400000|  0%| F|  |TAMS 0x0000000086300000| PB 0x0000000086300000| Untracked |  0
|  62|0x0000000086400000, 0x0000000086400000, 0x0000000086500000|  0%| F|  |TAMS 0x0000000086400000| PB 0x0000000086400000| Untracked |  0
|  63|0x0000000086500000, 0x0000000086500000, 0x0000000086600000|  0%| F|  |TAMS 0x0000000086500000| PB 0x0000000086500000| Untracked |  0
|  64|0x0000000086600000, 0x0000000086600000, 0x0000000086700000|  0%| F|  |TAMS 0x0000000086600000| PB 0x0000000086600000| Untracked |  0
|  65|0x0000000086700000, 0x0000000086700000, 0x0000000086800000|  0%| F|  |TAMS 0x0000000086700000| PB 0x0000000086700000| Untracked |  0
|  66|0x0000000086800000, 0x0000000086800000, 0x0000000086900000|  0%| F|  |TAMS 0x0000000086800000| PB 0x0000000086800000| Untracked |  0
|  67|0x0000000086900000, 0x0000000086900000, 0x0000000086a00000|  0%| F|  |TAMS 0x0000000086900000| PB 0x0000000086900000| Untracked |  0
|  68|0x0000000086a00000, 0x0000000086a00000, 0x0000000086b00000|  0%| F|  |TAMS 0x0000000086a00000| PB 0x0000000086a00000| Untracked |  0
|  69|0x0000000086b00000, 0x0000000086b00000, 0x0000000086c00000|  0%| F|  |TAMS 0x0000000086b00000| PB 0x0000000086b00000| Untracked |  0
|  70|0x0000000086c00000, 0x0000000086c00000, 0x0000000086d00000|  0%| F|  |TAMS 0x0000000086c00000| PB 0x0000000086c00000| Untracked |  0
|  71|0x0000000086d00000, 0x0000000086d00000, 0x0000000086e00000|  0%| F|  |TAMS 0x0000000086d00000| PB 0x0000000086d00000| Untracked |  0
|  72|0x0000000086e00000, 0x0000000086e00000, 0x0000000086f00000|  0%| F|  |TAMS 0x0000000086e00000| PB 0x0000000086e00000| Untracked |  0
|  73|0x0000000086f00000, 0x0000000086f00000, 0x0000000087000000|  0%| F|  |TAMS 0x0000000086f00000| PB 0x0000000086f00000| Untracked |  0
|  74|0x0000000087000000, 0x0000000087000000, 0x0000000087100000|  0%| F|  |TAMS 0x0000000087000000| PB 0x0000000087000000| Untracked |  0
|  75|0x0000000087100000, 0x0000000087100000, 0x0000000087200000|  0%| F|  |TAMS 0x0000000087100000| PB 0x0000000087100000| Untracked |  0
|  76|0x0000000087200000, 0x0000000087200000, 0x0000000087300000|  0%| F|  |TAMS 0x0000000087200000| PB 0x0000000087200000| Untracked |  0
|  77|0x0000000087300000, 0x0000000087300000, 0x0000000087400000|  0%| F|  |TAMS 0x0000000087300000| PB 0x0000000087300000| Untracked |  0
|  78|0x0000000087400000, 0x0000000087400000, 0x0000000087500000|  0%| F|  |TAMS 0x0000000087400000| PB 0x0000000087400000| Untracked |  0
|  79|0x0000000087500000, 0x0000000087500000, 0x0000000087600000|  0%| F|  |TAMS 0x0000000087500000| PB 0x0000000087500000| Untracked |  0
|  80|0x0000000087600000, 0x0000000087600000, 0x0000000087700000|  0%| F|  |TAMS 0x0000000087600000| PB 0x0000000087600000| Untracked |  0
|  81|0x0000000087700000, 0x0000000087700000, 0x0000000087800000|  0%| F|  |TAMS 0x0000000087700000| PB 0x0000000087700000| Untracked |  0
|  82|0x0000000087800000, 0x0000000087800000, 0x0000000087900000|  0%| F|  |TAMS 0x0000000087800000| PB 0x0000000087800000| Untracked |  0
|  83|0x0000000087900000, 0x0000000087900000, 0x0000000087a00000|  0%| F|  |TAMS 0x0000000087900000| PB 0x0000000087900000| Untracked |  0
|  84|0x0000000087a00000, 0x0000000087a00000, 0x0000000087b00000|  0%| F|  |TAMS 0x0000000087a00000| PB 0x0000000087a00000| Untracked |  0
|  85|0x0000000087b00000, 0x0000000087b00000, 0x0000000087c00000|  0%| F|  |TAMS 0x0000000087b00000| PB 0x0000000087b00000| Untracked |  0
|  86|0x0000000087c00000, 0x0000000087c00000, 0x0000000087d00000|  0%| F|  |TAMS 0x0000000087c00000| PB 0x0000000087c00000| Untracked |  0
|  87|0x0000000087d00000, 0x0000000087d00000, 0x0000000087e00000|  0%| F|  |TAMS 0x0000000087d00000| PB 0x0000000087d00000| Untracked |  0
|  88|0x0000000087e00000, 0x0000000087e00000, 0x0000000087f00000|  0%| F|  |TAMS 0x0000000087e00000| PB 0x0000000087e00000| Untracked |  0
|  89|0x0000000087f00000, 0x0000000087f00000, 0x0000000088000000|  0%| F|  |TAMS 0x0000000087f00000| PB 0x0000000087f00000| Untracked |  0
|  90|0x0000000088000000, 0x0000000088000000, 0x0000000088100000|  0%| F|  |TAMS 0x0000000088000000| PB 0x0000000088000000| Untracked |  0
|  91|0x0000000088100000, 0x0000000088100000, 0x0000000088200000|  0%| F|  |TAMS 0x0000000088100000| PB 0x0000000088100000| Untracked |  0
|  92|0x0000000088200000, 0x0000000088200000, 0x0000000088300000|  0%| F|  |TAMS 0x0000000088200000| PB 0x0000000088200000| Untracked |  0
|  93|0x0000000088300000, 0x0000000088300000, 0x0000000088400000|  0%| F|  |TAMS 0x0000000088300000| PB 0x0000000088300000| Untracked |  0
|  94|0x0000000088400000, 0x0000000088400000, 0x0000000088500000|  0%| F|  |TAMS 0x0000000088400000| PB 0x0000000088400000| Untracked |  0
|  95|0x0000000088500000, 0x0000000088500000, 0x0000000088600000|  0%| F|  |TAMS 0x0000000088500000| PB 0x0000000088500000| Untracked |  0
|  96|0x0000000088600000, 0x0000000088600000, 0x0000000088700000|  0%| F|  |TAMS 0x0000000088600000| PB 0x0000000088600000| Untracked |  0
|  97|0x0000000088700000, 0x0000000088700000, 0x0000000088800000|  0%| F|  |TAMS 0x0000000088700000| PB 0x0000000088700000| Untracked |  0
|  98|0x0000000088800000, 0x0000000088800000, 0x0000000088900000|  0%| F|  |TAMS 0x0000000088800000| PB 0x0000000088800000| Untracked |  0
|  99|0x0000000088900000, 0x0000000088900000, 0x0000000088a00000|  0%| F|  |TAMS 0x0000000088900000| PB 0x0000000088900000| Untracked |  0
| 100|0x0000000088a00000, 0x0000000088a00000, 0x0000000088b00000|  0%| F|  |TAMS 0x0000000088a00000| PB 0x0000000088a00000| Untracked |  0
| 101|0x0000000088b00000, 0x0000000088b00000, 0x0000000088c00000|  0%| F|  |TAMS 0x0000000088b00000| PB 0x0000000088b00000| Untracked |  0
| 102|0x0000000088c00000, 0x0000000088c00000, 0x0000000088d00000|  0%| F|  |TAMS 0x0000000088c00000| PB 0x0000000088c00000| Untracked |  0
| 103|0x0000000088d00000, 0x0000000088d00000, 0x0000000088e00000|  0%| F|  |TAMS 0x0000000088d00000| PB 0x0000000088d00000| Untracked |  0
| 104|0x0000000088e00000, 0x0000000088e00000, 0x0000000088f00000|  0%| F|  |TAMS 0x0000000088e00000| PB 0x0000000088e00000| Untracked |  0
| 105|0x0000000088f00000, 0x0000000088f00000, 0x0000000089000000|  0%| F|  |TAMS 0x0000000088f00000| PB 0x0000000088f00000| Untracked |  0
| 106|0x0000000089000000, 0x0000000089000000, 0x0000000089100000|  0%| F|  |TAMS 0x0000000089000000| PB 0x0000000089000000| Untracked |  0
| 107|0x0000000089100000, 0x0000000089100000, 0x0000000089200000|  0%| F|  |TAMS 0x0000000089100000| PB 0x0000000089100000| Untracked |  0
| 108|0x0000000089200000, 0x0000000089200000, 0x0000000089300000|  0%| F|  |TAMS 0x0000000089200000| PB 0x0000000089200000| Untracked |  0
| 109|0x0000000089300000, 0x0000000089300000, 0x0000000089400000|  0%| F|  |TAMS 0x0000000089300000| PB 0x0000000089300000| Untracked |  0
| 110|0x0000000089400000, 0x0000000089400000, 0x0000000089500000|  0%| F|  |TAMS 0x0000000089400000| PB 0x0000000089400000| Untracked |  0
| 111|0x0000000089500000, 0x0000000089500000, 0x0000000089600000|  0%| F|  |TAMS 0x0000000089500000| PB 0x0000000089500000| Untracked |  0
| 112|0x0000000089600000, 0x0000000089600000, 0x0000000089700000|  0%| F|  |TAMS 0x0000000089600000| PB 0x0000000089600000| Untracked |  0
| 113|0x0000000089700000, 0x0000000089700000, 0x0000000089800000|  0%| F|  |TAMS 0x0000000089700000| PB 0x0000000089700000| Untracked |  0
| 114|0x0000000089800000, 0x0000000089800000, 0x0000000089900000|  0%| F|  |TAMS 0x0000000089800000| PB 0x0000000089800000| Untracked |  0
| 115|0x0000000089900000, 0x0000000089900000, 0x0000000089a00000|  0%| F|  |TAMS 0x0000000089900000| PB 0x0000000089900000| Untracked |  0
| 116|0x0000000089a00000, 0x0000000089a00000, 0x0000000089b00000|  0%| F|  |TAMS 0x0000000089a00000| PB 0x0000000089a00000| Untracked |  0
| 117|0x0000000089b00000, 0x0000000089b00000, 0x0000000089c00000|  0%| F|  |TAMS 0x0000000089b00000| PB 0x0000000089b00000| Untracked |  0
| 118|0x0000000089c00000, 0x0000000089c84010, 0x0000000089d00000| 51%| E|  |TAMS 0x0000000089c00000| PB 0x0000000089c00000| Complete |  0
| 119|0x0000000089d00000, 0x0000000089e00000, 0x0000000089e00000|100%| E|CS|TAMS 0x0000000089d00000| PB 0x0000000089d00000| Complete |  0
| 120|0x0000000089e00000, 0x0000000089f00000, 0x0000000089f00000|100%| E|CS|TAMS 0x0000000089e00000| PB 0x0000000089e00000| Complete |  0
| 121|0x0000000089f00000, 0x000000008a000000, 0x000000008a000000|100%| E|CS|TAMS 0x0000000089f00000| PB 0x0000000089f00000| Complete |  0
| 122|0x000000008a000000, 0x000000008a100000, 0x000000008a100000|100%| E|CS|TAMS 0x000000008a000000| PB 0x000000008a000000| Complete |  0
| 123|0x000000008a100000, 0x000000008a200000, 0x000000008a200000|100%| E|CS|TAMS 0x000000008a100000| PB 0x000000008a100000| Complete |  0
| 124|0x000000008a200000, 0x000000008a300000, 0x000000008a300000|100%| E|CS|TAMS 0x000000008a200000| PB 0x000000008a200000| Complete |  0
| 125|0x000000008a300000, 0x000000008a400000, 0x000000008a400000|100%| E|CS|TAMS 0x000000008a300000| PB 0x000000008a300000| Complete |  0

Card table byte_map: [0x0000024ad0530000,0x0000024ad0920000] _byte_map_base: 0x0000024ad011d000

Marking Bits: (CMBitMap*) 0x0000024ab8360850
 Bits: [0x0000024ad0920000, 0x0000024ad2888000)

Polling page: 0x0000024ab60c0000

Metaspace:

Usage:
  Non-class:     10.55 MB used.
      Class:    870.58 KB used.
       Both:     11.40 MB used.

Virtual space:
  Non-class space:       64.00 MB reserved,      10.62 MB ( 17%) committed,  1 nodes.
      Class space:        1.00 GB reserved,     960.00 KB ( <1%) committed,  1 nodes.
             Both:        1.06 GB reserved,      11.56 MB (  1%) committed. 

Chunk freelists:
   Non-Class:  4.99 MB
       Class:  15.10 MB
        Both:  20.09 MB

MaxMetaspaceSize: unlimited
CompressedClassSpaceSize: 1.00 GB
Initial GC threshold: 21.00 MB
Current GC threshold: 21.00 MB
CDS: off
 - commit_granule_bytes: 65536.
 - commit_granule_words: 8192.
 - virtual_space_node_default_size: 8388608.
 - enlarge_chunks_in_place: 1.
UseCompressedClassPointers 1, UseCompactObjectHeaders 0
Narrow klass pointer bits 32, Max shift 3
Narrow klass base: 0x0000000000000000, Narrow klass shift: 0
Encoding Range: [0x0000000000000000 - 0x0000000100000000), (4294967296 bytes)
Klass Range:    [0x000000002f000000 - 0x000000006f000000), (1073741824 bytes)
Klass ID Range:  [788529152 - 1862270969) (1073741817)


Internal statistics:

num_allocs_failed_limit: 0.
num_arena_births: 54.
num_arena_deaths: 0.
num_vsnodes_births: 2.
num_vsnodes_deaths: 0.
num_space_committed: 185.
num_space_uncommitted: 0.
num_chunks_returned_to_freelist: 0.
num_chunks_taken_from_freelist: 89.
num_chunk_merges: 0.
num_chunk_splits: 46.
num_chunks_enlarged: 25.
num_inconsistent_stats: 0.

CodeHeap 'non-profiled nmethods': size=120064Kb used=136Kb max_used=136Kb free=119927Kb
 bounds [0x0000024ac88d0000, 0x0000024ac8b40000, 0x0000024acfe10000]
CodeHeap 'profiled nmethods': size=120000Kb used=702Kb max_used=702Kb free=119297Kb
 bounds [0x0000024ac0e10000, 0x0000024ac1080000, 0x0000024ac8340000]
CodeHeap 'non-nmethods': size=5696Kb used=1337Kb max_used=1340Kb free=4358Kb
 bounds [0x0000024ac8340000, 0x0000024ac85b0000, 0x0000024ac88d0000]
CodeCache: size=245760Kb, used=2175Kb, max_used=2178Kb, free=243582Kb
 total_blobs=1038, nmethods=530, adapters=414, full_count=0
Compilation: enabled, stopped_count=0, restarted_count=0

Compilation events (20 events):
Event: 2.442 Thread 0x0000024ad53452a0  518       3       java.lang.ref.SoftReference::get (29 bytes)
Event: 2.442 Thread 0x0000024ad53452a0 nmethod 518 0x0000024ac0eba288 code [0x0000024ac0eba3a0, 0x0000024ac0eba558]
Event: 2.442 Thread 0x0000024ad53452a0  519       3       java.lang.String::endsWith (15 bytes)
Event: 2.442 Thread 0x0000024ad53452a0 nmethod 519 0x0000024ac0eba588 code [0x0000024ac0eba6e0, 0x0000024ac0ebac48]
Event: 2.445 Thread 0x0000024ad53452a0  521       3       java.lang.invoke.MethodTypeForm::findForm (24 bytes)
Event: 2.446 Thread 0x0000024ad53452a0 nmethod 521 0x0000024ac0ebac88 code [0x0000024ac0ebadc0, 0x0000024ac0ebb068]
Event: 2.446 Thread 0x0000024ad53452a0  522       3       java.lang.invoke.MethodTypeForm::canonicalize (59 bytes)
Event: 2.446 Thread 0x0000024ad53452a0 nmethod 522 0x0000024ac0ebb088 code [0x0000024ac0ebb1e0, 0x0000024ac0ebb5b0]
Event: 2.446 Thread 0x0000024ad53452a0  523       3       jdk.internal.util.ReferencedKeySet::intern (9 bytes)
Event: 2.446 Thread 0x0000024ad53452a0 nmethod 523 0x0000024ac0ebb608 code [0x0000024ac0ebb740, 0x0000024ac0ebb958]
Event: 2.446 Thread 0x0000024ad53452a0  524       3       jdk.internal.util.ReferencedKeyMap::intern (18 bytes)
Event: 2.447 Thread 0x0000024ad53452a0 nmethod 524 0x0000024ac0ebb988 code [0x0000024ac0ebbba0, 0x0000024ac0ebc920]
Event: 2.447 Thread 0x0000024ad53452a0  525       3       jdk.internal.util.ReferencedKeyMap::existingKey (32 bytes)
Event: 2.447 Thread 0x0000024ad53452a0 nmethod 525 0x0000024ac0ebc988 code [0x0000024ac0ebcba0, 0x0000024ac0ebda98]
Event: 2.447 Thread 0x0000024ad53452a0  529       1       java.lang.reflect.Field::getName (5 bytes)
Event: 2.447 Thread 0x0000024ad53452a0 nmethod 529 0x0000024ac88f1d88 code [0x0000024ac88f1e80, 0x0000024ac88f1f48]
Event: 2.447 Thread 0x0000024ad53452a0  526       3       jdk.internal.util.ReferencedKeyMap::internKey (57 bytes)
Event: 2.447 Thread 0x0000024ad53452a0 nmethod 526 0x0000024ac0ebdb08 code [0x0000024ac0ebdd40, 0x0000024ac0ebebe8]
Event: 2.448 Thread 0x0000024ad53452a0  530   !   3       sun.awt.AppContext::get (123 bytes)
Event: 2.448 Thread 0x0000024ad53452a0 nmethod 530 0x0000024ac0ebec88 code [0x0000024ac0ebee20, 0x0000024ac0ebf958]

GC Heap History (0 events):
No events

Dll operation events (7 events):
Event: 0.012 Loaded shared library C:\Program Files\Apache NetBeans\jdk\bin\java.dll
Event: 2.119 Loaded shared library C:\Program Files\Apache NetBeans\jdk\bin\jsvml.dll
Event: 2.183 Loaded shared library C:\Program Files\Apache NetBeans\jdk\bin\net.dll
Event: 2.185 Loaded shared library C:\Program Files\Apache NetBeans\jdk\bin\nio.dll
Event: 2.200 Loaded shared library C:\Program Files\Apache NetBeans\jdk\bin\zip.dll
Event: 2.280 Loaded shared library C:\Program Files\Apache NetBeans\jdk\bin\jimage.dll
Event: 2.300 Loaded shared library C:\Program Files\Apache NetBeans\jdk\bin\awt.dll

Deoptimization events (0 events):
No events

Classes loaded (20 events):
Event: 2.447 Loading class javax/swing/plaf/LabelUI done
Event: 2.447 Loading class javax/swing/plaf/basic/BasicLabelUI done
Event: 2.447 Loading class javax/swing/plaf/metal/MetalLabelUI done
Event: 2.448 Loading class javax/swing/plaf/basic/BasicHTML
Event: 2.448 Loading class javax/swing/plaf/basic/BasicHTML done
Event: 2.448 Loading class javax/swing/text/JTextComponent$1
Event: 2.448 Loading class sun/swing/SwingAccessor$JTextComponentAccessor
Event: 2.448 Loading class sun/swing/SwingAccessor$JTextComponentAccessor done
Event: 2.448 Loading class javax/swing/text/JTextComponent$1 done
Event: 2.448 Loading class javax/swing/text/JTextComponent$4
Event: 2.448 Loading class com/sun/beans/util/Cache
Event: 2.448 Loading class com/sun/beans/util/Cache done
Event: 2.448 Loading class javax/swing/text/JTextComponent$4 done
Event: 2.448 Loading class com/sun/beans/util/Cache$Kind
Event: 2.448 Loading class com/sun/beans/util/Cache$Kind done
Event: 2.448 Loading class com/sun/beans/util/Cache$Kind$1
Event: 2.449 Loading class com/sun/beans/util/Cache$Kind$1 done
Event: 2.449 Loading class com/sun/beans/util/Cache$Kind$2
Event: 2.449 Loading class com/sun/beans/util/Cache$Kind$2 done
Event: 2.449 Loading class com/sun/beans/util/Cache$Kind$3

Classes unloaded (0 events):
No events

Classes redefined (0 events):
No events

Internal exceptions (17 events):
Event: 2.295 Thread 0x0000024ab5e5d290 Exception <a 'java/lang/ClassNotFoundException'{0x000000008a19c200}: sun/awt/resources/spi/awtProvider> (0x000000008a19c200) 
thrown [s\src\hotspot\share\classfile\systemDictionary.cpp, line 327]
Event: 2.308 Thread 0x0000024ab5e5d290 Exception <a 'java/io/FileNotFoundException'{0x000000008a1bf610}> (0x000000008a1bf610) 
thrown [s\src\hotspot\share\prims\jni.cpp, line 518]
Event: 2.310 Thread 0x0000024ab5e5d290 Exception <a 'java/io/FileNotFoundException'{0x000000008a1d1f28}> (0x000000008a1d1f28) 
thrown [s\src\hotspot\share\prims\jni.cpp, line 518]
Event: 2.345 Thread 0x0000024ab5e5d290 Exception <a 'java/lang/NoSuchMethodError'{0x000000008a0265c8}: 'java.lang.Object java.lang.invoke.DirectMethodHandle$Holder.invokeStaticInit(java.lang.Object)'> (0x000000008a0265c8) 
thrown [s\src\hotspot\share\interpreter\linkResolver.cpp, line 805]
Event: 2.372 Thread 0x0000024ab5e5d290 Exception <a 'java/lang/NoSuchMethodError'{0x000000008a057e70}: 'int java.lang.invoke.DirectMethodHandle$Holder.invokeStaticInit(java.lang.Object, int)'> (0x000000008a057e70) 
thrown [s\src\hotspot\share\interpreter\linkResolver.cpp, line 805]
Event: 2.373 Thread 0x0000024ab5e5d290 Exception <a 'java/lang/NoSuchMethodError'{0x000000008a060780}: 'long java.lang.invoke.DirectMethodHandle$Holder.invokeStatic(java.lang.Object, java.lang.Object)'> (0x000000008a060780) 
thrown [s\src\hotspot\share\interpreter\linkResolver.cpp, line 805]
Event: 2.374 Thread 0x0000024ab5e5d290 Exception <a 'java/lang/NoSuchMethodError'{0x000000008a0687a0}: 'long java.lang.invoke.DirectMethodHandle$Holder.invokeStaticInit(java.lang.Object, java.lang.Object)'> (0x000000008a0687a0) 
thrown [s\src\hotspot\share\interpreter\linkResolver.cpp, line 805]
Event: 2.375 Thread 0x0000024ab5e5d290 Exception <a 'java/lang/NoSuchMethodError'{0x000000008a070fe8}: 'java.lang.Object java.lang.invoke.DirectMethodHandle$Holder.invokeStatic(java.lang.Object, long, java.lang.Object)'> (0x000000008a070fe8) 
thrown [s\src\hotspot\share\interpreter\linkResolver.cpp, line 805]
Event: 2.375 Thread 0x0000024ab5e5d290 Exception <a 'java/lang/NoSuchMethodError'{0x000000008a079100}: 'java.lang.Object java.lang.invoke.DirectMethodHandle$Holder.invokeStaticInit(java.lang.Object, long, java.lang.Object)'> (0x000000008a079100) 
thrown [s\src\hotspot\share\interpreter\linkResolver.cpp, line 805]
Event: 2.376 Thread 0x0000024ab5e5d290 Exception <a 'java/lang/NoSuchMethodError'{0x0000000089f01788}: 'java.lang.Object java.lang.invoke.DirectMethodHandle$Holder.invokeStatic(java.lang.Object, long)'> (0x0000000089f01788) 
thrown [s\src\hotspot\share\interpreter\linkResolver.cpp, line 805]
Event: 2.376 Thread 0x0000024ab5e5d290 Exception <a 'java/lang/NoSuchMethodError'{0x0000000089f097a8}: 'java.lang.Object java.lang.invoke.DirectMethodHandle$Holder.invokeStaticInit(java.lang.Object, long)'> (0x0000000089f097a8) 
thrown [s\src\hotspot\share\interpreter\linkResolver.cpp, line 805]
Event: 2.395 Thread 0x0000024ab5e5d290 Exception <a 'java/lang/NoSuchMethodError'{0x0000000089f39ff8}: 'void java.lang.invoke.DirectMethodHandle$Holder.invokeSpecial(java.lang.Object, java.lang.Object, java.lang.Object)'> (0x0000000089f39ff8) 
thrown [s\src\hotspot\share\interpreter\linkResolver.cpp, line 805]
Event: 2.403 Thread 0x0000024ab5e5d290 Exception <a 'java/lang/NoSuchMethodError'{0x0000000089fa9ec8}: 'java.lang.Object java.lang.invoke.DirectMethodHandle$Holder.newInvokeSpecial(java.lang.Object, java.lang.Object, java.lang.Object, java.lang.Object, java.lang.Object)'> (0x0000000089fa9ec8) 
thrown [s\src\hotspot\share\interpreter\linkResolver.cpp, line 805]
Event: 2.410 Thread 0x0000024ab5e5d290 Exception <a 'java/lang/NoSuchMethodError'{0x0000000089e12f00}: 'java.lang.Object java.lang.invoke.DirectMethodHandle$Holder.invokeStatic(java.lang.Object, int, java.lang.Object)'> (0x0000000089e12f00) 
thrown [s\src\hotspot\share\interpreter\linkResolver.cpp, line 805]
Event: 2.436 Thread 0x0000024ab5e5d290 Exception <a 'java/lang/ClassNotFoundException'{0x0000000089c40720}: com/sun/swing/internal/plaf/metal/resources/spi/metalProvider> (0x0000000089c40720) 
thrown [s\src\hotspot\share\classfile\systemDictionary.cpp, line 327]
Event: 2.437 Thread 0x0000024ab5e5d290 Exception <a 'java/lang/ClassNotFoundException'{0x0000000089c441b0}: com/sun/swing/internal/plaf/basic/resources/spi/basicProvider> (0x0000000089c441b0) 
thrown [s\src\hotspot\share\classfile\systemDictionary.cpp, line 327]
Event: 2.446 Thread 0x0000024ab5e5d290 Exception <a 'java/lang/NoSuchMethodError'{0x0000000089c726a8}: 'int java.lang.invoke.Invokers$Holder.invokeExact_MT(java.lang.Object, java.lang.Object)'> (0x0000000089c726a8) 
thrown [s\src\hotspot\share\interpreter\linkResolver.cpp, line 805]

VM Operations (2 events):
Event: 2.436 Executing VM operation: HandshakeAllThreads (Deoptimize)
Event: 2.436 Executing VM operation: HandshakeAllThreads (Deoptimize) done

Memory protections (0 events):
No events

Nmethod flushes (0 events):
No events

Events (14 events):
Event: 2.044 Thread 0x0000024ab5e5d290 Thread added: 0x0000024ab5e5d290
Event: 2.116 Thread 0x0000024ab5e5d290 Thread added: 0x0000024ad52fdc80
Event: 2.116 Thread 0x0000024ab5e5d290 Thread added: 0x0000024ad52ff930
Event: 2.117 Thread 0x0000024ab5e5d290 Thread added: 0x0000024ad530e780
Event: 2.117 Thread 0x0000024ab5e5d290 Thread added: 0x0000024ad53033d0
Event: 2.117 Thread 0x0000024ab5e5d290 Thread added: 0x0000024ad5304a70
Event: 2.117 Thread 0x0000024ab5e5d290 Thread added: 0x0000024ad5306240
Event: 2.117 Thread 0x0000024ab5e5d290 Thread added: 0x0000024ad5321350
Event: 2.117 Thread 0x0000024ab5e5d290 Thread added: 0x0000024ad53452a0
Event: 2.163 Thread 0x0000024ab5e5d290 Thread added: 0x0000024ad54c0dd0
Event: 2.172 Thread 0x0000024ab5e5d290 Thread added: 0x0000024ad54cc070
Event: 2.359 Thread 0x0000024ab5e5d290 Thread added: 0x0000024ad570e160
Event: 2.359 Thread 0x0000024ab5e5d290 Thread added: 0x0000024ad55e7840
Event: 2.360 Thread 0x0000024ab5e5d290 Thread added: 0x0000024ad55e7f80


Dynamic libraries:
0x00007ff770440000 - 0x00007ff77044e000 	C:\Program Files\Apache NetBeans\jdk\bin\java.exe
0x00007ffe2d000000 - 0x00007ffe2d265000 	C:\WINDOWS\SYSTEM32\ntdll.dll
0x00007ffe2be80000 - 0x00007ffe2bf49000 	C:\WINDOWS\System32\KERNEL32.DLL
0x00007ffe2a350000 - 0x00007ffe2a738000 	C:\WINDOWS\System32\KERNELBASE.dll
0x00007ffe2a770000 - 0x00007ffe2a8bb000 	C:\WINDOWS\System32\ucrtbase.dll
0x00007ffe20e40000 - 0x00007ffe20e5e000 	C:\Program Files\Apache NetBeans\jdk\bin\VCRUNTIME140.dll
0x00007ffdfb240000 - 0x00007ffdfb256000 	C:\Program Files\Apache NetBeans\jdk\bin\jli.dll
0x00007ffe2b910000 - 0x00007ffe2bada000 	C:\WINDOWS\System32\USER32.dll
0x00007ffe151b0000 - 0x00007ffe1544a000 	C:\WINDOWS\WinSxS\amd64_microsoft.windows.common-controls_6595b64144ccf1df_6.0.26100.4202_none_3e0698d4e335f517\COMCTL32.dll
0x00007ffe2a740000 - 0x00007ffe2a767000 	C:\WINDOWS\System32\win32u.dll
0x00007ffe2ced0000 - 0x00007ffe2cf79000 	C:\WINDOWS\System32\msvcrt.dll
0x00007ffe2cf80000 - 0x00007ffe2cfab000 	C:\WINDOWS\System32\GDI32.dll
0x00007ffe2ac60000 - 0x00007ffe2ad97000 	C:\WINDOWS\System32\gdi32full.dll
0x00007ffe2a150000 - 0x00007ffe2a1f3000 	C:\WINDOWS\System32\msvcp_win.dll
0x00007ffe2c990000 - 0x00007ffe2c9c0000 	C:\WINDOWS\System32\IMM32.DLL
0x00007ffe00bb0000 - 0x00007ffe00bbc000 	C:\Program Files\Apache NetBeans\jdk\bin\vcruntime140_1.dll
0x00007ffdf4c00000 - 0x00007ffdf4c8d000 	C:\Program Files\Apache NetBeans\jdk\bin\msvcp140.dll
0x00007ffdd83d0000 - 0x00007ffdd924c000 	C:\Program Files\Apache NetBeans\jdk\bin\server\jvm.dll
0x00007ffe2c9d0000 - 0x00007ffe2ca83000 	C:\WINDOWS\System32\ADVAPI32.dll
0x00007ffe2bdd0000 - 0x00007ffe2be76000 	C:\WINDOWS\System32\sechost.dll
0x00007ffe2cc40000 - 0x00007ffe2cd55000 	C:\WINDOWS\System32\RPCRT4.dll
0x00007ffe2b280000 - 0x00007ffe2b2f4000 	C:\WINDOWS\System32\WS2_32.dll
0x00007ffe28d90000 - 0x00007ffe28dee000 	C:\WINDOWS\SYSTEM32\POWRPROF.dll
0x00007ffe19730000 - 0x00007ffe1973b000 	C:\WINDOWS\SYSTEM32\VERSION.dll
0x00007ffe16770000 - 0x00007ffe167a5000 	C:\WINDOWS\SYSTEM32\WINMM.dll
0x00007ffe28d70000 - 0x00007ffe28d84000 	C:\WINDOWS\SYSTEM32\UMPDC.dll
0x00007ffe29030000 - 0x00007ffe2904b000 	C:\WINDOWS\SYSTEM32\kernel.appcore.dll
0x00007ffdfc8e0000 - 0x00007ffdfc8ea000 	C:\Program Files\Apache NetBeans\jdk\bin\jimage.dll
0x00007ffe27ac0000 - 0x00007ffe27d01000 	C:\WINDOWS\SYSTEM32\DBGHELP.DLL
0x00007ffe2ae70000 - 0x00007ffe2b1f5000 	C:\WINDOWS\System32\combase.dll
0x00007ffe2cd80000 - 0x00007ffe2ce61000 	C:\WINDOWS\System32\OLEAUT32.dll
0x00007ffe07ba0000 - 0x00007ffe07bd9000 	C:\WINDOWS\SYSTEM32\dbgcore.DLL
0x00007ffe2a8c0000 - 0x00007ffe2a959000 	C:\WINDOWS\System32\bcryptPrimitives.dll
0x00007ffdfb730000 - 0x00007ffdfb74e000 	C:\Program Files\Apache NetBeans\jdk\bin\java.dll
0x00007ffe2ca90000 - 0x00007ffe2cc2e000 	C:\WINDOWS\System32\ole32.dll
0x00007ffe2c010000 - 0x00007ffe2c752000 	C:\WINDOWS\System32\SHELL32.dll
0x00007ffe2a960000 - 0x00007ffe2aad4000 	C:\WINDOWS\System32\wintypes.dll
0x00007ffe27df0000 - 0x00007ffe28648000 	C:\WINDOWS\SYSTEM32\windows.storage.dll
0x00007ffe2c890000 - 0x00007ffe2c981000 	C:\WINDOWS\System32\SHCORE.dll
0x00007ffe2bae0000 - 0x00007ffe2bb4a000 	C:\WINDOWS\System32\shlwapi.dll
0x00007ffe2a060000 - 0x00007ffe2a08f000 	C:\WINDOWS\SYSTEM32\profapi.dll
0x00007ffdf4c90000 - 0x00007ffdf4d67000 	C:\Program Files\Apache NetBeans\jdk\bin\jsvml.dll
0x00007ffdfb230000 - 0x00007ffdfb240000 	C:\Program Files\Apache NetBeans\jdk\bin\net.dll
0x00007ffe295a0000 - 0x00007ffe2960a000 	C:\WINDOWS\system32\mswsock.dll
0x00007ffdfa1f0000 - 0x00007ffdfa206000 	C:\Program Files\Apache NetBeans\jdk\bin\nio.dll
0x00007ffdfa6f0000 - 0x00007ffdfa707000 	C:\Program Files\Apache NetBeans\jdk\bin\zip.dll
0x00007ffdf3510000 - 0x00007ffdf368e000 	C:\Program Files\Apache NetBeans\jdk\bin\awt.dll
0x00007ffe26360000 - 0x00007ffe263fe000 	C:\WINDOWS\SYSTEM32\apphelp.dll
0x00007ffe26e40000 - 0x00007ffe26e76000 	C:\WINDOWS\system32\DWMAPI.DLL
0x00007ffe264a0000 - 0x00007ffe2654f000 	C:\WINDOWS\system32\uxtheme.dll
0x00007ffe028b0000 - 0x00007ffe029c4000 	C:\WINDOWS\system32\opengl32.dll
0x00007ffe03630000 - 0x00007ffe0365d000 	C:\WINDOWS\SYSTEM32\GLU32.dll
0x00007ffe270a0000 - 0x00007ffe270ed000 	C:\WINDOWS\SYSTEM32\dxcore.dll
0x00007ffe2b300000 - 0x00007ffe2b460000 	C:\WINDOWS\System32\MSCTF.dll

JVMTI agents: none

dbghelp: loaded successfully - version: 4.0.5 - missing functions: none
symbol engine: initialized successfully - sym options: 0x614 - pdb path: .;C:\Program Files\Apache NetBeans\jdk\bin;C:\WINDOWS\SYSTEM32;C:\WINDOWS\WinSxS\amd64_microsoft.windows.common-controls_6595b64144ccf1df_6.0.26100.4202_none_3e0698d4e335f517;C:\Program Files\Apache NetBeans\jdk\bin\server

VM Arguments:
jvm_args: -Dfile.encoding=UTF-8 
java_command: airlinemanagementsystem.Login
java_class_path (initial): C:\Users\USER\Downloads\Airline Management System-20250626T183211Z-1-001\Airline Management System\jcalendar-tz-1.3.3-4.jar;C:\Users\USER\Downloads\Airline Management System-20250626T183211Z-1-001\Airline Management System\mysql-connector-java-8.0.28.jar;C:\Users\USER\Downloads\Airline Management System-20250626T183211Z-1-001\Airline Management System\rs2xml.jar;C:\Users\USER\OneDrive\Desktop\MS Word Work\FINAL\AirlineManagementSystem\build\classes
Launcher Type: SUN_STANDARD

[Global flags]
     intx CICompilerCount                          = 4                                         {product} {ergonomic}
     uint ConcGCThreads                            = 2                                         {product} {ergonomic}
     uint G1ConcRefinementThreads                  = 8                                         {product} {ergonomic}
   size_t G1HeapRegionSize                         = 1048576                                   {product} {ergonomic}
   size_t InitialHeapSize                          = 132120576                                 {product} {ergonomic}
   size_t MarkStackSize                            = 4194304                                   {product} {ergonomic}
   size_t MarkStackSizeMax                         = 536870912                                 {product} {ergonomic}
   size_t MaxHeapSize                              = 2107637760                                {product} {ergonomic}
   size_t MaxNewSize                               = 1264582656                                {product} {ergonomic}
   size_t MinHeapDeltaBytes                        = 1048576                                   {product} {ergonomic}
   size_t MinHeapSize                              = 8388608                                   {product} {ergonomic}
    uintx NonNMethodCodeHeapSize                   = 5832704                                {pd product} {ergonomic}
    uintx NonProfiledCodeHeapSize                  = 122945536                              {pd product} {ergonomic}
    uintx ProfiledCodeHeapSize                     = 122880000                              {pd product} {ergonomic}
    uintx ReservedCodeCacheSize                    = 251658240                              {pd product} {ergonomic}
     bool SegmentedCodeCache                       = true                                      {product} {ergonomic}
   size_t SoftMaxHeapSize                          = 2107637760                             {manageable} {ergonomic}
     bool UseCompressedOops                        = true                           {product lp64_product} {ergonomic}
     bool UseG1GC                                  = true                                      {product} {ergonomic}
     bool UseLargePagesIndividualAllocation        = false                                  {pd product} {ergonomic}

Logging:
Log output configuration:
 #0: stdout all=warning uptime,level,tags foldmultilines=false
 #1: stderr all=off uptime,level,tags foldmultilines=false

Environment Variables:
PATH=C:\Program Files\Common Files\Oracle\Java\javapath;C:\oraclexe\app\oracle\product\10.2.0\server\bin;C:\WINDOWS\system32;C:\WINDOWS;C:\WINDOWS\System32\Wbem;C:\WINDOWS\System32\WindowsPowerShell\v1.0\;C:\WINDOWS\System32\OpenSSH\;C:\Program Files\MySQL\MySQL Server 8.0\bin;C:\Program Files\Git\cmd;C:\Program Files\Apache NetBeans\jdk\bin;C:\Program Files\MySQL\MySQL Shell 8.0\bin\;C:\MinGW\bin;C:\Users\USER\AppData\Local\Microsoft\WindowsApps;
USERNAME=USER
OS=Windows_NT
PROCESSOR_IDENTIFIER=Intel64 Family 6 Model 142 Stepping 10, GenuineIntel
TMP=C:\Users\USER\AppData\Local\Temp
TEMP=C:\Users\USER\AppData\Local\Temp




Periodic native trim disabled

---------------  S Y S T E M  ---------------

OS:
 Windows 11 , 64 bit Build 26100 (10.0.26100.4202)
OS uptime: 0 days 2:12 hours

CPU: total 8 (initial active 8) (4 cores per cpu, 2 threads per core) family 6 model 142 stepping 10 microcode 0xf6, cx8, cmov, fxsr, ht, mmx, 3dnowpref, sse, sse2, sse3, ssse3, sse4.1, sse4.2, popcnt, lzcnt, tsc, tscinvbit, avx, avx2, aes, erms, clmul, bmi1, bmi2, adx, fma, vzeroupper, clflush, clflushopt, rdtscp, f16c
Processor Information for the first 8 processors :
  Max Mhz: 1992, Current Mhz: 1792, Mhz Limit: 1792

Memory: 4k page, system-wide physical 8035M (1254M free)
TotalPageFile size 20407M (AvailPageFile size 4M)
current process WorkingSet (physical memory assigned to process): 55M, peak: 55M
current process commit charge ("private bytes"): 215M, peak: 215M

vm_info: OpenJDK 64-Bit Server VM (24.0.1+9) for windows-amd64 JRE (24.0.1+9) (Zulu24.30+11-CA), built on 2025-03-21T13:52:34Z with MS VC++ 17.1 (VS2022)

END.
