#
# There is insufficient memory for the Java Runtime Environment to continue.
# Native memory allocation (malloc) failed to allocate 1088744 bytes. Error detail: Chunk::new
# Possible reasons:
#   The system is out of physical RAM or swap space
#   This process is running with CompressedOops enabled, and the Java Heap may be blocking the growth of the native heap
# Possible solutions:
#   Reduce memory load on the system
#   Increase physical memory or swap space
#   Check if swap backing store is full
#   Decrease Java heap size (-Xmx/-Xms)
#   Decrease number of Java threads
#   Decrease Java thread stack sizes (-Xss)
#   Set larger code cache with -XX:ReservedCodeCacheSize=
#   JVM is running with Unscaled Compressed Oops mode in which the Java heap is
#     placed in the first 4GB address space. The Java Heap base address is the
#     maximum limit for the native heap growth. Please use -XX:HeapBaseMinAddress
#     to set the Java Heap base and to place the Java Heap above 4GB virtual address.
# This output file may be truncated or incomplete.
#
#  Out of Memory Error (arena.cpp:162), pid=4608, tid=16252
#
# JRE version: OpenJDK Runtime Environment Zulu24.30+11-CA (24.0.1+9) (build 24.0.1+9)
# Java VM: OpenJDK 64-Bit Server VM Zulu24.30+11-CA (24.0.1+9, mixed mode, sharing, tiered, compressed oops, compressed class ptrs, g1 gc, windows-amd64)
# No core dump will be written. Minidumps are not enabled by default on client versions of Windows
#

---------------  S U M M A R Y ------------

Command Line: -Dfile.encoding=UTF-8 airlinemanagementsystem.Update

Host: Intel(R) Core(TM) i7-8550U CPU @ 1.80GHz, 8 cores, 7G,  Windows 11 , 64 bit Build 26100 (10.0.26100.4202)
Time: Sun Jul  6 12:36:17 2025 Bangladesh Standard Time elapsed time: 2.028580 seconds (0d 0h 0m 2s)

---------------  T H R E A D  ---------------

Current thread (0x0000026b4937b110):  JavaThread "C2 CompilerThread1" daemon [_thread_in_native, id=16252, stack(0x0000007c58b00000,0x0000007c58c00000) (1024K)]


Current CompileTask:
C2:2029 1176       4       sun.security.ec.ECOperations::setDouble (463 bytes)

Stack: [0x0000007c58b00000,0x0000007c58c00000]
Native frames: (J=compiled Java code, j=interpreted, Vv=VM code, C=native code)
V  [jvm.dll+0x7410c9]  (no source info available)
V  [jvm.dll+0x97def3]  (no source info available)
V  [jvm.dll+0x98021d]  (no source info available)
V  [jvm.dll+0x980893]  (no source info available)
V  [jvm.dll+0x2b5b16]  (no source info available)
V  [jvm.dll+0xd019f]  (no source info available)
V  [jvm.dll+0xd03ff]  (no source info available)
V  [jvm.dll+0x40121c]  (no source info available)
V  [jvm.dll+0x3ccf50]  (no source info available)
V  [jvm.dll+0x3cc3da]  (no source info available)
V  [jvm.dll+0x27a39f]  (no source info available)
V  [jvm.dll+0x279641]  (no source info available)
V  [jvm.dll+0x1f313a]  (no source info available)
V  [jvm.dll+0x288e35]  (no source info available)
V  [jvm.dll+0x2870ca]  (no source info available)
V  [jvm.dll+0x43df56]  (no source info available)
V  [jvm.dll+0x920928]  (no source info available)
V  [jvm.dll+0x73f855]  (no source info available)
C  [ucrtbase.dll+0x37b0]  (no source info available)
C  [KERNEL32.DLL+0x2e8d7]  (no source info available)
C  [ntdll.dll+0x3c34c]  (no source info available)

Lock stack of current Java thread (top to bottom):


---------------  P R O C E S S  ---------------

Threads class SMR info:
_java_thread_list=0x0000026b8f60ef70, length=16, elements={
0x0000026b29f1a4c0, 0x0000026b4933c030, 0x0000026b4933c970, 0x0000026b49341f00,
0x0000026b49342a30, 0x0000026b49343560, 0x0000026b493441c0, 0x0000026b4934ebc0,
0x0000026b4937b8a0, 0x0000026b493e5d50, 0x0000026b49417d80, 0x0000026b8f044ee0,
0x0000026b8f0463a0, 0x0000026b8f41f730, 0x0000026b4937b110, 0x0000026b4937a980
}

Java Threads: ( => current thread )
  0x0000026b29f1a4c0 JavaThread "main"                              [_thread_in_native, id=16408, stack(0x0000007c57500000,0x0000007c57600000) (1024K)]
  0x0000026b4933c030 JavaThread "Reference Handler"          daemon [_thread_blocked, id=14452, stack(0x0000007c57d00000,0x0000007c57e00000) (1024K)]
  0x0000026b4933c970 JavaThread "Finalizer"                  daemon [_thread_blocked, id=18468, stack(0x0000007c57e00000,0x0000007c57f00000) (1024K)]
  0x0000026b49341f00 JavaThread "Signal Dispatcher"          daemon [_thread_blocked, id=16160, stack(0x0000007c57f00000,0x0000007c58000000) (1024K)]
  0x0000026b49342a30 JavaThread "Attach Listener"            daemon [_thread_blocked, id=1760, stack(0x0000007c58000000,0x0000007c58100000) (1024K)]
  0x0000026b49343560 JavaThread "Service Thread"             daemon [_thread_blocked, id=17380, stack(0x0000007c58100000,0x0000007c58200000) (1024K)]
  0x0000026b493441c0 JavaThread "Monitor Deflation Thread"   daemon [_thread_blocked, id=5368, stack(0x0000007c58200000,0x0000007c58300000) (1024K)]
  0x0000026b4934ebc0 JavaThread "C2 CompilerThread0"         daemon [_thread_blocked, id=18004, stack(0x0000007c58300000,0x0000007c58400000) (1024K)]
  0x0000026b4937b8a0 JavaThread "C1 CompilerThread0"         daemon [_thread_blocked, id=2596, stack(0x0000007c58400000,0x0000007c58500000) (1024K)]
  0x0000026b493e5d50 JavaThread "Notification Thread"        daemon [_thread_blocked, id=8176, stack(0x0000007c58500000,0x0000007c58600000) (1024K)]
  0x0000026b49417d80 JavaThread "Common-Cleaner"             daemon [_thread_blocked, id=9508, stack(0x0000007c58600000,0x0000007c58700000) (1024K)]
  0x0000026b8f044ee0 JavaThread "Java2D Disposer"            daemon [_thread_blocked, id=14248, stack(0x0000007c58700000,0x0000007c58800000) (1024K)]
  0x0000026b8f0463a0 JavaThread "AWT-Windows"                daemon [_thread_in_native, id=10148, stack(0x0000007c58900000,0x0000007c58a00000) (1024K)]
  0x0000026b8f41f730 JavaThread "mysql-cj-abandoned-connection-cleanup" daemon [_thread_blocked, id=14912, stack(0x0000007c58a00000,0x0000007c58b00000) (1024K)]
=>0x0000026b4937b110 JavaThread "C2 CompilerThread1"         daemon [_thread_in_native, id=16252, stack(0x0000007c58b00000,0x0000007c58c00000) (1024K)]
  0x0000026b4937a980 JavaThread "C2 CompilerThread2"         daemon [_thread_blocked, id=5544, stack(0x0000007c58c00000,0x0000007c58d00000) (1024K)]
Total: 16

Other Threads:
  0x0000026b49324300 VMThread "VM Thread"                           [id=13580, stack(0x0000007c57c00000,0x0000007c57d00000) (1024K)]
  0x0000026b4930f400 WatcherThread "VM Periodic Task Thread"        [id=18604, stack(0x0000007c57b00000,0x0000007c57c00000) (1024K)]
  0x0000026b2c3bde40 WorkerThread "GC Thread#0"                     [id=13140, stack(0x0000007c57600000,0x0000007c57700000) (1024K)]
  0x0000026b2c3d3790 ConcurrentGCThread "G1 Main Marker"            [id=16616, stack(0x0000007c57700000,0x0000007c57800000) (1024K)]
  0x0000026b2c3d4a40 WorkerThread "G1 Conc#0"                       [id=14528, stack(0x0000007c57800000,0x0000007c57900000) (1024K)]
  0x0000026b491c6180 ConcurrentGCThread "G1 Refine#0"               [id=4332, stack(0x0000007c57900000,0x0000007c57a00000) (1024K)]
  0x0000026b491c6c10 ConcurrentGCThread "G1 Service"                [id=18008, stack(0x0000007c57a00000,0x0000007c57b00000) (1024K)]
Total: 7

Threads with active compile tasks:
C2 CompilerThread1  2105 1176       4       sun.security.ec.ECOperations::setDouble (463 bytes)
Total: 1

VM state: not at safepoint (normal execution)

VM Mutex/Monitor currently owned by a thread: None

Heap address: 0x0000000082600000, size: 2010 MB, Compressed Oops mode: 32-bit

CDS archive(s) mapped at: [0x0000026b4a000000-0x0000026b4ad40000-0x0000026b4ad40000), size 13893632, SharedBaseAddress: 0x0000026b4a000000, ArchiveRelocationMode: 1.
Compressed class space mapped at: 0x0000026b4b000000-0x0000026b8b000000, reserved size: 1073741824
UseCompressedClassPointers 1, UseCompactObjectHeaders 0
Narrow klass pointer bits 32, Max shift 3
Narrow klass base: 0x0000026b4a000000, Narrow klass shift: 0
Encoding Range: [0x0000026b4a000000 - 0x0000026c4a000000), (4294967296 bytes)
Klass Range:    [0x0000026b4a000000 - 0x0000026b8b000000), (1090519040 bytes)
Klass ID Range:  [8 - 1090519033) (1090519025)

GC Precious Log:
 CardTable entry size: 512
 Card Set container configuration: InlinePtr #cards 5 size 8 Array Of Cards #cards 10 size 36 Howl #buckets 4 coarsen threshold 1843 Howl Bitmap #cards 512 size 80 coarsen threshold 460 Card regions per heap region 1 cards per card region 2048
 CPUs: 8 total, 8 available
 Memory: 8035M
 Large Page Support: Disabled
 NUMA Support: Disabled
 Compressed Oops: Enabled (32-bit)
 Heap Region Size: 1M
 Heap Min Capacity: 8M
 Heap Initial Capacity: 126M
 Heap Max Capacity: 2010M
 Pre-touch: Disabled
 Parallel Workers: 8
 Concurrent Workers: 2
 Concurrent Refinement Workers: 8
 Periodic GC: Disabled

Heap:
 garbage-first heap   total reserved 2058240K, committed 131072K, used 22640K [0x0000000082600000, 0x0000000100000000)
  region size 1024K, 22 young (22528K), 0 survivors (0K)
 Metaspace       used 13040K, committed 13248K, reserved 1114112K
  class space    used 1200K, committed 1280K, reserved 1048576K

Heap Regions: E=young(eden), S=young(survivor), O=old, HS=humongous(starts), HC=humongous(continues), CS=collection set, F=free, TAMS=top-at-mark-start, PB=parsable bottom
|   0|0x0000000082600000, 0x0000000082600000, 0x0000000082700000|  0%| F|  |TAMS 0x0000000082600000| PB 0x0000000082600000| Untracked |  0
|   1|0x0000000082700000, 0x0000000082700000, 0x0000000082800000|  0%| F|  |TAMS 0x0000000082700000| PB 0x0000000082700000| Untracked |  0
|   2|0x0000000082800000, 0x0000000082800000, 0x0000000082900000|  0%| F|  |TAMS 0x0000000082800000| PB 0x0000000082800000| Untracked |  0
|   3|0x0000000082900000, 0x0000000082900000, 0x0000000082a00000|  0%| F|  |TAMS 0x0000000082900000| PB 0x0000000082900000| Untracked |  0
|   4|0x0000000082a00000, 0x0000000082a00000, 0x0000000082b00000|  0%| F|  |TAMS 0x0000000082a00000| PB 0x0000000082a00000| Untracked |  0
|   5|0x0000000082b00000, 0x0000000082b00000, 0x0000000082c00000|  0%| F|  |TAMS 0x0000000082b00000| PB 0x0000000082b00000| Untracked |  0
|   6|0x0000000082c00000, 0x0000000082c00000, 0x0000000082d00000|  0%| F|  |TAMS 0x0000000082c00000| PB 0x0000000082c00000| Untracked |  0
|   7|0x0000000082d00000, 0x0000000082d00000, 0x0000000082e00000|  0%| F|  |TAMS 0x0000000082d00000| PB 0x0000000082d00000| Untracked |  0
|   8|0x0000000082e00000, 0x0000000082e00000, 0x0000000082f00000|  0%| F|  |TAMS 0x0000000082e00000| PB 0x0000000082e00000| Untracked |  0
|   9|0x0000000082f00000, 0x0000000082f00000, 0x0000000083000000|  0%| F|  |TAMS 0x0000000082f00000| PB 0x0000000082f00000| Untracked |  0
|  10|0x0000000083000000, 0x0000000083000000, 0x0000000083100000|  0%| F|  |TAMS 0x0000000083000000| PB 0x0000000083000000| Untracked |  0
|  11|0x0000000083100000, 0x0000000083100000, 0x0000000083200000|  0%| F|  |TAMS 0x0000000083100000| PB 0x0000000083100000| Untracked |  0
|  12|0x0000000083200000, 0x0000000083200000, 0x0000000083300000|  0%| F|  |TAMS 0x0000000083200000| PB 0x0000000083200000| Untracked |  0
|  13|0x0000000083300000, 0x0000000083300000, 0x0000000083400000|  0%| F|  |TAMS 0x0000000083300000| PB 0x0000000083300000| Untracked |  0
|  14|0x0000000083400000, 0x0000000083400000, 0x0000000083500000|  0%| F|  |TAMS 0x0000000083400000| PB 0x0000000083400000| Untracked |  0
|  15|0x0000000083500000, 0x0000000083500000, 0x0000000083600000|  0%| F|  |TAMS 0x0000000083500000| PB 0x0000000083500000| Untracked |  0
|  16|0x0000000083600000, 0x0000000083600000, 0x0000000083700000|  0%| F|  |TAMS 0x0000000083600000| PB 0x0000000083600000| Untracked |  0
|  17|0x0000000083700000, 0x0000000083700000, 0x0000000083800000|  0%| F|  |TAMS 0x0000000083700000| PB 0x0000000083700000| Untracked |  0
|  18|0x0000000083800000, 0x0000000083800000, 0x0000000083900000|  0%| F|  |TAMS 0x0000000083800000| PB 0x0000000083800000| Untracked |  0
|  19|0x0000000083900000, 0x0000000083900000, 0x0000000083a00000|  0%| F|  |TAMS 0x0000000083900000| PB 0x0000000083900000| Untracked |  0
|  20|0x0000000083a00000, 0x0000000083a00000, 0x0000000083b00000|  0%| F|  |TAMS 0x0000000083a00000| PB 0x0000000083a00000| Untracked |  0
|  21|0x0000000083b00000, 0x0000000083b00000, 0x0000000083c00000|  0%| F|  |TAMS 0x0000000083b00000| PB 0x0000000083b00000| Untracked |  0
|  22|0x0000000083c00000, 0x0000000083c00000, 0x0000000083d00000|  0%| F|  |TAMS 0x0000000083c00000| PB 0x0000000083c00000| Untracked |  0
|  23|0x0000000083d00000, 0x0000000083d00000, 0x0000000083e00000|  0%| F|  |TAMS 0x0000000083d00000| PB 0x0000000083d00000| Untracked |  0
|  24|0x0000000083e00000, 0x0000000083e00000, 0x0000000083f00000|  0%| F|  |TAMS 0x0000000083e00000| PB 0x0000000083e00000| Untracked |  0
|  25|0x0000000083f00000, 0x0000000083f00000, 0x0000000084000000|  0%| F|  |TAMS 0x0000000083f00000| PB 0x0000000083f00000| Untracked |  0
|  26|0x0000000084000000, 0x0000000084000000, 0x0000000084100000|  0%| F|  |TAMS 0x0000000084000000| PB 0x0000000084000000| Untracked |  0
|  27|0x0000000084100000, 0x0000000084100000, 0x0000000084200000|  0%| F|  |TAMS 0x0000000084100000| PB 0x0000000084100000| Untracked |  0
|  28|0x0000000084200000, 0x0000000084200000, 0x0000000084300000|  0%| F|  |TAMS 0x0000000084200000| PB 0x0000000084200000| Untracked |  0
|  29|0x0000000084300000, 0x0000000084300000, 0x0000000084400000|  0%| F|  |TAMS 0x0000000084300000| PB 0x0000000084300000| Untracked |  0
|  30|0x0000000084400000, 0x0000000084400000, 0x0000000084500000|  0%| F|  |TAMS 0x0000000084400000| PB 0x0000000084400000| Untracked |  0
|  31|0x0000000084500000, 0x0000000084500000, 0x0000000084600000|  0%| F|  |TAMS 0x0000000084500000| PB 0x0000000084500000| Untracked |  0
|  32|0x0000000084600000, 0x0000000084600000, 0x0000000084700000|  0%| F|  |TAMS 0x0000000084600000| PB 0x0000000084600000| Untracked |  0
|  33|0x0000000084700000, 0x0000000084700000, 0x0000000084800000|  0%| F|  |TAMS 0x0000000084700000| PB 0x0000000084700000| Untracked |  0
|  34|0x0000000084800000, 0x0000000084800000, 0x0000000084900000|  0%| F|  |TAMS 0x0000000084800000| PB 0x0000000084800000| Untracked |  0
|  35|0x0000000084900000, 0x0000000084900000, 0x0000000084a00000|  0%| F|  |TAMS 0x0000000084900000| PB 0x0000000084900000| Untracked |  0
|  36|0x0000000084a00000, 0x0000000084a00000, 0x0000000084b00000|  0%| F|  |TAMS 0x0000000084a00000| PB 0x0000000084a00000| Untracked |  0
|  37|0x0000000084b00000, 0x0000000084b00000, 0x0000000084c00000|  0%| F|  |TAMS 0x0000000084b00000| PB 0x0000000084b00000| Untracked |  0
|  38|0x0000000084c00000, 0x0000000084c00000, 0x0000000084d00000|  0%| F|  |TAMS 0x0000000084c00000| PB 0x0000000084c00000| Untracked |  0
|  39|0x0000000084d00000, 0x0000000084d00000, 0x0000000084e00000|  0%| F|  |TAMS 0x0000000084d00000| PB 0x0000000084d00000| Untracked |  0
|  40|0x0000000084e00000, 0x0000000084e00000, 0x0000000084f00000|  0%| F|  |TAMS 0x0000000084e00000| PB 0x0000000084e00000| Untracked |  0
|  41|0x0000000084f00000, 0x0000000084f00000, 0x0000000085000000|  0%| F|  |TAMS 0x0000000084f00000| PB 0x0000000084f00000| Untracked |  0
|  42|0x0000000085000000, 0x0000000085000000, 0x0000000085100000|  0%| F|  |TAMS 0x0000000085000000| PB 0x0000000085000000| Untracked |  0
|  43|0x0000000085100000, 0x0000000085100000, 0x0000000085200000|  0%| F|  |TAMS 0x0000000085100000| PB 0x0000000085100000| Untracked |  0
|  44|0x0000000085200000, 0x0000000085200000, 0x0000000085300000|  0%| F|  |TAMS 0x0000000085200000| PB 0x0000000085200000| Untracked |  0
|  45|0x0000000085300000, 0x0000000085300000, 0x0000000085400000|  0%| F|  |TAMS 0x0000000085300000| PB 0x0000000085300000| Untracked |  0
|  46|0x0000000085400000, 0x0000000085400000, 0x0000000085500000|  0%| F|  |TAMS 0x0000000085400000| PB 0x0000000085400000| Untracked |  0
|  47|0x0000000085500000, 0x0000000085500000, 0x0000000085600000|  0%| F|  |TAMS 0x0000000085500000| PB 0x0000000085500000| Untracked |  0
|  48|0x0000000085600000, 0x0000000085600000, 0x0000000085700000|  0%| F|  |TAMS 0x0000000085600000| PB 0x0000000085600000| Untracked |  0
|  49|0x0000000085700000, 0x0000000085700000, 0x0000000085800000|  0%| F|  |TAMS 0x0000000085700000| PB 0x0000000085700000| Untracked |  0
|  50|0x0000000085800000, 0x0000000085800000, 0x0000000085900000|  0%| F|  |TAMS 0x0000000085800000| PB 0x0000000085800000| Untracked |  0
|  51|0x0000000085900000, 0x0000000085900000, 0x0000000085a00000|  0%| F|  |TAMS 0x0000000085900000| PB 0x0000000085900000| Untracked |  0
|  52|0x0000000085a00000, 0x0000000085a00000, 0x0000000085b00000|  0%| F|  |TAMS 0x0000000085a00000| PB 0x0000000085a00000| Untracked |  0
|  53|0x0000000085b00000, 0x0000000085b00000, 0x0000000085c00000|  0%| F|  |TAMS 0x0000000085b00000| PB 0x0000000085b00000| Untracked |  0
|  54|0x0000000085c00000, 0x0000000085c00000, 0x0000000085d00000|  0%| F|  |TAMS 0x0000000085c00000| PB 0x0000000085c00000| Untracked |  0
|  55|0x0000000085d00000, 0x0000000085d00000, 0x0000000085e00000|  0%| F|  |TAMS 0x0000000085d00000| PB 0x0000000085d00000| Untracked |  0
|  56|0x0000000085e00000, 0x0000000085e00000, 0x0000000085f00000|  0%| F|  |TAMS 0x0000000085e00000| PB 0x0000000085e00000| Untracked |  0
|  57|0x0000000085f00000, 0x0000000085f00000, 0x0000000086000000|  0%| F|  |TAMS 0x0000000085f00000| PB 0x0000000085f00000| Untracked |  0
|  58|0x0000000086000000, 0x0000000086000000, 0x0000000086100000|  0%| F|  |TAMS 0x0000000086000000| PB 0x0000000086000000| Untracked |  0
|  59|0x0000000086100000, 0x0000000086100000, 0x0000000086200000|  0%| F|  |TAMS 0x0000000086100000| PB 0x0000000086100000| Untracked |  0
|  60|0x0000000086200000, 0x0000000086200000, 0x0000000086300000|  0%| F|  |TAMS 0x0000000086200000| PB 0x0000000086200000| Untracked |  0
|  61|0x0000000086300000, 0x0000000086300000, 0x0000000086400000|  0%| F|  |TAMS 0x0000000086300000| PB 0x0000000086300000| Untracked |  0
|  62|0x0000000086400000, 0x0000000086400000, 0x0000000086500000|  0%| F|  |TAMS 0x0000000086400000| PB 0x0000000086400000| Untracked |  0
|  63|0x0000000086500000, 0x0000000086500000, 0x0000000086600000|  0%| F|  |TAMS 0x0000000086500000| PB 0x0000000086500000| Untracked |  0
|  64|0x0000000086600000, 0x0000000086600000, 0x0000000086700000|  0%| F|  |TAMS 0x0000000086600000| PB 0x0000000086600000| Untracked |  0
|  65|0x0000000086700000, 0x0000000086700000, 0x0000000086800000|  0%| F|  |TAMS 0x0000000086700000| PB 0x0000000086700000| Untracked |  0
|  66|0x0000000086800000, 0x0000000086800000, 0x0000000086900000|  0%| F|  |TAMS 0x0000000086800000| PB 0x0000000086800000| Untracked |  0
|  67|0x0000000086900000, 0x0000000086900000, 0x0000000086a00000|  0%| F|  |TAMS 0x0000000086900000| PB 0x0000000086900000| Untracked |  0
|  68|0x0000000086a00000, 0x0000000086a00000, 0x0000000086b00000|  0%| F|  |TAMS 0x0000000086a00000| PB 0x0000000086a00000| Untracked |  0
|  69|0x0000000086b00000, 0x0000000086b00000, 0x0000000086c00000|  0%| F|  |TAMS 0x0000000086b00000| PB 0x0000000086b00000| Untracked |  0
|  70|0x0000000086c00000, 0x0000000086c00000, 0x0000000086d00000|  0%| F|  |TAMS 0x0000000086c00000| PB 0x0000000086c00000| Untracked |  0
|  71|0x0000000086d00000, 0x0000000086d00000, 0x0000000086e00000|  0%| F|  |TAMS 0x0000000086d00000| PB 0x0000000086d00000| Untracked |  0
|  72|0x0000000086e00000, 0x0000000086e00000, 0x0000000086f00000|  0%| F|  |TAMS 0x0000000086e00000| PB 0x0000000086e00000| Untracked |  0
|  73|0x0000000086f00000, 0x0000000086f00000, 0x0000000087000000|  0%| F|  |TAMS 0x0000000086f00000| PB 0x0000000086f00000| Untracked |  0
|  74|0x0000000087000000, 0x0000000087000000, 0x0000000087100000|  0%| F|  |TAMS 0x0000000087000000| PB 0x0000000087000000| Untracked |  0
|  75|0x0000000087100000, 0x0000000087100000, 0x0000000087200000|  0%| F|  |TAMS 0x0000000087100000| PB 0x0000000087100000| Untracked |  0
|  76|0x0000000087200000, 0x0000000087200000, 0x0000000087300000|  0%| F|  |TAMS 0x0000000087200000| PB 0x0000000087200000| Untracked |  0
|  77|0x0000000087300000, 0x0000000087300000, 0x0000000087400000|  0%| F|  |TAMS 0x0000000087300000| PB 0x0000000087300000| Untracked |  0
|  78|0x0000000087400000, 0x0000000087400000, 0x0000000087500000|  0%| F|  |TAMS 0x0000000087400000| PB 0x0000000087400000| Untracked |  0
|  79|0x0000000087500000, 0x0000000087500000, 0x0000000087600000|  0%| F|  |TAMS 0x0000000087500000| PB 0x0000000087500000| Untracked |  0
|  80|0x0000000087600000, 0x0000000087600000, 0x0000000087700000|  0%| F|  |TAMS 0x0000000087600000| PB 0x0000000087600000| Untracked |  0
|  81|0x0000000087700000, 0x0000000087700000, 0x0000000087800000|  0%| F|  |TAMS 0x0000000087700000| PB 0x0000000087700000| Untracked |  0
|  82|0x0000000087800000, 0x0000000087800000, 0x0000000087900000|  0%| F|  |TAMS 0x0000000087800000| PB 0x0000000087800000| Untracked |  0
|  83|0x0000000087900000, 0x0000000087900000, 0x0000000087a00000|  0%| F|  |TAMS 0x0000000087900000| PB 0x0000000087900000| Untracked |  0
|  84|0x0000000087a00000, 0x0000000087a00000, 0x0000000087b00000|  0%| F|  |TAMS 0x0000000087a00000| PB 0x0000000087a00000| Untracked |  0
|  85|0x0000000087b00000, 0x0000000087b00000, 0x0000000087c00000|  0%| F|  |TAMS 0x0000000087b00000| PB 0x0000000087b00000| Untracked |  0
|  86|0x0000000087c00000, 0x0000000087c00000, 0x0000000087d00000|  0%| F|  |TAMS 0x0000000087c00000| PB 0x0000000087c00000| Untracked |  0
|  87|0x0000000087d00000, 0x0000000087d00000, 0x0000000087e00000|  0%| F|  |TAMS 0x0000000087d00000| PB 0x0000000087d00000| Untracked |  0
|  88|0x0000000087e00000, 0x0000000087e00000, 0x0000000087f00000|  0%| F|  |TAMS 0x0000000087e00000| PB 0x0000000087e00000| Untracked |  0
|  89|0x0000000087f00000, 0x0000000087f00000, 0x0000000088000000|  0%| F|  |TAMS 0x0000000087f00000| PB 0x0000000087f00000| Untracked |  0
|  90|0x0000000088000000, 0x0000000088000000, 0x0000000088100000|  0%| F|  |TAMS 0x0000000088000000| PB 0x0000000088000000| Untracked |  0
|  91|0x0000000088100000, 0x0000000088100000, 0x0000000088200000|  0%| F|  |TAMS 0x0000000088100000| PB 0x0000000088100000| Untracked |  0
|  92|0x0000000088200000, 0x0000000088200000, 0x0000000088300000|  0%| F|  |TAMS 0x0000000088200000| PB 0x0000000088200000| Untracked |  0
|  93|0x0000000088300000, 0x0000000088300000, 0x0000000088400000|  0%| F|  |TAMS 0x0000000088300000| PB 0x0000000088300000| Untracked |  0
|  94|0x0000000088400000, 0x0000000088400000, 0x0000000088500000|  0%| F|  |TAMS 0x0000000088400000| PB 0x0000000088400000| Untracked |  0
|  95|0x0000000088500000, 0x0000000088500000, 0x0000000088600000|  0%| F|  |TAMS 0x0000000088500000| PB 0x0000000088500000| Untracked |  0
|  96|0x0000000088600000, 0x0000000088600000, 0x0000000088700000|  0%| F|  |TAMS 0x0000000088600000| PB 0x0000000088600000| Untracked |  0
|  97|0x0000000088700000, 0x0000000088700000, 0x0000000088800000|  0%| F|  |TAMS 0x0000000088700000| PB 0x0000000088700000| Untracked |  0
|  98|0x0000000088800000, 0x0000000088800000, 0x0000000088900000|  0%| F|  |TAMS 0x0000000088800000| PB 0x0000000088800000| Untracked |  0
|  99|0x0000000088900000, 0x0000000088900000, 0x0000000088a00000|  0%| F|  |TAMS 0x0000000088900000| PB 0x0000000088900000| Untracked |  0
| 100|0x0000000088a00000, 0x0000000088a00000, 0x0000000088b00000|  0%| F|  |TAMS 0x0000000088a00000| PB 0x0000000088a00000| Untracked |  0
| 101|0x0000000088b00000, 0x0000000088b00000, 0x0000000088c00000|  0%| F|  |TAMS 0x0000000088b00000| PB 0x0000000088b00000| Untracked |  0
| 102|0x0000000088c00000, 0x0000000088c00000, 0x0000000088d00000|  0%| F|  |TAMS 0x0000000088c00000| PB 0x0000000088c00000| Untracked |  0
| 103|0x0000000088d00000, 0x0000000088d00000, 0x0000000088e00000|  0%| F|  |TAMS 0x0000000088d00000| PB 0x0000000088d00000| Untracked |  0
| 104|0x0000000088e00000, 0x0000000088f00000, 0x0000000088f00000|100%| E|  |TAMS 0x0000000088e00000| PB 0x0000000088e00000| Complete |  0
| 105|0x0000000088f00000, 0x0000000089000000, 0x0000000089000000|100%| E|CS|TAMS 0x0000000088f00000| PB 0x0000000088f00000| Complete |  0
| 106|0x0000000089000000, 0x0000000089100000, 0x0000000089100000|100%| E|CS|TAMS 0x0000000089000000| PB 0x0000000089000000| Complete |  0
| 107|0x0000000089100000, 0x0000000089200000, 0x0000000089200000|100%| E|CS|TAMS 0x0000000089100000| PB 0x0000000089100000| Complete |  0
| 108|0x0000000089200000, 0x0000000089300000, 0x0000000089300000|100%| E|CS|TAMS 0x0000000089200000| PB 0x0000000089200000| Complete |  0
| 109|0x0000000089300000, 0x0000000089400000, 0x0000000089400000|100%| E|CS|TAMS 0x0000000089300000| PB 0x0000000089300000| Complete |  0
| 110|0x0000000089400000, 0x0000000089500000, 0x0000000089500000|100%| E|CS|TAMS 0x0000000089400000| PB 0x0000000089400000| Complete |  0
| 111|0x0000000089500000, 0x0000000089600000, 0x0000000089600000|100%| E|CS|TAMS 0x0000000089500000| PB 0x0000000089500000| Complete |  0
| 112|0x0000000089600000, 0x0000000089700000, 0x0000000089700000|100%| E|CS|TAMS 0x0000000089600000| PB 0x0000000089600000| Complete |  0
| 113|0x0000000089700000, 0x0000000089800000, 0x0000000089800000|100%| E|CS|TAMS 0x0000000089700000| PB 0x0000000089700000| Complete |  0
| 114|0x0000000089800000, 0x0000000089900000, 0x0000000089900000|100%| E|CS|TAMS 0x0000000089800000| PB 0x0000000089800000| Complete |  0
| 115|0x0000000089900000, 0x0000000089a00000, 0x0000000089a00000|100%| E|CS|TAMS 0x0000000089900000| PB 0x0000000089900000| Complete |  0
| 116|0x0000000089a00000, 0x0000000089b00000, 0x0000000089b00000|100%| E|CS|TAMS 0x0000000089a00000| PB 0x0000000089a00000| Complete |  0
| 117|0x0000000089b00000, 0x0000000089c00000, 0x0000000089c00000|100%| E|CS|TAMS 0x0000000089b00000| PB 0x0000000089b00000| Complete |  0
| 118|0x0000000089c00000, 0x0000000089d00000, 0x0000000089d00000|100%| E|CS|TAMS 0x0000000089c00000| PB 0x0000000089c00000| Complete |  0
| 119|0x0000000089d00000, 0x0000000089e00000, 0x0000000089e00000|100%| E|CS|TAMS 0x0000000089d00000| PB 0x0000000089d00000| Complete |  0
| 120|0x0000000089e00000, 0x0000000089f00000, 0x0000000089f00000|100%| E|CS|TAMS 0x0000000089e00000| PB 0x0000000089e00000| Complete |  0
| 121|0x0000000089f00000, 0x000000008a000000, 0x000000008a000000|100%| E|CS|TAMS 0x0000000089f00000| PB 0x0000000089f00000| Complete |  0
| 122|0x000000008a000000, 0x000000008a100000, 0x000000008a100000|100%| E|CS|TAMS 0x000000008a000000| PB 0x000000008a000000| Complete |  0
| 123|0x000000008a100000, 0x000000008a200000, 0x000000008a200000|100%| E|CS|TAMS 0x000000008a100000| PB 0x000000008a100000| Complete |  0
| 124|0x000000008a200000, 0x000000008a300000, 0x000000008a300000|100%| E|CS|TAMS 0x000000008a200000| PB 0x000000008a200000| Complete |  0
| 125|0x000000008a300000, 0x000000008a400000, 0x000000008a400000|100%| E|CS|TAMS 0x000000008a300000| PB 0x000000008a300000| Complete |  0
|2008|0x00000000ffe00000, 0x00000000fff00000, 0x00000000fff00000|100%| O|  |TAMS 0x00000000ffe00000| PB 0x00000000ffe00000| Untracked |  0
|2009|0x00000000fff00000, 0x00000000fff1c2f8, 0x0000000100000000| 11%| O|  |TAMS 0x00000000fff00000| PB 0x00000000fff00000| Untracked |  0

Card table byte_map: [0x0000026b44590000,0x0000026b44980000] _byte_map_base: 0x0000026b4417d000

Marking Bits: (CMBitMap*) 0x0000026b2c3be550
 Bits: [0x0000026b44980000, 0x0000026b468e8000)

Polling page: 0x0000026b2bad0000

Metaspace:

Usage:
  Non-class:     11.56 MB used.
      Class:      1.17 MB used.
       Both:     12.73 MB used.

Virtual space:
  Non-class space:       64.00 MB reserved,      11.69 MB ( 18%) committed,  1 nodes.
      Class space:        1.00 GB reserved,       1.25 MB ( <1%) committed,  1 nodes.
             Both:        1.06 GB reserved,      12.94 MB (  1%) committed. 

Chunk freelists:
   Non-Class:  4.14 MB
       Class:  14.69 MB
        Both:  18.83 MB

MaxMetaspaceSize: unlimited
CompressedClassSpaceSize: 1.00 GB
Initial GC threshold: 21.00 MB
Current GC threshold: 21.00 MB
CDS: on
 - commit_granule_bytes: 65536.
 - commit_granule_words: 8192.
 - virtual_space_node_default_size: 8388608.
 - enlarge_chunks_in_place: 1.
UseCompressedClassPointers 1, UseCompactObjectHeaders 0
Narrow klass pointer bits 32, Max shift 3
Narrow klass base: 0x0000026b4a000000, Narrow klass shift: 0
Encoding Range: [0x0000026b4a000000 - 0x0000026c4a000000), (4294967296 bytes)
Klass Range:    [0x0000026b4a000000 - 0x0000026b8b000000), (1090519040 bytes)
Klass ID Range:  [8 - 1090519033) (1090519025)


Internal statistics:

num_allocs_failed_limit: 0.
num_arena_births: 102.
num_arena_deaths: 0.
num_vsnodes_births: 2.
num_vsnodes_deaths: 0.
num_space_committed: 207.
num_space_uncommitted: 0.
num_chunks_returned_to_freelist: 0.
num_chunks_taken_from_freelist: 246.
num_chunk_merges: 0.
num_chunk_splits: 153.
num_chunks_enlarged: 105.
num_inconsistent_stats: 0.

CodeHeap 'non-profiled nmethods': size=120064Kb used=408Kb max_used=408Kb free=119655Kb
 bounds [0x0000026b3c930000, 0x0000026b3cba0000, 0x0000026b43e70000]
CodeHeap 'profiled nmethods': size=120000Kb used=1901Kb max_used=1901Kb free=118098Kb
 bounds [0x0000026b34e70000, 0x0000026b350e0000, 0x0000026b3c3a0000]
CodeHeap 'non-nmethods': size=5696Kb used=1468Kb max_used=1489Kb free=4227Kb
 bounds [0x0000026b3c3a0000, 0x0000026b3c610000, 0x0000026b3c930000]
CodeCache: size=245760Kb, used=3777Kb, max_used=3798Kb, free=241980Kb
 total_blobs=1988, nmethods=1350, adapters=544, full_count=0
Compilation: enabled, stopped_count=0, restarted_count=0

Compilation events (20 events):
Event: 1.008 Thread 0x0000026b4937b8a0 nmethod 1324 0x0000026b35042708 code [0x0000026b35042820, 0x0000026b35042930]
Event: 1.008 Thread 0x0000026b4937b8a0 1323       1       com.mysql.cj.protocol.a.NativePacketPayload::setPosition (6 bytes)
Event: 1.008 Thread 0x0000026b4937b8a0 nmethod 1323 0x0000026b3c994d08 code [0x0000026b3c994e00, 0x0000026b3c994ec8]
Event: 1.010 Thread 0x0000026b4934ebc0 1325   !   4       java.lang.ref.ReferenceQueue::poll (58 bytes)
Event: 1.011 Thread 0x0000026b4937b8a0 1326       3       java.lang.ClassLoader::compareCerts (197 bytes)
Event: 1.011 Thread 0x0000026b4934ebc0 nmethod 1325 0x0000026b3c995008 code [0x0000026b3c995100, 0x0000026b3c995198]
Event: 1.012 Thread 0x0000026b4937b8a0 nmethod 1326 0x0000026b35042a08 code [0x0000026b35042ba0, 0x0000026b35043390]
Event: 1.013 Thread 0x0000026b4937a980 1327       4       java.lang.StringLatin1::indexOf (121 bytes)
Event: 1.013 Thread 0x0000026b4937b8a0 1328       3       java.util.ArrayDeque::pollFirst (36 bytes)
Event: 1.014 Thread 0x0000026b4937b8a0 nmethod 1328 0x0000026b35043408 code [0x0000026b35043540, 0x0000026b35043908]
Event: 1.015 Thread 0x0000026b4937b8a0 1329       3       java.util.Arrays::fill (21 bytes)
Event: 1.016 Thread 0x0000026b4937b8a0 nmethod 1329 0x0000026b35043988 code [0x0000026b35043aa0, 0x0000026b35043c30]
Event: 1.016 Thread 0x0000026b4937b8a0 1330       3       java.nio.ByteBuffer::position (6 bytes)
Event: 1.016 Thread 0x0000026b4937b8a0 nmethod 1330 0x0000026b35043c88 code [0x0000026b35043da0, 0x0000026b35043f68]
Event: 1.016 Thread 0x0000026b4937b8a0 1331       1       com.mysql.cj.conf.AbstractRuntimeProperty::getValue (5 bytes)
Event: 1.016 Thread 0x0000026b4937b8a0 nmethod 1331 0x0000026b3c995308 code [0x0000026b3c995400, 0x0000026b3c9954c8]
Event: 1.017 Thread 0x0000026b4937b8a0 1332       3       java.nio.ByteBuffer::<init> (47 bytes)
Event: 1.017 Thread 0x0000026b4937b8a0 nmethod 1332 0x0000026b35043f88 code [0x0000026b350440c0, 0x0000026b350442e0]
Event: 1.020 Thread 0x0000026b4937b8a0 1333       1       java.nio.DirectByteBuffer::attachment (5 bytes)
Event: 1.020 Thread 0x0000026b4937b8a0 nmethod 1333 0x0000026b3c995608 code [0x0000026b3c995700, 0x0000026b3c9957c8]

GC Heap History (0 events):
No events

Dll operation events (9 events):
Event: 0.012 Loaded shared library C:\Program Files\Apache NetBeans\jdk\bin\java.dll
Event: 0.042 Loaded shared library C:\Program Files\Apache NetBeans\jdk\bin\jsvml.dll
Event: 0.053 Loaded shared library C:\Program Files\Apache NetBeans\jdk\bin\net.dll
Event: 0.056 Loaded shared library C:\Program Files\Apache NetBeans\jdk\bin\nio.dll
Event: 0.061 Loaded shared library C:\Program Files\Apache NetBeans\jdk\bin\zip.dll
Event: 0.098 Loaded shared library C:\Program Files\Apache NetBeans\jdk\bin\jimage.dll
Event: 0.109 Loaded shared library C:\Program Files\Apache NetBeans\jdk\bin\awt.dll
Event: 0.484 Loaded shared library C:\Program Files\Apache NetBeans\jdk\bin\extnet.dll
Event: 0.726 Loaded shared library C:\Program Files\Apache NetBeans\jdk\bin\sunmscapi.dll

Deoptimization events (20 events):
Event: 0.872 Thread 0x0000026b29f1a4c0 DEOPT PACKING pc=0x0000026b35006626 sp=0x0000007c575fd350
Event: 0.872 Thread 0x0000026b29f1a4c0 DEOPT UNPACKING pc=0x0000026b3c3f5722 sp=0x0000007c575fc778 mode 0
Event: 0.873 Thread 0x0000026b29f1a4c0 DEOPT PACKING pc=0x0000026b35006626 sp=0x0000007c575fd350
Event: 0.873 Thread 0x0000026b29f1a4c0 DEOPT UNPACKING pc=0x0000026b3c3f5722 sp=0x0000007c575fc778 mode 0
Event: 0.874 Thread 0x0000026b29f1a4c0 DEOPT PACKING pc=0x0000026b35006626 sp=0x0000007c575fd350
Event: 0.874 Thread 0x0000026b29f1a4c0 DEOPT UNPACKING pc=0x0000026b3c3f5722 sp=0x0000007c575fc778 mode 0
Event: 0.875 Thread 0x0000026b29f1a4c0 DEOPT PACKING pc=0x0000026b35006626 sp=0x0000007c575fd350
Event: 0.875 Thread 0x0000026b29f1a4c0 DEOPT UNPACKING pc=0x0000026b3c3f5722 sp=0x0000007c575fc778 mode 0
Event: 0.901 Thread 0x0000026b29f1a4c0 Uncommon trap: trap_request=0xffffff4d fr.pc=0x0000026b3c95c8bc relative=0x000000000000011c
Event: 0.901 Thread 0x0000026b29f1a4c0 Uncommon trap: reason=unstable_if action=reinterpret pc=0x0000026b3c95c8bc method=java.math.BigInteger.addOne([IIII)I @ 55 c2
Event: 0.901 Thread 0x0000026b29f1a4c0 DEOPT PACKING pc=0x0000026b3c95c8bc sp=0x0000007c575fe060
Event: 0.901 Thread 0x0000026b29f1a4c0 DEOPT UNPACKING pc=0x0000026b3c4b6482 sp=0x0000007c575fe000 mode 2
Event: 0.904 Thread 0x0000026b29f1a4c0 Uncommon trap: trap_request=0xffffff66 fr.pc=0x0000026b3c989abc relative=0x00000000000001fc
Event: 0.905 Thread 0x0000026b29f1a4c0 Uncommon trap: reason=speculate_class_check action=maybe_recompile pc=0x0000026b3c989abc method=sun.security.util.math.intpoly.IntegerPolynomial.multByInt([JJ)V @ 26 c2
Event: 0.905 Thread 0x0000026b29f1a4c0 DEOPT PACKING pc=0x0000026b3c989abc sp=0x0000007c575fe3c0
Event: 0.905 Thread 0x0000026b29f1a4c0 DEOPT UNPACKING pc=0x0000026b3c4b6482 sp=0x0000007c575fe2d0 mode 2
Event: 0.978 Thread 0x0000026b29f1a4c0 Uncommon trap: trap_request=0xffffffde fr.pc=0x0000026b3c977c00 relative=0x0000000000000440
Event: 0.978 Thread 0x0000026b29f1a4c0 Uncommon trap: reason=class_check action=maybe_recompile pc=0x0000026b3c977c00 method=java.util.HashMap.putVal(ILjava/lang/Object;Ljava/lang/Object;ZZ)Ljava/lang/Object; @ 253 c2
Event: 0.978 Thread 0x0000026b29f1a4c0 DEOPT PACKING pc=0x0000026b3c977c00 sp=0x0000007c575fe400
Event: 0.978 Thread 0x0000026b29f1a4c0 DEOPT UNPACKING pc=0x0000026b3c4b6482 sp=0x0000007c575fe370 mode 2

Classes loaded (20 events):
Event: 0.965 Loading class sun/security/util/MemoryCache$QueueCacheEntry done
Event: 0.966 Loading class java/util/Collections$CopiesList
Event: 0.966 Loading class java/util/Collections$CopiesList done
Event: 0.967 Loading class java/lang/invoke/MethodHandleImpl$ArrayAccessor
Event: 0.967 Loading class java/lang/invoke/MethodHandleImpl$ArrayAccessor done
Event: 0.967 Loading class java/lang/invoke/MethodHandleImpl$ArrayAccessor$1
Event: 0.967 Loading class java/lang/ClassValue
Event: 0.967 Loading class java/lang/ClassValue done
Event: 0.967 Loading class java/lang/invoke/MethodHandleImpl$ArrayAccessor$1 done
Event: 0.968 Loading class java/lang/ClassValue$Entry
Event: 0.968 Loading class java/lang/ClassValue$Entry done
Event: 0.968 Loading class java/lang/ClassValue$Identity
Event: 0.968 Loading class java/lang/ClassValue$Identity done
Event: 0.968 Loading class java/lang/ClassValue$Version
Event: 0.968 Loading class java/lang/ClassValue$Version done
Event: 0.968 Loading class java/lang/ClassValue$ClassValueMap
Event: 0.968 Loading class java/lang/ClassValue$ClassValueMap done
Event: 0.969 Loading class java/lang/invoke/MethodHandleImpl$ArrayAccess
Event: 0.969 Loading class java/lang/invoke/MethodHandleImpl$ArrayAccess done
Event: 1.187 Loading class sun/awt/AppContext$PostShutdownEventRunnable

Classes unloaded (0 events):
No events

Classes redefined (0 events):
No events

Internal exceptions (20 events):
Event: 0.184 Thread 0x0000026b29f1a4c0 Exception <a 'java/lang/NoSuchMethodError'{0x000000008a1e8cb0}: 'java.lang.Object java.lang.invoke.DirectMethodHandle$Holder.invokeStaticInit(java.lang.Object, long)'> (0x000000008a1e8cb0) 
thrown [s\src\hotspot\share\interpreter\linkResolver.cpp, line 805]
Event: 0.206 Thread 0x0000026b29f1a4c0 Exception <a 'java/lang/NoSuchMethodError'{0x000000008a09ad40}: 'void java.lang.invoke.DirectMethodHandle$Holder.invokeSpecial(java.lang.Object, java.lang.Object, java.lang.Object)'> (0x000000008a09ad40) 
thrown [s\src\hotspot\share\interpreter\linkResolver.cpp, line 805]
Event: 0.215 Thread 0x0000026b29f1a4c0 Exception <a 'java/lang/NoSuchMethodError'{0x0000000089f0a820}: 'java.lang.Object java.lang.invoke.DirectMethodHandle$Holder.newInvokeSpecial(java.lang.Object, java.lang.Object, java.lang.Object, java.lang.Object, java.lang.Object)'> (0x0000000089f0a820) 
thrown [s\src\hotspot\share\interpreter\linkResolver.cpp, line 805]
Event: 0.223 Thread 0x0000026b29f1a4c0 Exception <a 'java/lang/NoSuchMethodError'{0x0000000089f72968}: 'java.lang.Object java.lang.invoke.DirectMethodHandle$Holder.invokeStatic(java.lang.Object, int, java.lang.Object)'> (0x0000000089f72968) 
thrown [s\src\hotspot\share\interpreter\linkResolver.cpp, line 805]
Event: 0.256 Thread 0x0000026b29f1a4c0 Exception <a 'java/lang/ClassNotFoundException'{0x0000000089da0098}: com/sun/swing/internal/plaf/metal/resources/spi/metalProvider> (0x0000000089da0098) 
thrown [s\src\hotspot\share\classfile\systemDictionary.cpp, line 327]
Event: 0.257 Thread 0x0000026b29f1a4c0 Exception <a 'java/lang/ClassNotFoundException'{0x0000000089da3af8}: com/sun/swing/internal/plaf/basic/resources/spi/basicProvider> (0x0000000089da3af8) 
thrown [s\src\hotspot\share\classfile\systemDictionary.cpp, line 327]
Event: 0.267 Thread 0x0000026b29f1a4c0 Exception <a 'java/lang/NoSuchMethodError'{0x0000000089dd1c90}: 'int java.lang.invoke.Invokers$Holder.invokeExact_MT(java.lang.Object, java.lang.Object)'> (0x0000000089dd1c90) 
thrown [s\src\hotspot\share\interpreter\linkResolver.cpp, line 805]
Event: 0.278 Thread 0x0000026b29f1a4c0 Exception <a 'java/lang/NoSuchMethodError'{0x0000000089dff8a0}: 'void java.lang.invoke.DirectMethodHandle$Holder.invokeStatic(java.lang.Object, java.lang.Object)'> (0x0000000089dff8a0) 
thrown [s\src\hotspot\share\interpreter\linkResolver.cpp, line 805]
Event: 0.310 Thread 0x0000026b29f1a4c0 Exception <a 'java/lang/NoSuchMethodError'{0x0000000089b34f60}: 'java.lang.Object java.lang.invoke.DirectMethodHandle$Holder.invokeInterface(java.lang.Object, java.lang.Object)'> (0x0000000089b34f60) 
thrown [s\src\hotspot\share\interpreter\linkResolver.cpp, line 805]
Event: 0.355 Thread 0x0000026b29f1a4c0 Exception <a 'java/lang/NoSuchMethodError'{0x00000000899e57f8}: 'void java.lang.invoke.DirectMethodHandle$Holder.invokeStatic(java.lang.Object, java.lang.Object, java.lang.Object)'> (0x00000000899e57f8) 
thrown [s\src\hotspot\share\interpreter\linkResolver.cpp, line 805]
Event: 0.358 Thread 0x0000026b29f1a4c0 Exception <a 'java/lang/NoSuchMethodError'{0x00000000899fd5a8}: 'java.lang.Object java.lang.invoke.DirectMethodHandle$Holder.invokeVirtual(java.lang.Object, java.lang.Object, java.lang.Object)'> (0x00000000899fd5a8) 
thrown [s\src\hotspot\share\interpreter\linkResolver.cpp, line 805]
Event: 0.563 Thread 0x0000026b29f1a4c0 Exception <a 'java/lang/NoSuchMethodError'{0x00000000893026a0}: 'void java.lang.invoke.DirectMethodHandle$Holder.invokeStaticInit(java.lang.Object, java.lang.Object)'> (0x00000000893026a0) 
thrown [s\src\hotspot\share\interpreter\linkResolver.cpp, line 805]
Event: 0.643 Thread 0x0000026b29f1a4c0 Exception <a 'sun/nio/fs/WindowsException'{0x000000008925ab90}> (0x000000008925ab90) 
thrown [s\src\hotspot\share\prims\jni.cpp, line 518]
Event: 0.687 Thread 0x0000026b29f1a4c0 Exception <a 'java/lang/NoSuchMethodError'{0x0000000089104980}: 'java.lang.Object java.lang.invoke.DirectMethodHandle$Holder.invokeStaticInit(java.lang.Object, int, int, int, int)'> (0x0000000089104980) 
thrown [s\src\hotspot\share\interpreter\linkResolver.cpp, line 805]
Event: 0.707 Thread 0x0000026b29f1a4c0 Exception <a 'java/lang/NoSuchMethodError'{0x00000000891594e0}: 'java.lang.Object java.lang.invoke.DirectMethodHandle$Holder.invokeStaticInit(java.lang.Object, java.lang.Object, int, int, int, int)'> (0x00000000891594e0) 
thrown [s\src\hotspot\share\interpreter\linkResolver.cpp, line 805]
Event: 0.903 Thread 0x0000026b29f1a4c0 Exception <a 'java/lang/NoSuchMethodError'{0x0000000089072620}: 'void java.lang.invoke.DirectMethodHandle$Holder.invokeVirtual(java.lang.Object, java.lang.Object)'> (0x0000000089072620) 
thrown [s\src\hotspot\share\interpreter\linkResolver.cpp, line 805]
Event: 0.965 Thread 0x0000026b29f1a4c0 Exception <a 'java/lang/NoSuchMethodError'{0x0000000088f3cdf0}: 'java.lang.Object java.lang.invoke.Invokers$Holder.invoke_MT(java.lang.Object, java.lang.Object, java.lang.Object, java.lang.Object, java.lang.Object, java.lang.Object)'> (0x0000000088f3cdf0) 
thrown [s\src\hotspot\share\interpreter\linkResolver.cpp, line 805]
Event: 0.966 Thread 0x0000026b29f1a4c0 Exception <a 'java/lang/NoSuchMethodError'{0x0000000088f45ac0}: 'java.lang.Object java.lang.invoke.DirectMethodHandle$Holder.invokeStatic(java.lang.Object, java.lang.Object, int)'> (0x0000000088f45ac0) 
thrown [s\src\hotspot\share\interpreter\linkResolver.cpp, line 805]
Event: 0.971 Thread 0x0000026b29f1a4c0 Exception <a 'java/lang/NoSuchMethodError'{0x0000000088f675a0}: 'void java.lang.invoke.DelegatingMethodHandle$Holder.delegate(java.lang.Object, java.lang.Object, int, java.lang.Object)'> (0x0000000088f675a0) 
thrown [s\src\hotspot\share\interpreter\linkResolver.cpp, line 805]
Event: 0.971 Thread 0x0000026b29f1a4c0 Exception <a 'java/lang/NoSuchMethodError'{0x0000000088f6fe40}: 'int java.lang.invoke.DirectMethodHandle$Holder.invokeSpecial(java.lang.Object, java.lang.Object, java.lang.Object)'> (0x0000000088f6fe40) 
thrown [s\src\hotspot\share\interpreter\linkResolver.cpp, line 805]

VM Operations (10 events):
Event: 0.255 Executing VM operation: HandshakeAllThreads (Deoptimize)
Event: 0.256 Executing VM operation: HandshakeAllThreads (Deoptimize) done
Event: 0.271 Executing VM operation: HandshakeAllThreads (Deoptimize)
Event: 0.271 Executing VM operation: HandshakeAllThreads (Deoptimize) done
Event: 0.465 Executing VM operation: HandshakeAllThreads (Deoptimize)
Event: 0.465 Executing VM operation: HandshakeAllThreads (Deoptimize) done
Event: 0.623 Executing VM operation: HandshakeAllThreads (Deoptimize)
Event: 0.624 Executing VM operation: HandshakeAllThreads (Deoptimize) done
Event: 0.969 Executing VM operation: HandshakeAllThreads (Deoptimize)
Event: 0.969 Executing VM operation: HandshakeAllThreads (Deoptimize) done

Memory protections (0 events):
No events

Nmethod flushes (0 events):
No events

Events (17 events):
Event: 0.024 Thread 0x0000026b29f1a4c0 Thread added: 0x0000026b29f1a4c0
Event: 0.039 Thread 0x0000026b29f1a4c0 Thread added: 0x0000026b4933c030
Event: 0.039 Thread 0x0000026b29f1a4c0 Thread added: 0x0000026b4933c970
Event: 0.039 Thread 0x0000026b29f1a4c0 Thread added: 0x0000026b49341f00
Event: 0.039 Thread 0x0000026b29f1a4c0 Thread added: 0x0000026b49342a30
Event: 0.039 Thread 0x0000026b29f1a4c0 Thread added: 0x0000026b49343560
Event: 0.039 Thread 0x0000026b29f1a4c0 Thread added: 0x0000026b493441c0
Event: 0.040 Thread 0x0000026b29f1a4c0 Thread added: 0x0000026b4934ebc0
Event: 0.040 Thread 0x0000026b29f1a4c0 Thread added: 0x0000026b4937b8a0
Event: 0.047 Thread 0x0000026b29f1a4c0 Thread added: 0x0000026b493e5d50
Event: 0.050 Thread 0x0000026b29f1a4c0 Thread added: 0x0000026b49417d80
Event: 0.166 Thread 0x0000026b29f1a4c0 Thread added: 0x0000026b8f044ee0
Event: 0.167 Thread 0x0000026b29f1a4c0 Thread added: 0x0000026b8f045a30
Event: 0.168 Thread 0x0000026b29f1a4c0 Thread added: 0x0000026b8f0463a0
Event: 0.279 Thread 0x0000026b29f1a4c0 Thread added: 0x0000026b8f41f730
Event: 0.323 Thread 0x0000026b4937b8a0 Thread added: 0x0000026b4937b110
Event: 0.341 Thread 0x0000026b4937b8a0 Thread added: 0x0000026b4937a980


Dynamic libraries:
0x00007ff770440000 - 0x00007ff77044e000 	C:\Program Files\Apache NetBeans\jdk\bin\java.exe
0x00007ffe2d000000 - 0x00007ffe2d265000 	C:\WINDOWS\SYSTEM32\ntdll.dll
0x00007ffe2be80000 - 0x00007ffe2bf49000 	C:\WINDOWS\System32\KERNEL32.DLL
0x00007ffe2a350000 - 0x00007ffe2a738000 	C:\WINDOWS\System32\KERNELBASE.dll
0x00007ffe2a770000 - 0x00007ffe2a8bb000 	C:\WINDOWS\System32\ucrtbase.dll
0x00007ffe20e40000 - 0x00007ffe20e5e000 	C:\Program Files\Apache NetBeans\jdk\bin\VCRUNTIME140.dll
0x00007ffdfb240000 - 0x00007ffdfb256000 	C:\Program Files\Apache NetBeans\jdk\bin\jli.dll
0x00007ffe2b910000 - 0x00007ffe2bada000 	C:\WINDOWS\System32\USER32.dll
0x00007ffe2a740000 - 0x00007ffe2a767000 	C:\WINDOWS\System32\win32u.dll
0x00007ffe151b0000 - 0x00007ffe1544a000 	C:\WINDOWS\WinSxS\amd64_microsoft.windows.common-controls_6595b64144ccf1df_6.0.26100.4202_none_3e0698d4e335f517\COMCTL32.dll
0x00007ffe2cf80000 - 0x00007ffe2cfab000 	C:\WINDOWS\System32\GDI32.dll
0x00007ffe2ced0000 - 0x00007ffe2cf79000 	C:\WINDOWS\System32\msvcrt.dll
0x00007ffe2ac60000 - 0x00007ffe2ad97000 	C:\WINDOWS\System32\gdi32full.dll
0x00007ffe2a150000 - 0x00007ffe2a1f3000 	C:\WINDOWS\System32\msvcp_win.dll
0x00007ffe2c990000 - 0x00007ffe2c9c0000 	C:\WINDOWS\System32\IMM32.DLL
0x00007ffe00bb0000 - 0x00007ffe00bbc000 	C:\Program Files\Apache NetBeans\jdk\bin\vcruntime140_1.dll
0x00007ffdf4c00000 - 0x00007ffdf4c8d000 	C:\Program Files\Apache NetBeans\jdk\bin\msvcp140.dll
0x00007ffdd83d0000 - 0x00007ffdd924c000 	C:\Program Files\Apache NetBeans\jdk\bin\server\jvm.dll
0x00007ffe2c9d0000 - 0x00007ffe2ca83000 	C:\WINDOWS\System32\ADVAPI32.dll
0x00007ffe2bdd0000 - 0x00007ffe2be76000 	C:\WINDOWS\System32\sechost.dll
0x00007ffe2cc40000 - 0x00007ffe2cd55000 	C:\WINDOWS\System32\RPCRT4.dll
0x00007ffe2b280000 - 0x00007ffe2b2f4000 	C:\WINDOWS\System32\WS2_32.dll
0x00007ffe28d90000 - 0x00007ffe28dee000 	C:\WINDOWS\SYSTEM32\POWRPROF.dll
0x00007ffe16770000 - 0x00007ffe167a5000 	C:\WINDOWS\SYSTEM32\WINMM.dll
0x00007ffe19730000 - 0x00007ffe1973b000 	C:\WINDOWS\SYSTEM32\VERSION.dll
0x00007ffe28d70000 - 0x00007ffe28d84000 	C:\WINDOWS\SYSTEM32\UMPDC.dll
0x00007ffe29030000 - 0x00007ffe2904b000 	C:\WINDOWS\SYSTEM32\kernel.appcore.dll
0x00007ffdfc8e0000 - 0x00007ffdfc8ea000 	C:\Program Files\Apache NetBeans\jdk\bin\jimage.dll
0x00007ffe27ac0000 - 0x00007ffe27d01000 	C:\WINDOWS\SYSTEM32\DBGHELP.DLL
0x00007ffe2ae70000 - 0x00007ffe2b1f5000 	C:\WINDOWS\System32\combase.dll
0x00007ffe2cd80000 - 0x00007ffe2ce61000 	C:\WINDOWS\System32\OLEAUT32.dll
0x00007ffe07ba0000 - 0x00007ffe07bd9000 	C:\WINDOWS\SYSTEM32\dbgcore.DLL
0x00007ffe2a8c0000 - 0x00007ffe2a959000 	C:\WINDOWS\System32\bcryptPrimitives.dll
0x00007ffdfb730000 - 0x00007ffdfb74e000 	C:\Program Files\Apache NetBeans\jdk\bin\java.dll
0x00007ffe2ca90000 - 0x00007ffe2cc2e000 	C:\WINDOWS\System32\ole32.dll
0x00007ffe2c010000 - 0x00007ffe2c752000 	C:\WINDOWS\System32\SHELL32.dll
0x00007ffe2a960000 - 0x00007ffe2aad4000 	C:\WINDOWS\System32\wintypes.dll
0x00007ffe27df0000 - 0x00007ffe28648000 	C:\WINDOWS\SYSTEM32\windows.storage.dll
0x00007ffe2c890000 - 0x00007ffe2c981000 	C:\WINDOWS\System32\SHCORE.dll
0x00007ffe2bae0000 - 0x00007ffe2bb4a000 	C:\WINDOWS\System32\shlwapi.dll
0x00007ffe2a060000 - 0x00007ffe2a08f000 	C:\WINDOWS\SYSTEM32\profapi.dll
0x00007ffdf4c90000 - 0x00007ffdf4d67000 	C:\Program Files\Apache NetBeans\jdk\bin\jsvml.dll
0x00007ffdfb230000 - 0x00007ffdfb240000 	C:\Program Files\Apache NetBeans\jdk\bin\net.dll
0x00007ffe295a0000 - 0x00007ffe2960a000 	C:\WINDOWS\system32\mswsock.dll
0x00007ffdfa1f0000 - 0x00007ffdfa206000 	C:\Program Files\Apache NetBeans\jdk\bin\nio.dll
0x00007ffdfa6f0000 - 0x00007ffdfa707000 	C:\Program Files\Apache NetBeans\jdk\bin\zip.dll
0x00007ffdf3510000 - 0x00007ffdf368e000 	C:\Program Files\Apache NetBeans\jdk\bin\awt.dll
0x00007ffe26360000 - 0x00007ffe263fe000 	C:\WINDOWS\SYSTEM32\apphelp.dll
0x00007ffe26e40000 - 0x00007ffe26e76000 	C:\WINDOWS\system32\DWMAPI.DLL
0x00007ffe264a0000 - 0x00007ffe2654f000 	C:\WINDOWS\system32\uxtheme.dll
0x00007ffe028b0000 - 0x00007ffe029c4000 	C:\WINDOWS\system32\opengl32.dll
0x00007ffe03630000 - 0x00007ffe0365d000 	C:\WINDOWS\SYSTEM32\GLU32.dll
0x00007ffe270a0000 - 0x00007ffe270ed000 	C:\WINDOWS\SYSTEM32\dxcore.dll
0x00007ffe2b300000 - 0x00007ffe2b460000 	C:\WINDOWS\System32\MSCTF.dll
0x00007ffe28ac0000 - 0x00007ffe28be7000 	C:\WINDOWS\SYSTEM32\DNSAPI.dll
0x00007ffe289d0000 - 0x00007ffe28a03000 	C:\WINDOWS\SYSTEM32\IPHLPAPI.DLL
0x00007ffe2b900000 - 0x00007ffe2b90a000 	C:\WINDOWS\System32\NSI.dll
0x00007ffe1fcc0000 - 0x00007ffe1fccb000 	C:\Windows\System32\rasadhlp.dll
0x00007ffe20f50000 - 0x00007ffe20fd6000 	C:\WINDOWS\System32\fwpuclnt.dll
0x00007ffdf9d60000 - 0x00007ffdf9d69000 	C:\Program Files\Apache NetBeans\jdk\bin\extnet.dll
0x00007ffe29850000 - 0x00007ffe2986b000 	C:\WINDOWS\SYSTEM32\CRYPTSP.dll
0x00007ffe28f90000 - 0x00007ffe28fca000 	C:\WINDOWS\system32\rsaenh.dll
0x00007ffe29640000 - 0x00007ffe2966b000 	C:\WINDOWS\SYSTEM32\USERENV.dll
0x00007ffe2a030000 - 0x00007ffe2a056000 	C:\WINDOWS\SYSTEM32\bcrypt.dll
0x00007ffe29870000 - 0x00007ffe2987c000 	C:\WINDOWS\SYSTEM32\CRYPTBASE.dll
0x00007ffe12780000 - 0x00007ffe1278e000 	C:\Program Files\Apache NetBeans\jdk\bin\sunmscapi.dll
0x00007ffe2aae0000 - 0x00007ffe2ac57000 	C:\WINDOWS\System32\CRYPT32.dll
0x00007ffe29a70000 - 0x00007ffe29aa0000 	C:\WINDOWS\SYSTEM32\ncrypt.dll
0x00007ffe29a20000 - 0x00007ffe29a5f000 	C:\WINDOWS\SYSTEM32\NTASN1.dll

JVMTI agents: none

dbghelp: loaded successfully - version: 4.0.5 - missing functions: none
symbol engine: initialized successfully - sym options: 0x614 - pdb path: .;C:\Program Files\Apache NetBeans\jdk\bin;C:\WINDOWS\SYSTEM32;C:\WINDOWS\WinSxS\amd64_microsoft.windows.common-controls_6595b64144ccf1df_6.0.26100.4202_none_3e0698d4e335f517;C:\Program Files\Apache NetBeans\jdk\bin\server

VM Arguments:
jvm_args: -Dfile.encoding=UTF-8 
java_command: airlinemanagementsystem.Update
java_class_path (initial): C:\Users\USER\Downloads\Airline Management System-20250626T183211Z-1-001\Airline Management System\jcalendar-tz-1.3.3-4.jar;C:\Users\USER\Downloads\Airline Management System-20250626T183211Z-1-001\Airline Management System\mysql-connector-java-8.0.28.jar;C:\Users\USER\Downloads\Airline Management System-20250626T183211Z-1-001\Airline Management System\rs2xml.jar;C:\Users\USER\OneDrive\Desktop\MS Word Work\FINAL\AirlineManagementSystem\build\classes
Launcher Type: SUN_STANDARD

[Global flags]
     intx CICompilerCount                          = 4                                         {product} {ergonomic}
     uint ConcGCThreads                            = 2                                         {product} {ergonomic}
     uint G1ConcRefinementThreads                  = 8                                         {product} {ergonomic}
   size_t G1HeapRegionSize                         = 1048576                                   {product} {ergonomic}
   size_t InitialHeapSize                          = 132120576                                 {product} {ergonomic}
   size_t MarkStackSize                            = 4194304                                   {product} {ergonomic}
   size_t MarkStackSizeMax                         = 536870912                                 {product} {ergonomic}
   size_t MaxHeapSize                              = 2107637760                                {product} {ergonomic}
   size_t MaxNewSize                               = 1264582656                                {product} {ergonomic}
   size_t MinHeapDeltaBytes                        = 1048576                                   {product} {ergonomic}
   size_t MinHeapSize                              = 8388608                                   {product} {ergonomic}
    uintx NonNMethodCodeHeapSize                   = 5832704                                {pd product} {ergonomic}
    uintx NonProfiledCodeHeapSize                  = 122945536                              {pd product} {ergonomic}
    uintx ProfiledCodeHeapSize                     = 122880000                              {pd product} {ergonomic}
    uintx ReservedCodeCacheSize                    = 251658240                              {pd product} {ergonomic}
     bool SegmentedCodeCache                       = true                                      {product} {ergonomic}
   size_t SoftMaxHeapSize                          = 2107637760                             {manageable} {ergonomic}
     bool UseCompressedOops                        = true                           {product lp64_product} {ergonomic}
     bool UseG1GC                                  = true                                      {product} {ergonomic}
     bool UseLargePagesIndividualAllocation        = false                                  {pd product} {ergonomic}

Logging:
Log output configuration:
 #0: stdout all=warning uptime,level,tags foldmultilines=false
 #1: stderr all=off uptime,level,tags foldmultilines=false

Environment Variables:
PATH=C:\Program Files\Common Files\Oracle\Java\javapath;C:\oraclexe\app\oracle\product\10.2.0\server\bin;C:\WINDOWS\system32;C:\WINDOWS;C:\WINDOWS\System32\Wbem;C:\WINDOWS\System32\WindowsPowerShell\v1.0\;C:\WINDOWS\System32\OpenSSH\;C:\Program Files\MySQL\MySQL Server 8.0\bin;C:\Program Files\Git\cmd;C:\Program Files\Apache NetBeans\jdk\bin;C:\Program Files\MySQL\MySQL Shell 8.0\bin\;C:\MinGW\bin;C:\Users\USER\AppData\Local\Microsoft\WindowsApps;
USERNAME=USER
OS=Windows_NT
PROCESSOR_IDENTIFIER=Intel64 Family 6 Model 142 Stepping 10, GenuineIntel
TMP=C:\Users\USER\AppData\Local\Temp
TEMP=C:\Users\USER\AppData\Local\Temp




Periodic native trim disabled

---------------  S Y S T E M  ---------------

OS:
 Windows 11 , 64 bit Build 26100 (10.0.26100.4202)
OS uptime: 0 days 2:17 hours

CPU: total 8 (initial active 8) (4 cores per cpu, 2 threads per core) family 6 model 142 stepping 10 microcode 0xf6, cx8, cmov, fxsr, ht, mmx, 3dnowpref, sse, sse2, sse3, ssse3, sse4.1, sse4.2, popcnt, lzcnt, tsc, tscinvbit, avx, avx2, aes, erms, clmul, bmi1, bmi2, adx, fma, vzeroupper, clflush, clflushopt, rdtscp, f16c
Processor Information for the first 8 processors :
  Max Mhz: 1992, Current Mhz: 1792, Mhz Limit: 1792

Memory: 4k page, system-wide physical 8035M (1271M free)
TotalPageFile size 20407M (AvailPageFile size 1M)
current process WorkingSet (physical memory assigned to process): 94M, peak: 94M
current process commit charge ("private bytes"): 238M, peak: 239M

vm_info: OpenJDK 64-Bit Server VM (24.0.1+9) for windows-amd64 JRE (24.0.1+9) (Zulu24.30+11-CA), built on 2025-03-21T13:52:34Z with MS VC++ 17.1 (VS2022)

END.
