#
# There is insufficient memory for the Java Runtime Environment to continue.
# Native memory allocation (mmap) failed to map 15728640 bytes. Error detail: G1 virtual space
# Possible reasons:
#   The system is out of physical RAM or swap space
#   This process is running with CompressedOops enabled, and the Java Heap may be blocking the growth of the native heap
# Possible solutions:
#   Reduce memory load on the system
#   Increase physical memory or swap space
#   Check if swap backing store is full
#   Decrease Java heap size (-Xmx/-Xms)
#   Decrease number of Java threads
#   Decrease Java thread stack sizes (-Xss)
#   Set larger code cache with -XX:ReservedCodeCacheSize=
#   JVM is running with Unscaled Compressed Oops mode in which the Java heap is
#     placed in the first 4GB address space. The Java Heap base address is the
#     maximum limit for the native heap growth. Please use -XX:HeapBaseMinAddress
#     to set the Java Heap base and to place the Java Heap above 4GB virtual address.
# This output file may be truncated or incomplete.
#
#  Out of Memory Error (os_windows.cpp:3564), pid=14364, tid=19436
#
# JRE version: OpenJDK Runtime Environment Zulu24.30+11-CA (24.0.1+9) (build 24.0.1+9)
# Java VM: OpenJDK 64-Bit Server VM Zulu24.30+11-CA (24.0.1+9, mixed mode, sharing, tiered, compressed oops, compressed class ptrs, g1 gc, windows-amd64)
# No core dump will be written. Minidumps are not enabled by default on client versions of Windows
#

---------------  S U M M A R Y ------------

Command Line: -Dapplication.home=C:\Program Files\Apache NetBeans\jdk --add-modules=ALL-DEFAULT -Xms8m -Djdk.module.main=jdk.compiler jdk.compiler/com.sun.tools.javac.Main -d C:\Users\USER\OneDrive\Desktop\MS Word Work\FINAL\AirlineManagementSystem\build\classes -classpath C:\Users\USER\OneDrive\Desktop\MS Word Work\FINAL\AirlineManagementSystem\build\classes;C:\Users\USER\Downloads\Airline Management System-20250626T183211Z-1-001\Airline Management System\jcalendar-tz-1.3.3-4.jar;C:\Users\USER\Downloads\Airline Management System-20250626T183211Z-1-001\Airline Management System\mysql-connector-java-8.0.28.jar;C:\Users\USER\Downloads\Airline Management System-20250626T183211Z-1-001\Airline Management System\rs2xml.jar -sourcepath C:\Users\USER\OneDrive\Desktop\MS Word Work\FINAL\AirlineManagementSystem\src -target 17 -encoding UTF-8 -g -processorpath E:\JAVA\mysql-connector-java-8.0.28.jar;E:\JAVA\rs2xml.jar;E:\JAVA\jcalendar-tz-1.3.3-4.jar;C:\Users\MSI\OneDrive\Desktop\sd lab\Airline Management System\rs2xml.jar;C:\Users\MSI\OneDrive\Desktop\sd lab\Airline Management System\mysql-connector-java-8.0.28.jar;C:\Users\MSI\OneDrive\Desktop\sd lab\Airline Management System\jcalendar-tz-1.3.3-4.jar;C:\Users\USER\Downloads\Airline Management System-20250626T183211Z-1-001\Airline Management System\jcalendar-tz-1.3.3-4.jar;C:\Users\USER\Downloads\Airline Management System-20250626T183211Z-1-001\Airline Management System\mysql-connector-java-8.0.28.jar;C:\Users\USER\Downloads\Airline Management System-20250626T183211Z-1-001\Airline Management System\rs2xml.jar;C:\Users\USER\OneDrive\Desktop\MS Word Work\FINAL\AirlineManagementSystem\build\empty -s C:\Users\USER\OneDrive\Desktop\MS Word Work\FINAL\AirlineManagementSystem\build\generated-sources\ap-source-output -source 17 C:\Users\USER\OneDrive\Desktop\MS Word Work\FINAL\AirlineManagementSystem\src\airlinemanagementsystem\Update.java

Host: Intel(R) Core(TM) i7-8550U CPU @ 1.80GHz, 8 cores, 7G,  Windows 11 , 64 bit Build 26100 (10.0.26100.4202)
Time: Sun Jul  6 12:36:52 2025 Bangladesh Standard Time elapsed time: 2.146894 seconds (0d 0h 0m 2s)

---------------  T H R E A D  ---------------

Current thread (0x000002b102245dc0):  VMThread "VM Thread"          [id=19436, stack(0x000000f450800000,0x000000f450900000) (1024K)]

Stack: [0x000000f450800000,0x000000f450900000]
Native frames: (J=compiled Java code, j=interpreted, Vv=VM code, C=native code)
V  [jvm.dll+0x7410c9]  (no source info available)
V  [jvm.dll+0x97def3]  (no source info available)
V  [jvm.dll+0x98021d]  (no source info available)
V  [jvm.dll+0x980893]  (no source info available)
V  [jvm.dll+0x2b5b16]  (no source info available)
V  [jvm.dll+0x73d535]  (no source info available)
V  [jvm.dll+0x730d0a]  (no source info available)
V  [jvm.dll+0x39ea4a]  (no source info available)
V  [jvm.dll+0x3a6746]  (no source info available)
V  [jvm.dll+0x392fce]  (no source info available)
V  [jvm.dll+0x393288]  (no source info available)
V  [jvm.dll+0x369fcc]  (no source info available)
V  [jvm.dll+0x36a05a]  (no source info available)
V  [jvm.dll+0x3b7b3d]  (no source info available)
V  [jvm.dll+0x3b6121]  (no source info available)
V  [jvm.dll+0x369797]  (no source info available)
V  [jvm.dll+0x3b58c4]  (no source info available)
V  [jvm.dll+0x986a9a]  (no source info available)
V  [jvm.dll+0x987ddc]  (no source info available)
V  [jvm.dll+0x988348]  (no source info available)
V  [jvm.dll+0x9885e3]  (no source info available)
V  [jvm.dll+0x920928]  (no source info available)
V  [jvm.dll+0x73f855]  (no source info available)
C  [ucrtbase.dll+0x37b0]  (no source info available)
C  [KERNEL32.DLL+0x2e8d7]  (no source info available)
C  [ntdll.dll+0x3c34c]  (no source info available)

VM_Operation (0x000000f4501fd4f0): G1CollectForAllocation, mode: safepoint, requested by thread 0x000002b162e22290


---------------  P R O C E S S  ---------------

Threads class SMR info:
_java_thread_list=0x000002b14859efc0, length=13, elements={
0x000002b162e22290, 0x000002b102254270, 0x000002b102254ab0, 0x000002b1022594c0,
0x000002b10225e2a0, 0x000002b10225f550, 0x000002b102260f40, 0x000002b10226ed50,
0x000002b102271500, 0x000002b1024456e0, 0x000002b10254d610, 0x000002b1485cff80,
0x000002b1485e8260
}

Java Threads: ( => current thread )
  0x000002b162e22290 JavaThread "main"                              [_thread_blocked, id=2504, stack(0x000000f450100000,0x000000f450200000) (1024K)]
  0x000002b102254270 JavaThread "Reference Handler"          daemon [_thread_blocked, id=16320, stack(0x000000f450900000,0x000000f450a00000) (1024K)]
  0x000002b102254ab0 JavaThread "Finalizer"                  daemon [_thread_blocked, id=19260, stack(0x000000f450a00000,0x000000f450b00000) (1024K)]
  0x000002b1022594c0 JavaThread "Signal Dispatcher"          daemon [_thread_blocked, id=8356, stack(0x000000f450b00000,0x000000f450c00000) (1024K)]
  0x000002b10225e2a0 JavaThread "Attach Listener"            daemon [_thread_blocked, id=17012, stack(0x000000f450c00000,0x000000f450d00000) (1024K)]
  0x000002b10225f550 JavaThread "Service Thread"             daemon [_thread_blocked, id=12664, stack(0x000000f450d00000,0x000000f450e00000) (1024K)]
  0x000002b102260f40 JavaThread "Monitor Deflation Thread"   daemon [_thread_blocked, id=13756, stack(0x000000f450e00000,0x000000f450f00000) (1024K)]
  0x000002b10226ed50 JavaThread "C2 CompilerThread0"         daemon [_thread_blocked, id=14388, stack(0x000000f450f00000,0x000000f451000000) (1024K)]
  0x000002b102271500 JavaThread "C1 CompilerThread0"         daemon [_thread_blocked, id=15588, stack(0x000000f451000000,0x000000f451100000) (1024K)]
  0x000002b1024456e0 JavaThread "Notification Thread"        daemon [_thread_blocked, id=17596, stack(0x000000f451100000,0x000000f451200000) (1024K)]
  0x000002b10254d610 JavaThread "Common-Cleaner"             daemon [_thread_blocked, id=2848, stack(0x000000f451200000,0x000000f451300000) (1024K)]
  0x000002b1485cff80 JavaThread "C2 CompilerThread1"         daemon [_thread_blocked, id=2308, stack(0x000000f451800000,0x000000f451900000) (1024K)]
  0x000002b1485e8260 JavaThread "C2 CompilerThread2"         daemon [_thread_blocked, id=7284, stack(0x000000f451a00000,0x000000f451b00000) (1024K)]
Total: 13

Other Threads:
=>0x000002b102245dc0 VMThread "VM Thread"                           [id=19436, stack(0x000000f450800000,0x000000f450900000) (1024K)]
  0x000002b16533c8a0 WatcherThread "VM Periodic Task Thread"        [id=17032, stack(0x000000f450700000,0x000000f450800000) (1024K)]
  0x000002b1652e4670 WorkerThread "GC Thread#0"                     [id=6972, stack(0x000000f450200000,0x000000f450300000) (1024K)]
  0x000002b10256e710 WorkerThread "GC Thread#1"                     [id=14768, stack(0x000000f451300000,0x000000f451400000) (1024K)]
  0x000002b148107c30 WorkerThread "GC Thread#2"                     [id=15844, stack(0x000000f451400000,0x000000f451500000) (1024K)]
  0x000002b148107fe0 WorkerThread "GC Thread#3"                     [id=18864, stack(0x000000f451500000,0x000000f451600000) (1024K)]
  0x000002b14851d700 WorkerThread "GC Thread#4"                     [id=8976, stack(0x000000f451600000,0x000000f451700000) (1024K)]
  0x000002b1485eb1a0 WorkerThread "GC Thread#5"                     [id=14044, stack(0x000000f451900000,0x000000f451a00000) (1024K)]
  0x000002b1652f9ed0 ConcurrentGCThread "G1 Main Marker"            [id=12568, stack(0x000000f450300000,0x000000f450400000) (1024K)]
  0x000002b1652fb090 WorkerThread "G1 Conc#0"                       [id=9372, stack(0x000000f450400000,0x000000f450500000) (1024K)]
  0x000002b10253f310 WorkerThread "G1 Conc#1"                       [id=16252, stack(0x000000f451700000,0x000000f451800000) (1024K)]
  0x000002b16532afe0 ConcurrentGCThread "G1 Refine#0"               [id=14384, stack(0x000000f450500000,0x000000f450600000) (1024K)]
  0x000002b16532ba70 ConcurrentGCThread "G1 Service"                [id=11420, stack(0x000000f450600000,0x000000f450700000) (1024K)]
Total: 13

Threads with active compile tasks:
C2 CompilerThread0  2226 1401       4       jdk.internal.jimage.ImageLocation::getFullName (109 bytes)
C1 CompilerThread0  2226 1575       3       jdk.internal.jimage.ImageReader$SharedImageReader::visitLocation (73 bytes)
C2 CompilerThread1  2226 1571       4       java.lang.String::substring (10 bytes)
C2 CompilerThread2  2226 1565       4       com.sun.tools.javac.util.Convert::chars2utf (159 bytes)
Total: 4

VM state: at safepoint (normal execution)

VM Mutex/Monitor currently owned by a thread:  ([mutex/lock_event])
[0x00007ffdd9164fc8] Threads_lock - owner thread: 0x000002b102245dc0
[0x00007ffdd91650c8] Heap_lock - owner thread: 0x000002b162e22290

Heap address: 0x0000000082600000, size: 2010 MB, Compressed Oops mode: 32-bit

CDS archive(s) mapped at: [0x000002b103000000-0x000002b103d40000-0x000002b103d40000), size 13893632, SharedBaseAddress: 0x000002b103000000, ArchiveRelocationMode: 1.
Compressed class space mapped at: 0x000002b104000000-0x000002b144000000, reserved size: 1073741824
UseCompressedClassPointers 1, UseCompactObjectHeaders 0
Narrow klass pointer bits 32, Max shift 3
Narrow klass base: 0x000002b103000000, Narrow klass shift: 0
Encoding Range: [0x000002b103000000 - 0x000002b203000000), (4294967296 bytes)
Klass Range:    [0x000002b103000000 - 0x000002b144000000), (1090519040 bytes)
Klass ID Range:  [8 - 1090519033) (1090519025)

GC Precious Log:
 CardTable entry size: 512
 Card Set container configuration: InlinePtr #cards 5 size 8 Array Of Cards #cards 10 size 36 Howl #buckets 4 coarsen threshold 1843 Howl Bitmap #cards 512 size 80 coarsen threshold 460 Card regions per heap region 1 cards per card region 2048
 CPUs: 8 total, 8 available
 Memory: 8035M
 Large Page Support: Disabled
 NUMA Support: Disabled
 Compressed Oops: Enabled (32-bit)
 Heap Region Size: 1M
 Heap Min Capacity: 8M
 Heap Initial Capacity: 8M
 Heap Max Capacity: 2010M
 Pre-touch: Disabled
 Parallel Workers: 8
 Concurrent Workers: 2
 Concurrent Refinement Workers: 8
 Periodic GC: Disabled

Heap:
 garbage-first heap   total reserved 2058240K, committed 13312K, used 8771K [0x0000000082600000, 0x0000000100000000)
  region size 1024K, 1 young (1024K), 1 survivors (1024K)
 Metaspace       used 9142K, committed 9344K, reserved 1114112K
  class space    used 897K, committed 1024K, reserved 1048576K

Heap Regions: E=young(eden), S=young(survivor), O=old, HS=humongous(starts), HC=humongous(continues), CS=collection set, F=free, TAMS=top-at-mark-start, PB=parsable bottom
|   0|0x0000000082600000, 0x0000000082700000, 0x0000000082700000|100%| O|  |TAMS 0x0000000082700000| PB 0x0000000082600000| Untracked |  0
|   1|0x0000000082700000, 0x0000000082800000, 0x0000000082800000|100%| O|  |TAMS 0x0000000082800000| PB 0x0000000082700000| Untracked |  0
|   2|0x0000000082800000, 0x0000000082900000, 0x0000000082900000|100%| O|  |TAMS 0x0000000082900000| PB 0x0000000082800000| Untracked |  0
|   3|0x0000000082900000, 0x0000000082a00000, 0x0000000082a00000|100%| O|  |TAMS 0x0000000082a00000| PB 0x0000000082900000| Untracked |  0
|   4|0x0000000082a00000, 0x0000000082b00000, 0x0000000082b00000|100%| O|  |TAMS 0x0000000082b00000| PB 0x0000000082a00000| Untracked |  0
|   5|0x0000000082b00000, 0x0000000082c00000, 0x0000000082c00000|100%| O|  |TAMS 0x0000000082b9b910| PB 0x0000000082b00000| Untracked |  0
|   6|0x0000000082c00000, 0x0000000082d00000, 0x0000000082d00000|100%| O|  |TAMS 0x0000000082c00000| PB 0x0000000082c00000| Untracked |  0
|   7|0x0000000082d00000, 0x0000000082d00000, 0x0000000082e00000|  0%| F|  |TAMS 0x0000000082d00000| PB 0x0000000082d00000| Untracked |  0
|   8|0x0000000082e00000, 0x0000000082e4ef20, 0x0000000082f00000| 30%| O|  |TAMS 0x0000000082e00000| PB 0x0000000082e00000| Untracked |  0
|   9|0x0000000082f00000, 0x0000000082f41f00, 0x0000000083000000| 25%| S|CS|TAMS 0x0000000082f00000| PB 0x0000000082f00000| Complete |  0
|  10|0x0000000083000000, 0x0000000083000000, 0x0000000083100000|  0%| F|  |TAMS 0x0000000083000000| PB 0x0000000083000000| Untracked |  0
|2008|0x00000000ffe00000, 0x00000000fff00000, 0x00000000fff00000|100%| O|  |TAMS 0x00000000fff00000| PB 0x00000000ffe00000| Untracked |  0
|2009|0x00000000fff00000, 0x00000000fff00000, 0x0000000100000000|  0%| F|  |TAMS 0x00000000fff00000| PB 0x00000000fff00000| Untracked |  0

Card table byte_map: [0x000002b17d4c0000,0x000002b17d8b0000] _byte_map_base: 0x000002b17d0ad000

Marking Bits: (CMBitMap*) 0x000002b1652e4c90
 Bits: [0x000002b17d8b0000, 0x000002b17f818000)

Polling page: 0x000002b163090000

Metaspace:

Usage:
  Non-class:      8.05 MB used.
      Class:    897.43 KB used.
       Both:      8.93 MB used.

Virtual space:
  Non-class space:       64.00 MB reserved,       8.12 MB ( 13%) committed,  1 nodes.
      Class space:        1.00 GB reserved,       1.00 MB ( <1%) committed,  1 nodes.
             Both:        1.06 GB reserved,       9.12 MB ( <1%) committed. 

Chunk freelists:
   Non-Class:  5.81 MB
       Class:  14.97 MB
        Both:  20.79 MB

MaxMetaspaceSize: unlimited
CompressedClassSpaceSize: 1.00 GB
Initial GC threshold: 21.00 MB
Current GC threshold: 21.00 MB
CDS: on
 - commit_granule_bytes: 65536.
 - commit_granule_words: 8192.
 - virtual_space_node_default_size: 8388608.
 - enlarge_chunks_in_place: 1.
UseCompressedClassPointers 1, UseCompactObjectHeaders 0
Narrow klass pointer bits 32, Max shift 3
Narrow klass base: 0x000002b103000000, Narrow klass shift: 0
Encoding Range: [0x000002b103000000 - 0x000002b203000000), (4294967296 bytes)
Klass Range:    [0x000002b103000000 - 0x000002b144000000), (1090519040 bytes)
Klass ID Range:  [8 - 1090519033) (1090519025)


Internal statistics:

num_allocs_failed_limit: 0.
num_arena_births: 106.
num_arena_deaths: 0.
num_vsnodes_births: 2.
num_vsnodes_deaths: 0.
num_space_committed: 146.
num_space_uncommitted: 0.
num_chunks_returned_to_freelist: 0.
num_chunks_taken_from_freelist: 410.
num_chunk_merges: 0.
num_chunk_splits: 285.
num_chunks_enlarged: 222.
num_inconsistent_stats: 0.

CodeHeap 'non-profiled nmethods': size=120064Kb used=452Kb max_used=452Kb free=119612Kb
 bounds [0x000002b175850000, 0x000002b175ac0000, 0x000002b17cd90000]
CodeHeap 'profiled nmethods': size=120000Kb used=2046Kb max_used=2046Kb free=117953Kb
 bounds [0x000002b16dd90000, 0x000002b16e000000, 0x000002b1752c0000]
CodeHeap 'non-nmethods': size=5696Kb used=1306Kb max_used=1342Kb free=4389Kb
 bounds [0x000002b1752c0000, 0x000002b175530000, 0x000002b175850000]
CodeCache: size=245760Kb, used=3804Kb, max_used=3840Kb, free=241954Kb
 total_blobs=1884, nmethods=1412, adapters=377, full_count=0
Compilation: enabled, stopped_count=0, restarted_count=0

Compilation events (20 events):
Event: 1.055 Thread 0x000002b102271500 1540       3       com.sun.tools.javac.code.Symbol$PackageSymbol::exists (19 bytes)
Event: 1.056 Thread 0x000002b102271500 nmethod 1540 0x000002b16df8a788 code [0x000002b16df8a8a0, 0x000002b16df8aa08]
Event: 1.056 Thread 0x000002b102271500 1556   !   3       com.sun.tools.javac.jvm.ClassReader::readName (68 bytes)
Event: 1.057 Thread 0x000002b102271500 nmethod 1556 0x000002b16df8aa88 code [0x000002b16df8ac40, 0x000002b16df8b160]
Event: 1.057 Thread 0x000002b102271500 1568       3       com.sun.tools.javac.code.Symbol$MethodSymbol::<init> (85 bytes)
Event: 1.057 Thread 0x000002b1485cff80 nmethod 1563 0x000002b1758c0708 code [0x000002b1758c0840, 0x000002b1758c0c80]
Event: 1.063 Thread 0x000002b102271500 nmethod 1568 0x000002b16df8b208 code [0x000002b16df8b480, 0x000002b16df8c718]
Event: 1.063 Thread 0x000002b1485cff80 1571       4       java.lang.String::substring (10 bytes)
Event: 1.064 Thread 0x000002b102271500 1569       3       com.sun.tools.javac.util.Assert::checkNull (9 bytes)
Event: 1.064 Thread 0x000002b102271500 nmethod 1569 0x000002b16df8c808 code [0x000002b16df8c940, 0x000002b16df8cb88]
Event: 1.064 Thread 0x000002b102271500 1562       3       java.lang.StringLatin1::getChars (102 bytes)
Event: 1.065 Thread 0x000002b102271500 nmethod 1562 0x000002b16df8cc08 code [0x000002b16df8cd60, 0x000002b16df8d118]
Event: 1.065 Thread 0x000002b102271500 1523       3       jdk.internal.misc.Unsafe::copyMemoryChecks (21 bytes)
Event: 1.067 Thread 0x000002b102271500 nmethod 1523 0x000002b16df8d188 code [0x000002b16df8d3c0, 0x000002b16df8e438]
Event: 1.067 Thread 0x000002b102271500 1574       3       java.lang.ref.Reference::<init> (7 bytes)
Event: 1.067 Thread 0x000002b102271500 nmethod 1574 0x000002b16df8e488 code [0x000002b16df8e5c0, 0x000002b16df8e868]
Event: 1.067 Thread 0x000002b102271500 1533       1       java.util.stream.MatchOps$BooleanTerminalSink::getAndClearState (5 bytes)
Event: 1.068 Thread 0x000002b102271500 nmethod 1533 0x000002b1758c0d08 code [0x000002b1758c0e00, 0x000002b1758c0ec8]
Event: 1.068 Thread 0x000002b102271500 1575       3       jdk.internal.jimage.ImageReader$SharedImageReader::visitLocation (73 bytes)
Event: 1.069 Thread 0x000002b102271500 nmethod 1575 0x000002b16df8e908 code [0x000002b16df8eb20, 0x000002b16df8f9a0]

GC Heap History (20 events):
Event: 0.559 GC heap after
{Heap after GC invocations=3 (full 0):
 garbage-first heap   total reserved 2058240K, committed 10240K, used 3402K [0x0000000082600000, 0x0000000100000000)
  region size 1024K, 1 young (1024K), 1 survivors (1024K)
 Metaspace       used 7079K, committed 7296K, reserved 1114112K
  class space    used 707K, committed 832K, reserved 1048576K
}
Event: 0.659 GC heap before
{Heap before GC invocations=4 (full 0):
 garbage-first heap   total reserved 2058240K, committed 10240K, used 5450K [0x0000000082600000, 0x0000000100000000)
  region size 1024K, 3 young (3072K), 1 survivors (1024K)
 Metaspace       used 8047K, committed 8256K, reserved 1114112K
  class space    used 782K, committed 896K, reserved 1048576K
}
Event: 0.661 GC heap after
{Heap after GC invocations=5 (full 0):
 garbage-first heap   total reserved 2058240K, committed 10240K, used 3863K [0x0000000082600000, 0x0000000100000000)
  region size 1024K, 1 young (1024K), 1 survivors (1024K)
 Metaspace       used 8047K, committed 8256K, reserved 1114112K
  class space    used 782K, committed 896K, reserved 1048576K
}
Event: 0.728 GC heap before
{Heap before GC invocations=5 (full 0):
 garbage-first heap   total reserved 2058240K, committed 10240K, used 5911K [0x0000000082600000, 0x0000000100000000)
  region size 1024K, 3 young (3072K), 1 survivors (1024K)
 Metaspace       used 8477K, committed 8640K, reserved 1114112K
  class space    used 831K, committed 896K, reserved 1048576K
}
Event: 0.733 GC heap after
{Heap after GC invocations=6 (full 0):
 garbage-first heap   total reserved 2058240K, committed 10240K, used 4534K [0x0000000082600000, 0x0000000100000000)
  region size 1024K, 1 young (1024K), 1 survivors (1024K)
 Metaspace       used 8477K, committed 8640K, reserved 1114112K
  class space    used 831K, committed 896K, reserved 1048576K
}
Event: 0.844 GC heap before
{Heap before GC invocations=6 (full 0):
 garbage-first heap   total reserved 2058240K, committed 10240K, used 6582K [0x0000000082600000, 0x0000000100000000)
  region size 1024K, 3 young (3072K), 1 survivors (1024K)
 Metaspace       used 8828K, committed 9024K, reserved 1114112K
  class space    used 873K, committed 960K, reserved 1048576K
}
Event: 0.848 GC heap after
{Heap after GC invocations=7 (full 0):
 garbage-first heap   total reserved 2058240K, committed 13312K, used 5251K [0x0000000082600000, 0x0000000100000000)
  region size 1024K, 1 young (1024K), 1 survivors (1024K)
 Metaspace       used 8828K, committed 9024K, reserved 1114112K
  class space    used 873K, committed 960K, reserved 1048576K
}
Event: 0.890 GC heap before
{Heap before GC invocations=8 (full 0):
 garbage-first heap   total reserved 2058240K, committed 13312K, used 8323K [0x0000000082600000, 0x0000000100000000)
  region size 1024K, 4 young (4096K), 1 survivors (1024K)
 Metaspace       used 8874K, committed 9088K, reserved 1114112K
  class space    used 873K, committed 960K, reserved 1048576K
}
Event: 0.892 GC heap after
{Heap after GC invocations=9 (full 0):
 garbage-first heap   total reserved 2058240K, committed 13312K, used 5614K [0x0000000082600000, 0x0000000100000000)
  region size 1024K, 1 young (1024K), 1 survivors (1024K)
 Metaspace       used 8874K, committed 9088K, reserved 1114112K
  class space    used 873K, committed 960K, reserved 1048576K
}
Event: 0.929 GC heap before
{Heap before GC invocations=9 (full 0):
 garbage-first heap   total reserved 2058240K, committed 13312K, used 8686K [0x0000000082600000, 0x0000000100000000)
  region size 1024K, 4 young (4096K), 1 survivors (1024K)
 Metaspace       used 8964K, committed 9216K, reserved 1114112K
  class space    used 879K, committed 1024K, reserved 1048576K
}
Event: 0.931 GC heap after
{Heap after GC invocations=10 (full 0):
 garbage-first heap   total reserved 2058240K, committed 13312K, used 6132K [0x0000000082600000, 0x0000000100000000)
  region size 1024K, 1 young (1024K), 1 survivors (1024K)
 Metaspace       used 8964K, committed 9216K, reserved 1114112K
  class space    used 879K, committed 1024K, reserved 1048576K
}
Event: 0.957 GC heap before
{Heap before GC invocations=11 (full 0):
 garbage-first heap   total reserved 2058240K, committed 13312K, used 9204K [0x0000000082600000, 0x0000000100000000)
  region size 1024K, 4 young (4096K), 1 survivors (1024K)
 Metaspace       used 8979K, committed 9280K, reserved 1114112K
  class space    used 879K, committed 1024K, reserved 1048576K
}
Event: 0.959 GC heap after
{Heap after GC invocations=12 (full 0):
 garbage-first heap   total reserved 2058240K, committed 13312K, used 6546K [0x0000000082600000, 0x0000000100000000)
  region size 1024K, 1 young (1024K), 1 survivors (1024K)
 Metaspace       used 8979K, committed 9280K, reserved 1114112K
  class space    used 879K, committed 1024K, reserved 1048576K
}
Event: 0.977 GC heap before
{Heap before GC invocations=12 (full 0):
 garbage-first heap   total reserved 2058240K, committed 13312K, used 9618K [0x0000000082600000, 0x0000000100000000)
  region size 1024K, 4 young (4096K), 1 survivors (1024K)
 Metaspace       used 8991K, committed 9280K, reserved 1114112K
  class space    used 880K, committed 1024K, reserved 1048576K
}
Event: 0.980 GC heap after
{Heap after GC invocations=13 (full 0):
 garbage-first heap   total reserved 2058240K, committed 13312K, used 6962K [0x0000000082600000, 0x0000000100000000)
  region size 1024K, 1 young (1024K), 1 survivors (1024K)
 Metaspace       used 8991K, committed 9280K, reserved 1114112K
  class space    used 880K, committed 1024K, reserved 1048576K
}
Event: 1.035 GC heap before
{Heap before GC invocations=14 (full 0):
 garbage-first heap   total reserved 2058240K, committed 13312K, used 10034K [0x0000000082600000, 0x0000000100000000)
  region size 1024K, 4 young (4096K), 1 survivors (1024K)
 Metaspace       used 9121K, committed 9344K, reserved 1114112K
  class space    used 897K, committed 1024K, reserved 1048576K
}
Event: 1.040 GC heap after
{Heap after GC invocations=15 (full 0):
 garbage-first heap   total reserved 2058240K, committed 13312K, used 7790K [0x0000000082600000, 0x0000000100000000)
  region size 1024K, 1 young (1024K), 1 survivors (1024K)
 Metaspace       used 9121K, committed 9344K, reserved 1114112K
  class space    used 897K, committed 1024K, reserved 1048576K
}
Event: 1.058 GC heap before
{Heap before GC invocations=15 (full 0):
 garbage-first heap   total reserved 2058240K, committed 13312K, used 10862K [0x0000000082600000, 0x0000000100000000)
  region size 1024K, 4 young (4096K), 1 survivors (1024K)
 Metaspace       used 9141K, committed 9344K, reserved 1114112K
  class space    used 897K, committed 1024K, reserved 1048576K
}
Event: 1.063 GC heap after
{Heap after GC invocations=16 (full 0):
 garbage-first heap   total reserved 2058240K, committed 13312K, used 8513K [0x0000000082600000, 0x0000000100000000)
  region size 1024K, 1 young (1024K), 1 survivors (1024K)
 Metaspace       used 9141K, committed 9344K, reserved 1114112K
  class space    used 897K, committed 1024K, reserved 1048576K
}
Event: 1.070 GC heap before
{Heap before GC invocations=16 (full 0):
 garbage-first heap   total reserved 2058240K, committed 13312K, used 10561K [0x0000000082600000, 0x0000000100000000)
  region size 1024K, 3 young (3072K), 1 survivors (1024K)
 Metaspace       used 9142K, committed 9344K, reserved 1114112K
  class space    used 897K, committed 1024K, reserved 1048576K
}

Dll operation events (6 events):
Event: 0.016 Loaded shared library C:\Program Files\Apache NetBeans\jdk\bin\java.dll
Event: 0.051 Loaded shared library C:\Program Files\Apache NetBeans\jdk\bin\jsvml.dll
Event: 0.099 Loaded shared library C:\Program Files\Apache NetBeans\jdk\bin\jimage.dll
Event: 0.201 Loaded shared library C:\Program Files\Apache NetBeans\jdk\bin\net.dll
Event: 0.204 Loaded shared library C:\Program Files\Apache NetBeans\jdk\bin\nio.dll
Event: 0.250 Loaded shared library C:\Program Files\Apache NetBeans\jdk\bin\zip.dll

Deoptimization events (20 events):
Event: 0.745 Thread 0x000002b162e22290 Uncommon trap: trap_request=0xffffff4d fr.pc=0x000002b175877f24 relative=0x0000000000000284
Event: 0.745 Thread 0x000002b162e22290 Uncommon trap: reason=unstable_if action=reinterpret pc=0x000002b175877f24 method=jdk.internal.util.ArraysSupport.hashCodeOfUnsigned([BIII)I @ 1 c2
Event: 0.745 Thread 0x000002b162e22290 DEOPT PACKING pc=0x000002b175877f24 sp=0x000000f4501fe0c0
Event: 0.745 Thread 0x000002b162e22290 DEOPT UNPACKING pc=0x000002b1753d7682 sp=0x000000f4501fe040 mode 2
Event: 0.745 Thread 0x000002b162e22290 Uncommon trap: trap_request=0xffffff4d fr.pc=0x000002b1758594d0 relative=0x00000000000000b0
Event: 0.745 Thread 0x000002b162e22290 Uncommon trap: reason=unstable_if action=reinterpret pc=0x000002b1758594d0 method=java.lang.String.hashCode()I @ 42 c2
Event: 0.745 Thread 0x000002b162e22290 DEOPT PACKING pc=0x000002b1758594d0 sp=0x000000f4501fe0f0
Event: 0.745 Thread 0x000002b162e22290 DEOPT UNPACKING pc=0x000002b1753d7682 sp=0x000000f4501fe088 mode 2
Event: 0.747 Thread 0x000002b162e22290 Uncommon trap: trap_request=0xffffffc6 fr.pc=0x000002b17589e914 relative=0x0000000000000514
Event: 0.747 Thread 0x000002b162e22290 Uncommon trap: reason=bimorphic_or_optimized_type_check action=maybe_recompile pc=0x000002b17589e914 method=java.util.HashMap.getNode(Ljava/lang/Object;)Ljava/util/HashMap$Node; @ 128 c2
Event: 0.747 Thread 0x000002b162e22290 DEOPT PACKING pc=0x000002b17589e914 sp=0x000000f4501fde10
Event: 0.747 Thread 0x000002b162e22290 DEOPT UNPACKING pc=0x000002b1753d7682 sp=0x000000f4501fdd78 mode 2
Event: 0.747 Thread 0x000002b162e22290 Uncommon trap: trap_request=0xffffffc6 fr.pc=0x000002b17589e914 relative=0x0000000000000514
Event: 0.747 Thread 0x000002b162e22290 Uncommon trap: reason=bimorphic_or_optimized_type_check action=maybe_recompile pc=0x000002b17589e914 method=java.util.HashMap.getNode(Ljava/lang/Object;)Ljava/util/HashMap$Node; @ 128 c2
Event: 0.747 Thread 0x000002b162e22290 DEOPT PACKING pc=0x000002b17589e914 sp=0x000000f4501fde10
Event: 0.747 Thread 0x000002b162e22290 DEOPT UNPACKING pc=0x000002b1753d7682 sp=0x000000f4501fdd78 mode 2
Event: 0.988 Thread 0x000002b162e22290 Uncommon trap: trap_request=0xffffff4d fr.pc=0x000002b1758969d8 relative=0x0000000000000058
Event: 0.988 Thread 0x000002b162e22290 Uncommon trap: reason=unstable_if action=reinterpret pc=0x000002b1758969d8 method=com.sun.tools.javac.jvm.PoolReader.sizeof(I)I @ 1 c2
Event: 0.988 Thread 0x000002b162e22290 DEOPT PACKING pc=0x000002b1758969d8 sp=0x000000f4501fd850
Event: 0.988 Thread 0x000002b162e22290 DEOPT UNPACKING pc=0x000002b1753d7682 sp=0x000000f4501fd7e0 mode 2

Classes loaded (20 events):
Event: 0.745 Loading class java/nio/file/FileTreeWalker$EventType
Event: 0.745 Loading class java/nio/file/FileTreeWalker$EventType done
Event: 0.745 Loading class java/nio/file/Files$3
Event: 0.745 Loading class java/nio/file/Files$3 done
Event: 0.745 Loading class java/nio/file/FileVisitResult
Event: 0.745 Loading class java/nio/file/FileVisitResult done
Event: 0.746 Loading class sun/nio/fs/BasicFileAttributesHolder
Event: 0.746 Loading class sun/nio/fs/BasicFileAttributesHolder done
Event: 0.809 Loading class java/util/ComparableTimSort
Event: 0.809 Loading class java/util/ComparableTimSort done
Event: 0.814 Loading class sun/nio/fs/WindowsDirectoryStream
Event: 0.814 Loading class sun/nio/fs/WindowsDirectoryStream done
Event: 0.815 Loading class sun/nio/fs/WindowsDirectoryStream$WindowsDirectoryIterator
Event: 0.815 Loading class sun/nio/fs/WindowsDirectoryStream$WindowsDirectoryIterator done
Event: 0.815 Loading class java/nio/file/Files$2
Event: 0.815 Loading class java/nio/file/Files$2 done
Event: 0.817 Loading class sun/nio/fs/WindowsPath$WindowsPathWithAttributes
Event: 0.817 Loading class sun/nio/fs/WindowsPath$WindowsPathWithAttributes done
Event: 0.976 Loading class java/util/LinkedList$Node
Event: 0.976 Loading class java/util/LinkedList$Node done

Classes unloaded (0 events):
No events

Classes redefined (0 events):
No events

Internal exceptions (20 events):
Event: 0.489 Thread 0x000002b162e22290 Exception <a 'java/lang/NoSuchMethodError'{0x0000000082d73890}: 'int java.lang.invoke.DirectMethodHandle$Holder.invokeStaticInit(java.lang.Object, java.lang.Object, java.lang.Object)'> (0x0000000082d73890) 
thrown [s\src\hotspot\share\interpreter\linkResolver.cpp, line 805]
Event: 0.489 Thread 0x000002b162e22290 Exception <a 'java/lang/NoSuchMethodError'{0x0000000082d7bad8}: 'int java.lang.invoke.DirectMethodHandle$Holder.invokeStaticInit(java.lang.Object, int, int)'> (0x0000000082d7bad8) 
thrown [s\src\hotspot\share\interpreter\linkResolver.cpp, line 805]
Event: 0.490 Thread 0x000002b162e22290 Exception <a 'java/lang/NoSuchMethodError'{0x0000000082d8c740}: 'int java.lang.invoke.DirectMethodHandle$Holder.invokeStaticInit(java.lang.Object, long, long)'> (0x0000000082d8c740) 
thrown [s\src\hotspot\share\interpreter\linkResolver.cpp, line 805]
Event: 0.491 Thread 0x000002b162e22290 Exception <a 'java/lang/NoSuchMethodError'{0x0000000082d9c988}: 'int java.lang.invoke.DirectMethodHandle$Holder.invokeStaticInit(java.lang.Object, float, float)'> (0x0000000082d9c988) 
thrown [s\src\hotspot\share\interpreter\linkResolver.cpp, line 805]
Event: 0.492 Thread 0x000002b162e22290 Exception <a 'java/lang/NoSuchMethodError'{0x0000000082dacbc0}: 'int java.lang.invoke.DirectMethodHandle$Holder.invokeStaticInit(java.lang.Object, double, double)'> (0x0000000082dacbc0) 
thrown [s\src\hotspot\share\interpreter\linkResolver.cpp, line 805]
Event: 0.493 Thread 0x000002b162e22290 Exception <a 'java/lang/NoSuchMethodError'{0x0000000082db5e98}: 'int java.lang.invoke.DirectMethodHandle$Holder.invokeStatic(java.lang.Object, long)'> (0x0000000082db5e98) 
thrown [s\src\hotspot\share\interpreter\linkResolver.cpp, line 805]
Event: 0.495 Thread 0x000002b162e22290 Exception <a 'java/lang/NoSuchMethodError'{0x0000000082dcf0c0}: 'java.lang.Object java.lang.invoke.DirectMethodHandle$Holder.invokeStatic(java.lang.Object, long)'> (0x0000000082dcf0c0) 
thrown [s\src\hotspot\share\interpreter\linkResolver.cpp, line 805]
Event: 0.496 Thread 0x000002b162e22290 Exception <a 'java/lang/NoSuchMethodError'{0x0000000082dd78e0}: 'java.lang.Object java.lang.invoke.DirectMethodHandle$Holder.invokeStatic(java.lang.Object, float)'> (0x0000000082dd78e0) 
thrown [s\src\hotspot\share\interpreter\linkResolver.cpp, line 805]
Event: 0.501 Thread 0x000002b162e22290 Exception <a 'java/lang/NoSuchMethodError'{0x0000000082c1a878}: 'int java.lang.invoke.Invokers$Holder.linkToTargetMethod(java.lang.Object, java.lang.Object)'> (0x0000000082c1a878) 
thrown [s\src\hotspot\share\interpreter\linkResolver.cpp, line 805]
Event: 0.519 Thread 0x000002b162e22290 Exception <a 'sun/nio/fs/WindowsException'{0x0000000082c77fe0}> (0x0000000082c77fe0) 
thrown [s\src\hotspot\share\prims\jni.cpp, line 518]
Event: 0.610 Thread 0x000002b162e22290 Exception <a 'sun/nio/fs/WindowsException'{0x0000000082d73e98}> (0x0000000082d73e98) 
thrown [s\src\hotspot\share\prims\jni.cpp, line 518]
Event: 0.610 Thread 0x000002b162e22290 Exception <a 'sun/nio/fs/WindowsException'{0x0000000082d74828}> (0x0000000082d74828) 
thrown [s\src\hotspot\share\prims\jni.cpp, line 518]
Event: 0.644 Thread 0x000002b162e22290 Exception <a 'java/lang/NoSuchMethodError'{0x0000000082c69ab8}: 'java.lang.Object java.lang.invoke.DirectMethodHandle$Holder.invokeVirtual(java.lang.Object, java.lang.Object, int)'> (0x0000000082c69ab8) 
thrown [s\src\hotspot\share\interpreter\linkResolver.cpp, line 805]
Event: 0.807 Thread 0x000002b162e22290 Exception <a 'java/lang/NoSuchMethodError'{0x0000000082d7e2b0}: 'void java.lang.invoke.DirectMethodHandle$Holder.invokeStatic(java.lang.Object, java.lang.Object)'> (0x0000000082d7e2b0) 
thrown [s\src\hotspot\share\interpreter\linkResolver.cpp, line 805]
Event: 0.917 Thread 0x000002b162e22290 Exception <a 'sun/nio/fs/WindowsException'{0x00000000fffce948}> (0x00000000fffce948) 
thrown [s\src\hotspot\share\prims\jni.cpp, line 518]
Event: 0.917 Thread 0x000002b162e22290 Exception <a 'sun/nio/fs/WindowsException'{0x00000000fffcf430}> (0x00000000fffcf430) 
thrown [s\src\hotspot\share\prims\jni.cpp, line 518]
Event: 0.955 Thread 0x000002b162e22290 Exception <a 'sun/nio/fs/WindowsException'{0x0000000082fafdc8}> (0x0000000082fafdc8) 
thrown [s\src\hotspot\share\prims\jni.cpp, line 518]
Event: 0.956 Thread 0x000002b162e22290 Exception <a 'sun/nio/fs/WindowsException'{0x0000000082fb08b0}> (0x0000000082fb08b0) 
thrown [s\src\hotspot\share\prims\jni.cpp, line 518]
Event: 0.985 Thread 0x000002b162e22290 Exception <a 'java/lang/NoSuchMethodError'{0x00000000fff1e5d0}: 'java.lang.Object java.lang.invoke.DirectMethodHandle$Holder.invokeInterface(java.lang.Object, java.lang.Object)'> (0x00000000fff1e5d0) 
thrown [s\src\hotspot\share\interpreter\linkResolver.cpp, line 805]
Event: 0.989 Thread 0x000002b162e22290 Exception <a 'java/lang/NoSuchMethodError'{0x00000000fff3ef18}: 'java.lang.Object java.lang.invoke.DirectMethodHandle$Holder.invokeVirtual(java.lang.Object, java.lang.Object, java.lang.Object, int, int)'> (0x00000000fff3ef18) 
thrown [s\src\hotspot\share\interpreter\linkResolver.cpp, line 805]

VM Operations (20 events):
Event: 0.892 Executing VM operation: G1CollectForAllocation (G1 Evacuation Pause) done
Event: 0.929 Executing VM operation: G1CollectForAllocation (G1 Evacuation Pause)
Event: 0.931 Executing VM operation: G1CollectForAllocation (G1 Evacuation Pause) done
Event: 0.939 Executing VM operation: G1PauseRemark
Event: 0.941 Executing VM operation: G1PauseRemark done
Event: 0.944 Executing VM operation: G1PauseCleanup
Event: 0.944 Executing VM operation: G1PauseCleanup done
Event: 0.957 Executing VM operation: G1CollectForAllocation (G1 Evacuation Pause)
Event: 0.959 Executing VM operation: G1CollectForAllocation (G1 Evacuation Pause) done
Event: 0.977 Executing VM operation: G1CollectForAllocation (G1 Evacuation Pause)
Event: 0.980 Executing VM operation: G1CollectForAllocation (G1 Evacuation Pause) done
Event: 0.993 Executing VM operation: G1PauseRemark
Event: 0.995 Executing VM operation: G1PauseRemark done
Event: 1.000 Executing VM operation: G1PauseCleanup
Event: 1.000 Executing VM operation: G1PauseCleanup done
Event: 1.035 Executing VM operation: G1CollectForAllocation (G1 Evacuation Pause)
Event: 1.040 Executing VM operation: G1CollectForAllocation (G1 Evacuation Pause) done
Event: 1.058 Executing VM operation: G1CollectForAllocation (G1 Evacuation Pause)
Event: 1.063 Executing VM operation: G1CollectForAllocation (G1 Evacuation Pause) done
Event: 1.069 Executing VM operation: G1CollectForAllocation (G1 Evacuation Pause)

Memory protections (0 events):
No events

Nmethod flushes (20 events):
Event: 0.995 Thread 0x000002b102245dc0 flushing  nmethod 0x000002b16ddc7d88
Event: 0.995 Thread 0x000002b102245dc0 flushing  nmethod 0x000002b16ddd1688
Event: 0.995 Thread 0x000002b102245dc0 flushing  nmethod 0x000002b16de7b708
Event: 0.995 Thread 0x000002b102245dc0 flushing  nmethod 0x000002b16dea0d08
Event: 0.995 Thread 0x000002b102245dc0 flushing  nmethod 0x000002b16dea1508
Event: 0.995 Thread 0x000002b102245dc0 flushing  nmethod 0x000002b16dea1b88
Event: 0.995 Thread 0x000002b102245dc0 flushing  nmethod 0x000002b16dea2e08
Event: 0.995 Thread 0x000002b102245dc0 flushing  nmethod 0x000002b16dea6408
Event: 0.995 Thread 0x000002b102245dc0 flushing  nmethod 0x000002b16dea6888
Event: 0.995 Thread 0x000002b102245dc0 flushing  nmethod 0x000002b16dea9d08
Event: 0.995 Thread 0x000002b102245dc0 flushing  nmethod 0x000002b16deaa088
Event: 0.995 Thread 0x000002b102245dc0 flushing  nmethod 0x000002b16deab308
Event: 0.995 Thread 0x000002b102245dc0 flushing  nmethod 0x000002b16deab608
Event: 0.995 Thread 0x000002b102245dc0 flushing  nmethod 0x000002b16deb0308
Event: 0.995 Thread 0x000002b102245dc0 flushing  nmethod 0x000002b16deb1608
Event: 0.995 Thread 0x000002b102245dc0 flushing  nmethod 0x000002b16ded5588
Event: 0.995 Thread 0x000002b102245dc0 flushing  nmethod 0x000002b16deff888
Event: 0.995 Thread 0x000002b102245dc0 flushing  nmethod 0x000002b16df23c08
Event: 0.995 Thread 0x000002b102245dc0 flushing  nmethod 0x000002b16df2ac88
Event: 0.995 Thread 0x000002b102245dc0 flushing  nmethod 0x000002b16df2f088

Events (13 events):
Event: 0.032 Thread 0x000002b162e22290 Thread added: 0x000002b162e22290
Event: 0.047 Thread 0x000002b162e22290 Thread added: 0x000002b102254270
Event: 0.047 Thread 0x000002b162e22290 Thread added: 0x000002b102254ab0
Event: 0.048 Thread 0x000002b162e22290 Thread added: 0x000002b1022594c0
Event: 0.048 Thread 0x000002b162e22290 Thread added: 0x000002b10225e2a0
Event: 0.048 Thread 0x000002b162e22290 Thread added: 0x000002b10225f550
Event: 0.048 Thread 0x000002b162e22290 Thread added: 0x000002b102260f40
Event: 0.048 Thread 0x000002b162e22290 Thread added: 0x000002b10226ed50
Event: 0.048 Thread 0x000002b162e22290 Thread added: 0x000002b102271500
Event: 0.095 Thread 0x000002b162e22290 Thread added: 0x000002b1024456e0
Event: 0.199 Thread 0x000002b162e22290 Thread added: 0x000002b10254d610
Event: 0.624 Thread 0x000002b102271500 Thread added: 0x000002b1485cff80
Event: 0.759 Thread 0x000002b102271500 Thread added: 0x000002b1485e8260


Dynamic libraries:
0x00007ff7e3040000 - 0x00007ff7e3048000 	C:\Program Files\Apache NetBeans\jdk\bin\javac.exe
0x00007ffe2d000000 - 0x00007ffe2d265000 	C:\WINDOWS\SYSTEM32\ntdll.dll
0x00007ffe2be80000 - 0x00007ffe2bf49000 	C:\WINDOWS\System32\KERNEL32.DLL
0x00007ffe2a350000 - 0x00007ffe2a738000 	C:\WINDOWS\System32\KERNELBASE.dll
0x00007ffe2a770000 - 0x00007ffe2a8bb000 	C:\WINDOWS\System32\ucrtbase.dll
0x00007ffdfb240000 - 0x00007ffdfb256000 	C:\Program Files\Apache NetBeans\jdk\bin\jli.dll
0x00007ffe20e40000 - 0x00007ffe20e5e000 	C:\Program Files\Apache NetBeans\jdk\bin\VCRUNTIME140.dll
0x00007ffe2b910000 - 0x00007ffe2bada000 	C:\WINDOWS\System32\USER32.dll
0x00007ffe2a740000 - 0x00007ffe2a767000 	C:\WINDOWS\System32\win32u.dll
0x00007ffe151b0000 - 0x00007ffe1544a000 	C:\WINDOWS\WinSxS\amd64_microsoft.windows.common-controls_6595b64144ccf1df_6.0.26100.4202_none_3e0698d4e335f517\COMCTL32.dll
0x00007ffe2cf80000 - 0x00007ffe2cfab000 	C:\WINDOWS\System32\GDI32.dll
0x00007ffe2ced0000 - 0x00007ffe2cf79000 	C:\WINDOWS\System32\msvcrt.dll
0x00007ffe2ac60000 - 0x00007ffe2ad97000 	C:\WINDOWS\System32\gdi32full.dll
0x00007ffe2a150000 - 0x00007ffe2a1f3000 	C:\WINDOWS\System32\msvcp_win.dll
0x00007ffe2c990000 - 0x00007ffe2c9c0000 	C:\WINDOWS\System32\IMM32.DLL
0x00007ffe00bb0000 - 0x00007ffe00bbc000 	C:\Program Files\Apache NetBeans\jdk\bin\vcruntime140_1.dll
0x00007ffdf4c00000 - 0x00007ffdf4c8d000 	C:\Program Files\Apache NetBeans\jdk\bin\msvcp140.dll
0x00007ffdd83d0000 - 0x00007ffdd924c000 	C:\Program Files\Apache NetBeans\jdk\bin\server\jvm.dll
0x00007ffe2c9d0000 - 0x00007ffe2ca83000 	C:\WINDOWS\System32\ADVAPI32.dll
0x00007ffe2bdd0000 - 0x00007ffe2be76000 	C:\WINDOWS\System32\sechost.dll
0x00007ffe2cc40000 - 0x00007ffe2cd55000 	C:\WINDOWS\System32\RPCRT4.dll
0x00007ffe2b280000 - 0x00007ffe2b2f4000 	C:\WINDOWS\System32\WS2_32.dll
0x00007ffe28d90000 - 0x00007ffe28dee000 	C:\WINDOWS\SYSTEM32\POWRPROF.dll
0x00007ffe16770000 - 0x00007ffe167a5000 	C:\WINDOWS\SYSTEM32\WINMM.dll
0x00007ffe19730000 - 0x00007ffe1973b000 	C:\WINDOWS\SYSTEM32\VERSION.dll
0x00007ffe28d70000 - 0x00007ffe28d84000 	C:\WINDOWS\SYSTEM32\UMPDC.dll
0x00007ffe29030000 - 0x00007ffe2904b000 	C:\WINDOWS\SYSTEM32\kernel.appcore.dll
0x00007ffdfc8e0000 - 0x00007ffdfc8ea000 	C:\Program Files\Apache NetBeans\jdk\bin\jimage.dll
0x00007ffe27ac0000 - 0x00007ffe27d01000 	C:\WINDOWS\SYSTEM32\DBGHELP.DLL
0x00007ffe2ae70000 - 0x00007ffe2b1f5000 	C:\WINDOWS\System32\combase.dll
0x00007ffe2cd80000 - 0x00007ffe2ce61000 	C:\WINDOWS\System32\OLEAUT32.dll
0x00007ffe07ba0000 - 0x00007ffe07bd9000 	C:\WINDOWS\SYSTEM32\dbgcore.DLL
0x00007ffe2a8c0000 - 0x00007ffe2a959000 	C:\WINDOWS\System32\bcryptPrimitives.dll
0x00007ffdfb730000 - 0x00007ffdfb74e000 	C:\Program Files\Apache NetBeans\jdk\bin\java.dll
0x00007ffe2ca90000 - 0x00007ffe2cc2e000 	C:\WINDOWS\System32\ole32.dll
0x00007ffe2c010000 - 0x00007ffe2c752000 	C:\WINDOWS\System32\SHELL32.dll
0x00007ffe2a960000 - 0x00007ffe2aad4000 	C:\WINDOWS\System32\wintypes.dll
0x00007ffe27df0000 - 0x00007ffe28648000 	C:\WINDOWS\SYSTEM32\windows.storage.dll
0x00007ffe2c890000 - 0x00007ffe2c981000 	C:\WINDOWS\System32\SHCORE.dll
0x00007ffe2bae0000 - 0x00007ffe2bb4a000 	C:\WINDOWS\System32\shlwapi.dll
0x00007ffe2a060000 - 0x00007ffe2a08f000 	C:\WINDOWS\SYSTEM32\profapi.dll
0x00007ffdf4c90000 - 0x00007ffdf4d67000 	C:\Program Files\Apache NetBeans\jdk\bin\jsvml.dll
0x00007ffdfb230000 - 0x00007ffdfb240000 	C:\Program Files\Apache NetBeans\jdk\bin\net.dll
0x00007ffe295a0000 - 0x00007ffe2960a000 	C:\WINDOWS\system32\mswsock.dll
0x00007ffdfa1f0000 - 0x00007ffdfa206000 	C:\Program Files\Apache NetBeans\jdk\bin\nio.dll
0x00007ffdfa6f0000 - 0x00007ffdfa707000 	C:\Program Files\Apache NetBeans\jdk\bin\zip.dll

JVMTI agents: none

dbghelp: loaded successfully - version: 4.0.5 - missing functions: none
symbol engine: initialized successfully - sym options: 0x614 - pdb path: .;C:\Program Files\Apache NetBeans\jdk\bin;C:\WINDOWS\SYSTEM32;C:\WINDOWS\WinSxS\amd64_microsoft.windows.common-controls_6595b64144ccf1df_6.0.26100.4202_none_3e0698d4e335f517;C:\Program Files\Apache NetBeans\jdk\bin\server

VM Arguments:
jvm_args: -Dapplication.home=C:\Program Files\Apache NetBeans\jdk --add-modules=ALL-DEFAULT -Xms8m -Djdk.module.main=jdk.compiler 
java_command: jdk.compiler/com.sun.tools.javac.Main -d C:\Users\USER\OneDrive\Desktop\MS Word Work\FINAL\AirlineManagementSystem\build\classes -classpath C:\Users\USER\OneDrive\Desktop\MS Word Work\FINAL\AirlineManagementSystem\build\classes;C:\Users\USER\Downloads\Airline Management System-20250626T183211Z-1-001\Airline Management System\jcalendar-tz-1.3.3-4.jar;C:\Users\USER\Downloads\Airline Management System-20250626T183211Z-1-001\Airline Management System\mysql-connector-java-8.0.28.jar;C:\Users\USER\Downloads\Airline Management System-20250626T183211Z-1-001\Airline Management System\rs2xml.jar -sourcepath C:\Users\USER\OneDrive\Desktop\MS Word Work\FINAL\AirlineManagementSystem\src -target 17 -encoding UTF-8 -g -processorpath E:\JAVA\mysql-connector-java-8.0.28.jar;E:\JAVA\rs2xml.jar;E:\JAVA\jcalendar-tz-1.3.3-4.jar;C:\Users\MSI\OneDrive\Desktop\sd lab\Airline Management System\rs2xml.jar;C:\Users\MSI\OneDrive\Desktop\sd lab\Airline Management System\mysql-connector-java-8.0.28.jar;C:\Users\MSI\OneDrive\Desktop\sd lab\Airline Management System\jcalendar-tz-1.3.3-4.jar;C:\Users\USER\Downloads\Airline Management System-20250626T183211Z-1-001\Airline Management System\jcalendar-tz-1.3.3-4.jar;C:\Users\USER\Downloads\Airline Management System-20250626T183211Z-1-001\Airline Management System\mysql-connector-java-8.0.28.jar;C:\Users\USER\Downloads\Airline Management System-20250626T183211Z-1-001\Airline Management System\rs2xml.jar;C:\Users\USER\OneDrive\Desktop\MS Word Work\FINAL\AirlineManagementSystem\build\empty -s C:\Users\USER\OneDrive\Desktop\MS Word Work\FINAL\AirlineManagementSystem\build\generated-sources\ap-source-output -source 17 C:\Users\USER\OneDrive\Desktop\MS Word Work\FINAL\AirlineManagementSystem\src\airlinemanagementsystem\Update.java
java_class_path (initial): <not set>
Launcher Type: SUN_STANDARD

[Global flags]
     intx CICompilerCount                          = 4                                         {product} {ergonomic}
     uint ConcGCThreads                            = 2                                         {product} {ergonomic}
     uint G1ConcRefinementThreads                  = 8                                         {product} {ergonomic}
   size_t G1HeapRegionSize                         = 1048576                                   {product} {ergonomic}
   size_t InitialHeapSize                          = 8388608                                   {product} {command line}
   size_t MarkStackSize                            = 4194304                                   {product} {ergonomic}
   size_t MarkStackSizeMax                         = 536870912                                 {product} {ergonomic}
   size_t MaxHeapSize                              = 2107637760                                {product} {ergonomic}
   size_t MaxNewSize                               = 1264582656                                {product} {ergonomic}
   size_t MinHeapDeltaBytes                        = 1048576                                   {product} {ergonomic}
   size_t MinHeapSize                              = 8388608                                   {product} {command line}
    uintx NonNMethodCodeHeapSize                   = 5832704                                {pd product} {ergonomic}
    uintx NonProfiledCodeHeapSize                  = 122945536                              {pd product} {ergonomic}
    uintx ProfiledCodeHeapSize                     = 122880000                              {pd product} {ergonomic}
    uintx ReservedCodeCacheSize                    = 251658240                              {pd product} {ergonomic}
     bool SegmentedCodeCache                       = true                                      {product} {ergonomic}
   size_t SoftMaxHeapSize                          = 2107637760                             {manageable} {ergonomic}
     bool UseCompressedOops                        = true                           {product lp64_product} {ergonomic}
     bool UseG1GC                                  = true                                      {product} {ergonomic}
     bool UseLargePagesIndividualAllocation        = false                                  {pd product} {ergonomic}

Logging:
Log output configuration:
 #0: stdout all=warning uptime,level,tags foldmultilines=false
 #1: stderr all=off uptime,level,tags foldmultilines=false

Environment Variables:
PATH=C:\Program Files\Common Files\Oracle\Java\javapath;C:\oraclexe\app\oracle\product\10.2.0\server\bin;C:\WINDOWS\system32;C:\WINDOWS;C:\WINDOWS\System32\Wbem;C:\WINDOWS\System32\WindowsPowerShell\v1.0\;C:\WINDOWS\System32\OpenSSH\;C:\Program Files\MySQL\MySQL Server 8.0\bin;C:\Program Files\Git\cmd;C:\Program Files\Apache NetBeans\jdk\bin;C:\Program Files\MySQL\MySQL Shell 8.0\bin\;C:\MinGW\bin;C:\Users\USER\AppData\Local\Microsoft\WindowsApps;
USERNAME=USER
OS=Windows_NT
PROCESSOR_IDENTIFIER=Intel64 Family 6 Model 142 Stepping 10, GenuineIntel
TMP=C:\Users\USER\AppData\Local\Temp
TEMP=C:\Users\USER\AppData\Local\Temp




Periodic native trim disabled

---------------  S Y S T E M  ---------------

OS:
 Windows 11 , 64 bit Build 26100 (10.0.26100.4202)
OS uptime: 0 days 2:17 hours

CPU: total 8 (initial active 8) (4 cores per cpu, 2 threads per core) family 6 model 142 stepping 10 microcode 0xf6, cx8, cmov, fxsr, ht, mmx, 3dnowpref, sse, sse2, sse3, ssse3, sse4.1, sse4.2, popcnt, lzcnt, tsc, tscinvbit, avx, avx2, aes, erms, clmul, bmi1, bmi2, adx, fma, vzeroupper, clflush, clflushopt, rdtscp, f16c
Processor Information for the first 8 processors :
  Max Mhz: 1992, Current Mhz: 1792, Mhz Limit: 1792

Memory: 4k page, system-wide physical 8035M (1351M free)
TotalPageFile size 20407M (AvailPageFile size 12M)
current process WorkingSet (physical memory assigned to process): 87M, peak: 87M
current process commit charge ("private bytes"): 119M, peak: 134M

vm_info: OpenJDK 64-Bit Server VM (24.0.1+9) for windows-amd64 JRE (24.0.1+9) (Zulu24.30+11-CA), built on 2025-03-21T13:52:34Z with MS VC++ 17.1 (VS2022)

END.
