#
# There is insufficient memory for the Java Runtime Environment to continue.
# Native memory allocation (mmap) failed to map 22020096 bytes. Error detail: G1 virtual space
# Possible reasons:
#   The system is out of physical RAM or swap space
#   This process is running with CompressedOops enabled, and the Java Heap may be blocking the growth of the native heap
# Possible solutions:
#   Reduce memory load on the system
#   Increase physical memory or swap space
#   Check if swap backing store is full
#   Decrease Java heap size (-Xmx/-Xms)
#   Decrease number of Java threads
#   Decrease Java thread stack sizes (-Xss)
#   Set larger code cache with -XX:ReservedCodeCacheSize=
#   JVM is running with Unscaled Compressed Oops mode in which the Java heap is
#     placed in the first 4GB address space. The Java Heap base address is the
#     maximum limit for the native heap growth. Please use -XX:HeapBaseMinAddress
#     to set the Java Heap base and to place the Java Heap above 4GB virtual address.
# This output file may be truncated or incomplete.
#
#  Out of Memory Error (os_windows.cpp:3564), pid=19000, tid=14572
#
# JRE version: OpenJDK Runtime Environment Zulu24.30+11-CA (24.0.1+9) (build 24.0.1+9)
# Java VM: OpenJDK 64-Bit Server VM Zulu24.30+11-CA (24.0.1+9, mixed mode, sharing, tiered, compressed oops, compressed class ptrs, g1 gc, windows-amd64)
# No core dump will be written. Minidumps are not enabled by default on client versions of Windows
#

---------------  S U M M A R Y ------------

Command Line: -Dapplication.home=C:\Program Files\Apache NetBeans\jdk --add-modules=ALL-DEFAULT -Xms8m -Djdk.module.main=jdk.compiler jdk.compiler/com.sun.tools.javac.Main -d C:\Users\USER\OneDrive\Desktop\MS Word Work\FINAL\AirlineManagementSystem\build\classes -classpath C:\Users\USER\OneDrive\Desktop\MS Word Work\FINAL\AirlineManagementSystem\build\classes;C:\Users\USER\Downloads\Airline Management System-20250626T183211Z-1-001\Airline Management System\jcalendar-tz-1.3.3-4.jar;C:\Users\USER\Downloads\Airline Management System-20250626T183211Z-1-001\Airline Management System\mysql-connector-java-8.0.28.jar;C:\Users\USER\Downloads\Airline Management System-20250626T183211Z-1-001\Airline Management System\rs2xml.jar -sourcepath C:\Users\USER\OneDrive\Desktop\MS Word Work\FINAL\AirlineManagementSystem\src -target 17 -encoding UTF-8 -g -processorpath E:\JAVA\mysql-connector-java-8.0.28.jar;E:\JAVA\rs2xml.jar;E:\JAVA\jcalendar-tz-1.3.3-4.jar;C:\Users\MSI\OneDrive\Desktop\sd lab\Airline Management System\rs2xml.jar;C:\Users\MSI\OneDrive\Desktop\sd lab\Airline Management System\mysql-connector-java-8.0.28.jar;C:\Users\MSI\OneDrive\Desktop\sd lab\Airline Management System\jcalendar-tz-1.3.3-4.jar;C:\Users\USER\Downloads\Airline Management System-20250626T183211Z-1-001\Airline Management System\jcalendar-tz-1.3.3-4.jar;C:\Users\USER\Downloads\Airline Management System-20250626T183211Z-1-001\Airline Management System\mysql-connector-java-8.0.28.jar;C:\Users\USER\Downloads\Airline Management System-20250626T183211Z-1-001\Airline Management System\rs2xml.jar;C:\Users\USER\OneDrive\Desktop\MS Word Work\FINAL\AirlineManagementSystem\build\empty -s C:\Users\USER\OneDrive\Desktop\MS Word Work\FINAL\AirlineManagementSystem\build\generated-sources\ap-source-output -source 17 C:\Users\USER\OneDrive\Desktop\MS Word Work\FINAL\AirlineManagementSystem\src\airlinemanagementsystem\Home.java

Host: Intel(R) Core(TM) i7-8550U CPU @ 1.80GHz, 8 cores, 7G,  Windows 11 , 64 bit Build 26100 (10.0.26100.4202)
Time: Sun Jul  6 13:12:27 2025 Bangladesh Standard Time elapsed time: 1.849066 seconds (0d 0h 0m 1s)

---------------  T H R E A D  ---------------

Current thread (0x0000014131462bf0):  VMThread "VM Thread"          [id=14572, stack(0x0000002fe1a00000,0x0000002fe1b00000) (1024K)]

Stack: [0x0000002fe1a00000,0x0000002fe1b00000]
Native frames: (J=compiled Java code, j=interpreted, Vv=VM code, C=native code)
V  [jvm.dll+0x7410c9]  (no source info available)
V  [jvm.dll+0x97def3]  (no source info available)
V  [jvm.dll+0x98021d]  (no source info available)
V  [jvm.dll+0x980893]  (no source info available)
V  [jvm.dll+0x2b5b16]  (no source info available)
V  [jvm.dll+0x73d535]  (no source info available)
V  [jvm.dll+0x730d0a]  (no source info available)
V  [jvm.dll+0x39ea4a]  (no source info available)
V  [jvm.dll+0x3a6746]  (no source info available)
V  [jvm.dll+0x392fce]  (no source info available)
V  [jvm.dll+0x393288]  (no source info available)
V  [jvm.dll+0x369fcc]  (no source info available)
V  [jvm.dll+0x36a05a]  (no source info available)
V  [jvm.dll+0x3b7b3d]  (no source info available)
V  [jvm.dll+0x3b6121]  (no source info available)
V  [jvm.dll+0x369797]  (no source info available)
V  [jvm.dll+0x3b58c4]  (no source info available)
V  [jvm.dll+0x986a9a]  (no source info available)
V  [jvm.dll+0x987ddc]  (no source info available)
V  [jvm.dll+0x988348]  (no source info available)
V  [jvm.dll+0x9885e3]  (no source info available)
V  [jvm.dll+0x920928]  (no source info available)
V  [jvm.dll+0x73f855]  (no source info available)
C  [ucrtbase.dll+0x37b0]  (no source info available)
C  [KERNEL32.DLL+0x2e8d7]  (no source info available)
C  [ntdll.dll+0x3c34c]  (no source info available)

VM_Operation (0x0000002fe13fddc0): G1CollectForAllocation, mode: safepoint, requested by thread 0x0000014112253720


---------------  P R O C E S S  ---------------

Threads class SMR info:
_java_thread_list=0x00000141776078d0, length=13, elements={
0x0000014112253720, 0x00000141314725e0, 0x0000014131472d20, 0x00000141314776e0,
0x000001413147a020, 0x000001413147bb80, 0x000001413147d9c0, 0x000001413148b030,
0x00000141314afdd0, 0x000001413167ff30, 0x0000014131788d50, 0x0000014177638780,
0x0000014177637860
}

Java Threads: ( => current thread )
  0x0000014112253720 JavaThread "main"                              [_thread_blocked, id=8992, stack(0x0000002fe1300000,0x0000002fe1400000) (1024K)]
  0x00000141314725e0 JavaThread "Reference Handler"          daemon [_thread_blocked, id=17284, stack(0x0000002fe1b00000,0x0000002fe1c00000) (1024K)]
  0x0000014131472d20 JavaThread "Finalizer"                  daemon [_thread_blocked, id=14752, stack(0x0000002fe1c00000,0x0000002fe1d00000) (1024K)]
  0x00000141314776e0 JavaThread "Signal Dispatcher"          daemon [_thread_blocked, id=13964, stack(0x0000002fe1d00000,0x0000002fe1e00000) (1024K)]
  0x000001413147a020 JavaThread "Attach Listener"            daemon [_thread_blocked, id=19336, stack(0x0000002fe1e00000,0x0000002fe1f00000) (1024K)]
  0x000001413147bb80 JavaThread "Service Thread"             daemon [_thread_blocked, id=19240, stack(0x0000002fe1f00000,0x0000002fe2000000) (1024K)]
  0x000001413147d9c0 JavaThread "Monitor Deflation Thread"   daemon [_thread_blocked, id=14032, stack(0x0000002fe2000000,0x0000002fe2100000) (1024K)]
  0x000001413148b030 JavaThread "C2 CompilerThread0"         daemon [_thread_blocked, id=19148, stack(0x0000002fe2100000,0x0000002fe2200000) (1024K)]
  0x00000141314afdd0 JavaThread "C1 CompilerThread0"         daemon [_thread_blocked, id=18876, stack(0x0000002fe2200000,0x0000002fe2300000) (1024K)]
  0x000001413167ff30 JavaThread "Notification Thread"        daemon [_thread_blocked, id=6232, stack(0x0000002fe2300000,0x0000002fe2400000) (1024K)]
  0x0000014131788d50 JavaThread "Common-Cleaner"             daemon [_thread_blocked, id=7796, stack(0x0000002fe2400000,0x0000002fe2500000) (1024K)]
  0x0000014177638780 JavaThread "C2 CompilerThread1"         daemon [_thread_blocked, id=14440, stack(0x0000002fe2b00000,0x0000002fe2c00000) (1024K)]
  0x0000014177637860 JavaThread "C2 CompilerThread2"         daemon [_thread_blocked, id=15040, stack(0x0000002fe2c00000,0x0000002fe2d00000) (1024K)]
Total: 13

Other Threads:
=>0x0000014131462bf0 VMThread "VM Thread"                           [id=14572, stack(0x0000002fe1a00000,0x0000002fe1b00000) (1024K)]
  0x00000141145ed340 WatcherThread "VM Periodic Task Thread"        [id=17368, stack(0x0000002fe1900000,0x0000002fe1a00000) (1024K)]
  0x0000014114594700 WorkerThread "GC Thread#0"                     [id=9384, stack(0x0000002fe1400000,0x0000002fe1500000) (1024K)]
  0x00000141771278e0 WorkerThread "GC Thread#1"                     [id=14624, stack(0x0000002fe2500000,0x0000002fe2600000) (1024K)]
  0x0000014177449830 WorkerThread "GC Thread#2"                     [id=15088, stack(0x0000002fe2600000,0x0000002fe2700000) (1024K)]
  0x0000014177449be0 WorkerThread "GC Thread#3"                     [id=1612, stack(0x0000002fe2700000,0x0000002fe2800000) (1024K)]
  0x000001417753f2f0 WorkerThread "GC Thread#4"                     [id=14488, stack(0x0000002fe2800000,0x0000002fe2900000) (1024K)]
  0x000001417763d9c0 WorkerThread "GC Thread#5"                     [id=18832, stack(0x0000002fe2a00000,0x0000002fe2b00000) (1024K)]
  0x00000141145a9f60 ConcurrentGCThread "G1 Main Marker"            [id=2292, stack(0x0000002fe1500000,0x0000002fe1600000) (1024K)]
  0x00000141145aa980 WorkerThread "G1 Conc#0"                       [id=6316, stack(0x0000002fe1600000,0x0000002fe1700000) (1024K)]
  0x0000014131735f80 WorkerThread "G1 Conc#1"                       [id=18864, stack(0x0000002fe2900000,0x0000002fe2a00000) (1024K)]
  0x00000141145dbb00 ConcurrentGCThread "G1 Refine#0"               [id=18516, stack(0x0000002fe1700000,0x0000002fe1800000) (1024K)]
  0x00000141145dcda0 ConcurrentGCThread "G1 Service"                [id=6956, stack(0x0000002fe1800000,0x0000002fe1900000) (1024K)]
Total: 13

Threads with active compile tasks:
C2 CompilerThread0  1930 1398       4       jdk.internal.jimage.ImageLocation::getFullName (109 bytes)
C2 CompilerThread1  1930 1464       4       java.lang.String::replace (42 bytes)
C2 CompilerThread2  1930 1567       4       java.lang.String::lastIndexOf (18 bytes)
Total: 3

VM state: at safepoint (normal execution)

VM Mutex/Monitor currently owned by a thread:  ([mutex/lock_event])
[0x00007ffdd9164fc8] Threads_lock - owner thread: 0x0000014131462bf0
[0x00007ffdd91650c8] Heap_lock - owner thread: 0x0000014112253720

Heap address: 0x0000000082600000, size: 2010 MB, Compressed Oops mode: 32-bit

CDS archive(s) mapped at: [0x0000014132000000-0x0000014132d40000-0x0000014132d40000), size 13893632, SharedBaseAddress: 0x0000014132000000, ArchiveRelocationMode: 1.
Compressed class space mapped at: 0x0000014133000000-0x0000014173000000, reserved size: 1073741824
UseCompressedClassPointers 1, UseCompactObjectHeaders 0
Narrow klass pointer bits 32, Max shift 3
Narrow klass base: 0x0000014132000000, Narrow klass shift: 0
Encoding Range: [0x0000014132000000 - 0x0000014232000000), (4294967296 bytes)
Klass Range:    [0x0000014132000000 - 0x0000014173000000), (1090519040 bytes)
Klass ID Range:  [8 - 1090519033) (1090519025)

GC Precious Log:
 CardTable entry size: 512
 Card Set container configuration: InlinePtr #cards 5 size 8 Array Of Cards #cards 10 size 36 Howl #buckets 4 coarsen threshold 1843 Howl Bitmap #cards 512 size 80 coarsen threshold 460 Card regions per heap region 1 cards per card region 2048
 CPUs: 8 total, 8 available
 Memory: 8035M
 Large Page Support: Disabled
 NUMA Support: Disabled
 Compressed Oops: Enabled (32-bit)
 Heap Region Size: 1M
 Heap Min Capacity: 8M
 Heap Initial Capacity: 8M
 Heap Max Capacity: 2010M
 Pre-touch: Disabled
 Parallel Workers: 8
 Concurrent Workers: 2
 Concurrent Refinement Workers: 8
 Periodic GC: Disabled

Heap:
 garbage-first heap   total reserved 2058240K, committed 14336K, used 8955K [0x0000000082600000, 0x0000000100000000)
  region size 1024K, 1 young (1024K), 1 survivors (1024K)
 Metaspace       used 9157K, committed 9408K, reserved 1114112K
  class space    used 898K, committed 1024K, reserved 1048576K

Heap Regions: E=young(eden), S=young(survivor), O=old, HS=humongous(starts), HC=humongous(continues), CS=collection set, F=free, TAMS=top-at-mark-start, PB=parsable bottom
|   0|0x0000000082600000, 0x0000000082700000, 0x0000000082700000|100%| O|  |TAMS 0x0000000082700000| PB 0x0000000082600000| Untracked |  0
|   1|0x0000000082700000, 0x0000000082800000, 0x0000000082800000|100%| O|  |TAMS 0x0000000082800000| PB 0x0000000082700000| Untracked |  0
|   2|0x0000000082800000, 0x0000000082900000, 0x0000000082900000|100%| O|  |TAMS 0x0000000082900000| PB 0x0000000082800000| Untracked |  0
|   3|0x0000000082900000, 0x0000000082a00000, 0x0000000082a00000|100%| O|  |TAMS 0x0000000082a00000| PB 0x0000000082900000| Untracked |  0
|   4|0x0000000082a00000, 0x0000000082b00000, 0x0000000082b00000|100%| O|  |TAMS 0x0000000082b00000| PB 0x0000000082a00000| Untracked |  0
|   5|0x0000000082b00000, 0x0000000082c00000, 0x0000000082c00000|100%| O|  |TAMS 0x0000000082c00000| PB 0x0000000082b00000| Untracked |  0
|   6|0x0000000082c00000, 0x0000000082cc9f78, 0x0000000082d00000| 78%| O|  |TAMS 0x0000000082cc9f78| PB 0x0000000082c00000| Untracked |  0
|   7|0x0000000082d00000, 0x0000000082d00000, 0x0000000082e00000|  0%| F|  |TAMS 0x0000000082d00000| PB 0x0000000082d00000| Untracked |  0
|   8|0x0000000082e00000, 0x0000000082e00000, 0x0000000082f00000|  0%| F|  |TAMS 0x0000000082e00000| PB 0x0000000082e00000| Untracked |  0
|   9|0x0000000082f00000, 0x0000000082ff4da0, 0x0000000083000000| 95%| S|CS|TAMS 0x0000000082f00000| PB 0x0000000082f00000| Complete |  0
|  10|0x0000000083000000, 0x0000000083000000, 0x0000000083100000|  0%| F|  |TAMS 0x0000000083000000| PB 0x0000000083000000| Untracked |  0
|  11|0x0000000083100000, 0x0000000083100000, 0x0000000083200000|  0%| F|  |TAMS 0x0000000083100000| PB 0x0000000083100000| Untracked |  0
|2008|0x00000000ffe00000, 0x00000000fff00000, 0x00000000fff00000|100%| O|  |TAMS 0x00000000fff00000| PB 0x00000000ffe00000| Untracked |  0
|2009|0x00000000fff00000, 0x00000000fff00000, 0x0000000100000000|  0%| F|  |TAMS 0x00000000fff00000| PB 0x00000000fff00000| Untracked |  0

Card table byte_map: [0x000001412c760000,0x000001412cb50000] _byte_map_base: 0x000001412c34d000

Marking Bits: (CMBitMap*) 0x0000014114594d20
 Bits: [0x000001412cb50000, 0x000001412eab8000)

Polling page: 0x0000014112210000

Metaspace:

Usage:
  Non-class:      8.07 MB used.
      Class:    898.27 KB used.
       Both:      8.94 MB used.

Virtual space:
  Non-class space:       64.00 MB reserved,       8.19 MB ( 13%) committed,  1 nodes.
      Class space:        1.00 GB reserved,       1.00 MB ( <1%) committed,  1 nodes.
             Both:        1.06 GB reserved,       9.19 MB ( <1%) committed. 

Chunk freelists:
   Non-Class:  5.80 MB
       Class:  14.97 MB
        Both:  20.77 MB

MaxMetaspaceSize: unlimited
CompressedClassSpaceSize: 1.00 GB
Initial GC threshold: 21.00 MB
Current GC threshold: 21.00 MB
CDS: on
 - commit_granule_bytes: 65536.
 - commit_granule_words: 8192.
 - virtual_space_node_default_size: 8388608.
 - enlarge_chunks_in_place: 1.
UseCompressedClassPointers 1, UseCompactObjectHeaders 0
Narrow klass pointer bits 32, Max shift 3
Narrow klass base: 0x0000014132000000, Narrow klass shift: 0
Encoding Range: [0x0000014132000000 - 0x0000014232000000), (4294967296 bytes)
Klass Range:    [0x0000014132000000 - 0x0000014173000000), (1090519040 bytes)
Klass ID Range:  [8 - 1090519033) (1090519025)


Internal statistics:

num_allocs_failed_limit: 0.
num_arena_births: 106.
num_arena_deaths: 0.
num_vsnodes_births: 2.
num_vsnodes_deaths: 0.
num_space_committed: 147.
num_space_uncommitted: 0.
num_chunks_returned_to_freelist: 0.
num_chunks_taken_from_freelist: 410.
num_chunk_merges: 0.
num_chunk_splits: 288.
num_chunks_enlarged: 223.
num_inconsistent_stats: 0.

CodeHeap 'non-profiled nmethods': size=120064Kb used=448Kb max_used=449Kb free=119615Kb
 bounds [0x0000014124b00000, 0x0000014124d70000, 0x000001412c040000]
CodeHeap 'profiled nmethods': size=120000Kb used=2134Kb max_used=2209Kb free=117865Kb
 bounds [0x000001411d040000, 0x000001411d2b0000, 0x0000014124570000]
CodeHeap 'non-nmethods': size=5696Kb used=1308Kb max_used=1350Kb free=4388Kb
 bounds [0x0000014124570000, 0x00000141247e0000, 0x0000014124b00000]
CodeCache: size=245760Kb, used=3890Kb, max_used=4008Kb, free=241868Kb
 total_blobs=1915, nmethods=1443, adapters=377, full_count=0
Compilation: enabled, stopped_count=0, restarted_count=0

Compilation events (20 events):
Event: 0.791 Thread 0x0000014177638780 1511       4       java.util.ImmutableCollections$ListN::get (7 bytes)
Event: 0.794 Thread 0x0000014177638780 nmethod 1511 0x0000014124b09308 code [0x0000014124b09400, 0x0000014124b094b8]
Event: 0.794 Thread 0x0000014177638780 1533       4       com.sun.tools.javac.util.ByteBuffer::getByte (13 bytes)
Event: 0.794 Thread 0x0000014177637860 nmethod 1553 0x0000014124b27e88 code [0x0000014124b27f80, 0x0000014124b28180]
Event: 0.794 Thread 0x0000014177637860 1564       4       java.lang.String::endsWith (15 bytes)
Event: 0.796 Thread 0x0000014177638780 nmethod 1533 0x0000014124b22b08 code [0x0000014124b22c20, 0x0000014124b22d70]
Event: 0.796 Thread 0x0000014177638780 1548   !   4       com.sun.tools.javac.jvm.ClassReader::nextChar (40 bytes)
Event: 0.798 Thread 0x00000141314afdd0 nmethod 1556 0x000001411d268788 code [0x000001411d268e20, 0x000001411d26d528]
Event: 0.801 Thread 0x0000014177638780 nmethod 1548 0x0000014124b3bd88 code [0x0000014124b3bea0, 0x0000014124b3c060]
Event: 0.802 Thread 0x0000014177637860 nmethod 1564 0x0000014124b40308 code [0x0000014124b40420, 0x0000014124b40770]
Event: 0.802 Thread 0x0000014177638780 1464       4       java.lang.String::replace (42 bytes)
Event: 0.803 Thread 0x00000141314afdd0 1534       1       java.util.stream.MatchOps$BooleanTerminalSink::getAndClearState (5 bytes)
Event: 0.803 Thread 0x00000141314afdd0 nmethod 1534 0x0000014124b36508 code [0x0000014124b36600, 0x0000014124b366c8]
Event: 0.803 Thread 0x00000141314afdd0 1522       1       com.sun.tools.javac.code.Type::getMetadata (5 bytes)
Event: 0.803 Thread 0x00000141314afdd0 nmethod 1522 0x0000014124b38088 code [0x0000014124b38180, 0x0000014124b38248]
Event: 0.803 Thread 0x00000141314afdd0 1565       3       jdk.internal.jimage.ImageReader$SharedImageReader::visitLocation (73 bytes)
Event: 0.804 Thread 0x00000141314afdd0 nmethod 1565 0x000001411d128e08 code [0x000001411d129020, 0x000001411d129ea0]
Event: 0.804 Thread 0x00000141314afdd0 1566       3       java.lang.ref.Reference::<init> (7 bytes)
Event: 0.804 Thread 0x0000014177637860 1567       4       java.lang.String::lastIndexOf (18 bytes)
Event: 0.805 Thread 0x00000141314afdd0 nmethod 1566 0x000001411d1a9588 code [0x000001411d1a96c0, 0x000001411d1a9968]

GC Heap History (20 events):
Event: 0.312 GC heap after
{Heap after GC invocations=2 (full 0):
 garbage-first heap   total reserved 2058240K, committed 10240K, used 3055K [0x0000000082600000, 0x0000000100000000)
  region size 1024K, 1 young (1024K), 1 survivors (1024K)
 Metaspace       used 5898K, committed 6016K, reserved 1114112K
  class space    used 581K, committed 640K, reserved 1048576K
}
Event: 0.376 GC heap before
{Heap before GC invocations=2 (full 0):
 garbage-first heap   total reserved 2058240K, committed 10240K, used 5103K [0x0000000082600000, 0x0000000100000000)
  region size 1024K, 3 young (3072K), 1 survivors (1024K)
 Metaspace       used 7080K, committed 7296K, reserved 1114112K
  class space    used 708K, committed 832K, reserved 1048576K
}
Event: 0.379 GC heap after
{Heap after GC invocations=3 (full 0):
 garbage-first heap   total reserved 2058240K, committed 10240K, used 3488K [0x0000000082600000, 0x0000000100000000)
  region size 1024K, 1 young (1024K), 1 survivors (1024K)
 Metaspace       used 7080K, committed 7296K, reserved 1114112K
  class space    used 708K, committed 832K, reserved 1048576K
}
Event: 0.454 GC heap before
{Heap before GC invocations=4 (full 0):
 garbage-first heap   total reserved 2058240K, committed 10240K, used 5536K [0x0000000082600000, 0x0000000100000000)
  region size 1024K, 3 young (3072K), 1 survivors (1024K)
 Metaspace       used 8069K, committed 8320K, reserved 1114112K
  class space    used 786K, committed 896K, reserved 1048576K
}
Event: 0.456 GC heap after
{Heap after GC invocations=5 (full 0):
 garbage-first heap   total reserved 2058240K, committed 10240K, used 3878K [0x0000000082600000, 0x0000000100000000)
  region size 1024K, 1 young (1024K), 1 survivors (1024K)
 Metaspace       used 8069K, committed 8320K, reserved 1114112K
  class space    used 786K, committed 896K, reserved 1048576K
}
Event: 0.510 GC heap before
{Heap before GC invocations=5 (full 0):
 garbage-first heap   total reserved 2058240K, committed 10240K, used 4902K [0x0000000082600000, 0x0000000100000000)
  region size 1024K, 3 young (3072K), 1 survivors (1024K)
 Metaspace       used 8493K, committed 8640K, reserved 1114112K
  class space    used 834K, committed 896K, reserved 1048576K
}
Event: 0.514 GC heap after
{Heap after GC invocations=6 (full 0):
 garbage-first heap   total reserved 2058240K, committed 10240K, used 4702K [0x0000000082600000, 0x0000000100000000)
  region size 1024K, 1 young (1024K), 1 survivors (1024K)
 Metaspace       used 8493K, committed 8640K, reserved 1114112K
  class space    used 834K, committed 896K, reserved 1048576K
}
Event: 0.599 GC heap before
{Heap before GC invocations=6 (full 0):
 garbage-first heap   total reserved 2058240K, committed 10240K, used 6750K [0x0000000082600000, 0x0000000100000000)
  region size 1024K, 3 young (3072K), 1 survivors (1024K)
 Metaspace       used 8820K, committed 9024K, reserved 1114112K
  class space    used 873K, committed 960K, reserved 1048576K
}
Event: 0.604 GC heap after
{Heap after GC invocations=7 (full 0):
 garbage-first heap   total reserved 2058240K, committed 14336K, used 5367K [0x0000000082600000, 0x0000000100000000)
  region size 1024K, 1 young (1024K), 1 survivors (1024K)
 Metaspace       used 8820K, committed 9024K, reserved 1114112K
  class space    used 873K, committed 960K, reserved 1048576K
}
Event: 0.670 GC heap before
{Heap before GC invocations=8 (full 0):
 garbage-first heap   total reserved 2058240K, committed 14336K, used 9463K [0x0000000082600000, 0x0000000100000000)
  region size 1024K, 5 young (5120K), 1 survivors (1024K)
 Metaspace       used 8954K, committed 9216K, reserved 1114112K
  class space    used 879K, committed 1024K, reserved 1048576K
}
Event: 0.673 GC heap after
{Heap after GC invocations=9 (full 0):
 garbage-first heap   total reserved 2058240K, committed 14336K, used 5832K [0x0000000082600000, 0x0000000100000000)
  region size 1024K, 1 young (1024K), 1 survivors (1024K)
 Metaspace       used 8954K, committed 9216K, reserved 1114112K
  class space    used 879K, committed 1024K, reserved 1048576K
}
Event: 0.695 GC heap before
{Heap before GC invocations=9 (full 0):
 garbage-first heap   total reserved 2058240K, committed 14336K, used 9928K [0x0000000082600000, 0x0000000100000000)
  region size 1024K, 5 young (5120K), 1 survivors (1024K)
 Metaspace       used 8986K, committed 9216K, reserved 1114112K
  class space    used 879K, committed 1024K, reserved 1048576K
}
Event: 0.699 GC heap after
{Heap after GC invocations=10 (full 0):
 garbage-first heap   total reserved 2058240K, committed 14336K, used 6275K [0x0000000082600000, 0x0000000100000000)
  region size 1024K, 1 young (1024K), 1 survivors (1024K)
 Metaspace       used 8986K, committed 9216K, reserved 1114112K
  class space    used 879K, committed 1024K, reserved 1048576K
}
Event: 0.737 GC heap before
{Heap before GC invocations=10 (full 0):
 garbage-first heap   total reserved 2058240K, committed 14336K, used 10371K [0x0000000082600000, 0x0000000100000000)
  region size 1024K, 5 young (5120K), 1 survivors (1024K)
 Metaspace       used 9083K, committed 9280K, reserved 1114112K
  class space    used 893K, committed 1024K, reserved 1048576K
}
Event: 0.742 GC heap after
{Heap after GC invocations=11 (full 0):
 garbage-first heap   total reserved 2058240K, committed 14336K, used 7039K [0x0000000082600000, 0x0000000100000000)
  region size 1024K, 1 young (1024K), 1 survivors (1024K)
 Metaspace       used 9083K, committed 9280K, reserved 1114112K
  class space    used 893K, committed 1024K, reserved 1048576K
}
Event: 0.778 GC heap before
{Heap before GC invocations=11 (full 0):
 garbage-first heap   total reserved 2058240K, committed 14336K, used 10111K [0x0000000082600000, 0x0000000100000000)
  region size 1024K, 4 young (4096K), 1 survivors (1024K)
 Metaspace       used 9148K, committed 9344K, reserved 1114112K
  class space    used 898K, committed 1024K, reserved 1048576K
}
Event: 0.782 GC heap after
{Heap after GC invocations=12 (full 0):
 garbage-first heap   total reserved 2058240K, committed 14336K, used 8002K [0x0000000082600000, 0x0000000100000000)
  region size 1024K, 1 young (1024K), 1 survivors (1024K)
 Metaspace       used 9148K, committed 9344K, reserved 1114112K
  class space    used 898K, committed 1024K, reserved 1048576K
}
Event: 0.798 GC heap before
{Heap before GC invocations=13 (full 0):
 garbage-first heap   total reserved 2058240K, committed 14336K, used 11074K [0x0000000082600000, 0x0000000100000000)
  region size 1024K, 4 young (4096K), 1 survivors (1024K)
 Metaspace       used 9156K, committed 9408K, reserved 1114112K
  class space    used 898K, committed 1024K, reserved 1048576K
}
Event: 0.801 GC heap after
{Heap after GC invocations=14 (full 0):
 garbage-first heap   total reserved 2058240K, committed 14336K, used 8557K [0x0000000082600000, 0x0000000100000000)
  region size 1024K, 1 young (1024K), 1 survivors (1024K)
 Metaspace       used 9156K, committed 9408K, reserved 1114112K
  class space    used 898K, committed 1024K, reserved 1048576K
}
Event: 0.808 GC heap before
{Heap before GC invocations=14 (full 0):
 garbage-first heap   total reserved 2058240K, committed 14336K, used 11629K [0x0000000082600000, 0x0000000100000000)
  region size 1024K, 4 young (4096K), 1 survivors (1024K)
 Metaspace       used 9157K, committed 9408K, reserved 1114112K
  class space    used 898K, committed 1024K, reserved 1048576K
}

Dll operation events (6 events):
Event: 0.008 Loaded shared library C:\Program Files\Apache NetBeans\jdk\bin\java.dll
Event: 0.029 Loaded shared library C:\Program Files\Apache NetBeans\jdk\bin\jsvml.dll
Event: 0.061 Loaded shared library C:\Program Files\Apache NetBeans\jdk\bin\jimage.dll
Event: 0.126 Loaded shared library C:\Program Files\Apache NetBeans\jdk\bin\net.dll
Event: 0.128 Loaded shared library C:\Program Files\Apache NetBeans\jdk\bin\nio.dll
Event: 0.157 Loaded shared library C:\Program Files\Apache NetBeans\jdk\bin\zip.dll

Deoptimization events (20 events):
Event: 0.507 Thread 0x0000014112253720 DEOPT PACKING pc=0x0000014124b381f4 sp=0x0000002fe13fdad0
Event: 0.507 Thread 0x0000014112253720 DEOPT UNPACKING pc=0x0000014124686e82 sp=0x0000002fe13fda00 mode 2
Event: 0.510 Thread 0x0000014112253720 DEOPT PACKING pc=0x000001411d0b4230 sp=0x0000002fe13fcea0
Event: 0.510 Thread 0x0000014112253720 DEOPT UNPACKING pc=0x00000141245c5722 sp=0x0000002fe13fc2d8 mode 0
Event: 0.525 Thread 0x0000014112253720 Uncommon trap: trap_request=0xffffff4d fr.pc=0x0000014124b28224 relative=0x0000000000000284
Event: 0.525 Thread 0x0000014112253720 Uncommon trap: reason=unstable_if action=reinterpret pc=0x0000014124b28224 method=jdk.internal.util.ArraysSupport.hashCodeOfUnsigned([BIII)I @ 1 c2
Event: 0.525 Thread 0x0000014112253720 DEOPT PACKING pc=0x0000014124b28224 sp=0x0000002fe13fe450
Event: 0.525 Thread 0x0000014112253720 DEOPT UNPACKING pc=0x0000014124686e82 sp=0x0000002fe13fe3d0 mode 2
Event: 0.525 Thread 0x0000014112253720 Uncommon trap: trap_request=0xffffff4d fr.pc=0x0000014124b094e4 relative=0x00000000000000c4
Event: 0.525 Thread 0x0000014112253720 Uncommon trap: reason=unstable_if action=reinterpret pc=0x0000014124b094e4 method=java.lang.String.hashCode()I @ 42 c2
Event: 0.525 Thread 0x0000014112253720 DEOPT PACKING pc=0x0000014124b094e4 sp=0x0000002fe13fe480
Event: 0.525 Thread 0x0000014112253720 DEOPT UNPACKING pc=0x0000014124686e82 sp=0x0000002fe13fe418 mode 2
Event: 0.569 Thread 0x0000014112253720 Uncommon trap: trap_request=0xffffffde fr.pc=0x0000014124b42a84 relative=0x00000000000008c4
Event: 0.569 Thread 0x0000014112253720 Uncommon trap: reason=class_check action=maybe_recompile pc=0x0000014124b42a84 method=java.util.HashMap.putVal(ILjava/lang/Object;Ljava/lang/Object;ZZ)Ljava/lang/Object; @ 203 c2
Event: 0.569 Thread 0x0000014112253720 DEOPT PACKING pc=0x0000014124b42a84 sp=0x0000002fe13fe720
Event: 0.569 Thread 0x0000014112253720 DEOPT UNPACKING pc=0x0000014124686e82 sp=0x0000002fe13fe628 mode 2
Event: 0.726 Thread 0x0000014112253720 Uncommon trap: trap_request=0xffffff4d fr.pc=0x0000014124b43858 relative=0x0000000000000058
Event: 0.726 Thread 0x0000014112253720 Uncommon trap: reason=unstable_if action=reinterpret pc=0x0000014124b43858 method=com.sun.tools.javac.jvm.PoolReader.sizeof(I)I @ 1 c2
Event: 0.726 Thread 0x0000014112253720 DEOPT PACKING pc=0x0000014124b43858 sp=0x0000002fe13fdbe0
Event: 0.726 Thread 0x0000014112253720 DEOPT UNPACKING pc=0x0000014124686e82 sp=0x0000002fe13fdb70 mode 2

Classes loaded (20 events):
Event: 0.525 Loading class java/nio/file/FileTreeWalker$EventType
Event: 0.525 Loading class java/nio/file/FileTreeWalker$EventType done
Event: 0.525 Loading class java/nio/file/Files$3
Event: 0.525 Loading class java/nio/file/Files$3 done
Event: 0.525 Loading class java/nio/file/FileVisitResult
Event: 0.525 Loading class java/nio/file/FileVisitResult done
Event: 0.525 Loading class sun/nio/fs/BasicFileAttributesHolder
Event: 0.525 Loading class sun/nio/fs/BasicFileAttributesHolder done
Event: 0.571 Loading class java/util/ComparableTimSort
Event: 0.572 Loading class java/util/ComparableTimSort done
Event: 0.574 Loading class sun/nio/fs/WindowsDirectoryStream
Event: 0.574 Loading class sun/nio/fs/WindowsDirectoryStream done
Event: 0.574 Loading class sun/nio/fs/WindowsDirectoryStream$WindowsDirectoryIterator
Event: 0.574 Loading class sun/nio/fs/WindowsDirectoryStream$WindowsDirectoryIterator done
Event: 0.574 Loading class java/nio/file/Files$2
Event: 0.574 Loading class java/nio/file/Files$2 done
Event: 0.575 Loading class sun/nio/fs/WindowsPath$WindowsPathWithAttributes
Event: 0.575 Loading class sun/nio/fs/WindowsPath$WindowsPathWithAttributes done
Event: 0.717 Loading class java/util/LinkedList$Node
Event: 0.717 Loading class java/util/LinkedList$Node done

Classes unloaded (0 events):
No events

Classes redefined (0 events):
No events

Internal exceptions (20 events):
Event: 0.324 Thread 0x0000014112253720 Exception <a 'java/lang/NoSuchMethodError'{0x0000000082d7a500}: 'int java.lang.invoke.DirectMethodHandle$Holder.invokeStaticInit(java.lang.Object, int, int)'> (0x0000000082d7a500) 
thrown [s\src\hotspot\share\interpreter\linkResolver.cpp, line 805]
Event: 0.325 Thread 0x0000014112253720 Exception <a 'java/lang/NoSuchMethodError'{0x0000000082d8ae70}: 'int java.lang.invoke.DirectMethodHandle$Holder.invokeStaticInit(java.lang.Object, long, long)'> (0x0000000082d8ae70) 
thrown [s\src\hotspot\share\interpreter\linkResolver.cpp, line 805]
Event: 0.326 Thread 0x0000014112253720 Exception <a 'java/lang/NoSuchMethodError'{0x0000000082d9b2f0}: 'int java.lang.invoke.DirectMethodHandle$Holder.invokeStaticInit(java.lang.Object, float, float)'> (0x0000000082d9b2f0) 
thrown [s\src\hotspot\share\interpreter\linkResolver.cpp, line 805]
Event: 0.326 Thread 0x0000014112253720 Exception <a 'java/lang/NoSuchMethodError'{0x0000000082dab798}: 'int java.lang.invoke.DirectMethodHandle$Holder.invokeStaticInit(java.lang.Object, double, double)'> (0x0000000082dab798) 
thrown [s\src\hotspot\share\interpreter\linkResolver.cpp, line 805]
Event: 0.327 Thread 0x0000014112253720 Exception <a 'java/lang/NoSuchMethodError'{0x0000000082db4a00}: 'int java.lang.invoke.DirectMethodHandle$Holder.invokeStatic(java.lang.Object, long)'> (0x0000000082db4a00) 
thrown [s\src\hotspot\share\interpreter\linkResolver.cpp, line 805]
Event: 0.328 Thread 0x0000014112253720 Exception <a 'java/lang/NoSuchMethodError'{0x0000000082dcdc28}: 'java.lang.Object java.lang.invoke.DirectMethodHandle$Holder.invokeStatic(java.lang.Object, long)'> (0x0000000082dcdc28) 
thrown [s\src\hotspot\share\interpreter\linkResolver.cpp, line 805]
Event: 0.329 Thread 0x0000014112253720 Exception <a 'java/lang/NoSuchMethodError'{0x0000000082dd6450}: 'java.lang.Object java.lang.invoke.DirectMethodHandle$Holder.invokeStatic(java.lang.Object, float)'> (0x0000000082dd6450) 
thrown [s\src\hotspot\share\interpreter\linkResolver.cpp, line 805]
Event: 0.332 Thread 0x0000014112253720 Exception <a 'java/lang/NoSuchMethodError'{0x0000000082c191b0}: 'int java.lang.invoke.Invokers$Holder.linkToTargetMethod(java.lang.Object, java.lang.Object)'> (0x0000000082c191b0) 
thrown [s\src\hotspot\share\interpreter\linkResolver.cpp, line 805]
Event: 0.347 Thread 0x0000014112253720 Exception <a 'sun/nio/fs/WindowsException'{0x0000000082c76d88}> (0x0000000082c76d88) 
thrown [s\src\hotspot\share\prims\jni.cpp, line 518]
Event: 0.400 Thread 0x0000014112253720 Implicit null exception at 0x0000014124b36620 to 0x0000014124b3669d
Event: 0.412 Thread 0x0000014112253720 Exception <a 'sun/nio/fs/WindowsException'{0x0000000082d58598}> (0x0000000082d58598) 
thrown [s\src\hotspot\share\prims\jni.cpp, line 518]
Event: 0.413 Thread 0x0000014112253720 Exception <a 'sun/nio/fs/WindowsException'{0x0000000082d58f28}> (0x0000000082d58f28) 
thrown [s\src\hotspot\share\prims\jni.cpp, line 518]
Event: 0.439 Thread 0x0000014112253720 Exception <a 'java/lang/NoSuchMethodError'{0x0000000082c4e4c0}: 'java.lang.Object java.lang.invoke.DirectMethodHandle$Holder.invokeVirtual(java.lang.Object, java.lang.Object, int)'> (0x0000000082c4e4c0) 
thrown [s\src\hotspot\share\interpreter\linkResolver.cpp, line 805]
Event: 0.570 Thread 0x0000014112253720 Exception <a 'java/lang/NoSuchMethodError'{0x0000000082d651a8}: 'void java.lang.invoke.DirectMethodHandle$Holder.invokeStatic(java.lang.Object, java.lang.Object)'> (0x0000000082d651a8) 
thrown [s\src\hotspot\share\interpreter\linkResolver.cpp, line 805]
Event: 0.667 Thread 0x0000014112253720 Exception <a 'sun/nio/fs/WindowsException'{0x0000000082fb51c8}> (0x0000000082fb51c8) 
thrown [s\src\hotspot\share\prims\jni.cpp, line 518]
Event: 0.667 Thread 0x0000014112253720 Exception <a 'sun/nio/fs/WindowsException'{0x0000000082fb5cb0}> (0x0000000082fb5cb0) 
thrown [s\src\hotspot\share\prims\jni.cpp, line 518]
Event: 0.704 Thread 0x0000014112253720 Exception <a 'sun/nio/fs/WindowsException'{0x00000000fff96248}> (0x00000000fff96248) 
thrown [s\src\hotspot\share\prims\jni.cpp, line 518]
Event: 0.704 Thread 0x0000014112253720 Exception <a 'sun/nio/fs/WindowsException'{0x00000000fff96d30}> (0x00000000fff96d30) 
thrown [s\src\hotspot\share\prims\jni.cpp, line 518]
Event: 0.723 Thread 0x0000014112253720 Exception <a 'java/lang/NoSuchMethodError'{0x0000000082fa4560}: 'java.lang.Object java.lang.invoke.DirectMethodHandle$Holder.invokeInterface(java.lang.Object, java.lang.Object)'> (0x0000000082fa4560) 
thrown [s\src\hotspot\share\interpreter\linkResolver.cpp, line 805]
Event: 0.727 Thread 0x0000014112253720 Exception <a 'java/lang/NoSuchMethodError'{0x0000000082fc0f80}: 'java.lang.Object java.lang.invoke.DirectMethodHandle$Holder.invokeVirtual(java.lang.Object, java.lang.Object, java.lang.Object, int, int)'> (0x0000000082fc0f80) 
thrown [s\src\hotspot\share\interpreter\linkResolver.cpp, line 805]

VM Operations (20 events):
Event: 0.604 Executing VM operation: G1CollectForAllocation (G1 Evacuation Pause) done
Event: 0.611 Executing VM operation: G1PauseRemark
Event: 0.613 Executing VM operation: G1PauseRemark done
Event: 0.615 Executing VM operation: G1PauseCleanup
Event: 0.615 Executing VM operation: G1PauseCleanup done
Event: 0.670 Executing VM operation: G1CollectForAllocation (G1 Evacuation Pause)
Event: 0.673 Executing VM operation: G1CollectForAllocation (G1 Evacuation Pause) done
Event: 0.695 Executing VM operation: G1CollectForAllocation (G1 Evacuation Pause)
Event: 0.699 Executing VM operation: G1CollectForAllocation (G1 Evacuation Pause) done
Event: 0.737 Executing VM operation: G1CollectForAllocation (G1 Evacuation Pause)
Event: 0.742 Executing VM operation: G1CollectForAllocation (G1 Evacuation Pause) done
Event: 0.778 Executing VM operation: G1CollectForAllocation (G1 Evacuation Pause)
Event: 0.782 Executing VM operation: G1CollectForAllocation (G1 Evacuation Pause) done
Event: 0.792 Executing VM operation: G1PauseRemark
Event: 0.794 Executing VM operation: G1PauseRemark done
Event: 0.795 Executing VM operation: G1PauseCleanup
Event: 0.795 Executing VM operation: G1PauseCleanup done
Event: 0.798 Executing VM operation: G1CollectForAllocation (G1 Evacuation Pause)
Event: 0.801 Executing VM operation: G1CollectForAllocation (G1 Evacuation Pause) done
Event: 0.808 Executing VM operation: G1CollectForAllocation (G1 Evacuation Pause)

Memory protections (0 events):
No events

Nmethod flushes (20 events):
Event: 0.793 Thread 0x0000014131462bf0 flushing  nmethod 0x000001411d131308
Event: 0.793 Thread 0x0000014131462bf0 flushing  nmethod 0x000001411d15ed08
Event: 0.793 Thread 0x0000014131462bf0 flushing  nmethod 0x000001411d15fe88
Event: 0.793 Thread 0x0000014131462bf0 flushing  nmethod 0x000001411d164308
Event: 0.793 Thread 0x0000014131462bf0 flushing  nmethod 0x000001411d169f88
Event: 0.793 Thread 0x0000014131462bf0 flushing  nmethod 0x000001411d16a308
Event: 0.793 Thread 0x0000014131462bf0 flushing  nmethod 0x000001411d199108
Event: 0.793 Thread 0x0000014131462bf0 flushing  nmethod 0x000001411d199b08
Event: 0.793 Thread 0x0000014131462bf0 flushing  nmethod 0x000001411d19a688
Event: 0.793 Thread 0x0000014131462bf0 flushing  nmethod 0x000001411d19d788
Event: 0.793 Thread 0x0000014131462bf0 flushing  nmethod 0x000001411d1a9588
Event: 0.793 Thread 0x0000014131462bf0 flushing  nmethod 0x000001411d1a9f08
Event: 0.793 Thread 0x0000014131462bf0 flushing  nmethod 0x000001411d1aa308
Event: 0.793 Thread 0x0000014131462bf0 flushing  nmethod 0x000001411d1ab088
Event: 0.793 Thread 0x0000014131462bf0 flushing  nmethod 0x000001411d1ab388
Event: 0.793 Thread 0x0000014131462bf0 flushing  nmethod 0x000001411d1ab988
Event: 0.793 Thread 0x0000014131462bf0 flushing  nmethod 0x000001411d1abe88
Event: 0.793 Thread 0x0000014131462bf0 flushing  nmethod 0x000001411d1afc88
Event: 0.793 Thread 0x0000014131462bf0 flushing  nmethod 0x000001411d1b0008
Event: 0.793 Thread 0x0000014131462bf0 flushing  nmethod 0x000001411d1b6108

Events (13 events):
Event: 0.018 Thread 0x0000014112253720 Thread added: 0x0000014112253720
Event: 0.026 Thread 0x0000014112253720 Thread added: 0x00000141314725e0
Event: 0.027 Thread 0x0000014112253720 Thread added: 0x0000014131472d20
Event: 0.027 Thread 0x0000014112253720 Thread added: 0x00000141314776e0
Event: 0.027 Thread 0x0000014112253720 Thread added: 0x000001413147a020
Event: 0.027 Thread 0x0000014112253720 Thread added: 0x000001413147bb80
Event: 0.027 Thread 0x0000014112253720 Thread added: 0x000001413147d9c0
Event: 0.027 Thread 0x0000014112253720 Thread added: 0x000001413148b030
Event: 0.027 Thread 0x0000014112253720 Thread added: 0x00000141314afdd0
Event: 0.059 Thread 0x0000014112253720 Thread added: 0x000001413167ff30
Event: 0.125 Thread 0x0000014112253720 Thread added: 0x0000014131788d50
Event: 0.478 Thread 0x00000141314afdd0 Thread added: 0x0000014177638780
Event: 0.480 Thread 0x00000141314afdd0 Thread added: 0x0000014177637860


Dynamic libraries:
0x00007ff689a70000 - 0x00007ff689a78000 	C:\Program Files\Apache NetBeans\jdk\bin\javac.exe
0x00007ffe2d000000 - 0x00007ffe2d265000 	C:\WINDOWS\SYSTEM32\ntdll.dll
0x00007ffe2be80000 - 0x00007ffe2bf49000 	C:\WINDOWS\System32\KERNEL32.DLL
0x00007ffe2a350000 - 0x00007ffe2a738000 	C:\WINDOWS\System32\KERNELBASE.dll
0x00007ffe2a770000 - 0x00007ffe2a8bb000 	C:\WINDOWS\System32\ucrtbase.dll
0x00007ffdfb240000 - 0x00007ffdfb256000 	C:\Program Files\Apache NetBeans\jdk\bin\jli.dll
0x00007ffe20e40000 - 0x00007ffe20e5e000 	C:\Program Files\Apache NetBeans\jdk\bin\VCRUNTIME140.dll
0x00007ffe2b910000 - 0x00007ffe2bada000 	C:\WINDOWS\System32\USER32.dll
0x00007ffe151b0000 - 0x00007ffe1544a000 	C:\WINDOWS\WinSxS\amd64_microsoft.windows.common-controls_6595b64144ccf1df_6.0.26100.4202_none_3e0698d4e335f517\COMCTL32.dll
0x00007ffe2a740000 - 0x00007ffe2a767000 	C:\WINDOWS\System32\win32u.dll
0x00007ffe2ced0000 - 0x00007ffe2cf79000 	C:\WINDOWS\System32\msvcrt.dll
0x00007ffe2cf80000 - 0x00007ffe2cfab000 	C:\WINDOWS\System32\GDI32.dll
0x00007ffe2ac60000 - 0x00007ffe2ad97000 	C:\WINDOWS\System32\gdi32full.dll
0x00007ffe2a150000 - 0x00007ffe2a1f3000 	C:\WINDOWS\System32\msvcp_win.dll
0x00007ffe2c990000 - 0x00007ffe2c9c0000 	C:\WINDOWS\System32\IMM32.DLL
0x00007ffe00bb0000 - 0x00007ffe00bbc000 	C:\Program Files\Apache NetBeans\jdk\bin\vcruntime140_1.dll
0x00007ffdf4c00000 - 0x00007ffdf4c8d000 	C:\Program Files\Apache NetBeans\jdk\bin\msvcp140.dll
0x00007ffdd83d0000 - 0x00007ffdd924c000 	C:\Program Files\Apache NetBeans\jdk\bin\server\jvm.dll
0x00007ffe2c9d0000 - 0x00007ffe2ca83000 	C:\WINDOWS\System32\ADVAPI32.dll
0x00007ffe2bdd0000 - 0x00007ffe2be76000 	C:\WINDOWS\System32\sechost.dll
0x00007ffe2cc40000 - 0x00007ffe2cd55000 	C:\WINDOWS\System32\RPCRT4.dll
0x00007ffe2b280000 - 0x00007ffe2b2f4000 	C:\WINDOWS\System32\WS2_32.dll
0x00007ffe28d90000 - 0x00007ffe28dee000 	C:\WINDOWS\SYSTEM32\POWRPROF.dll
0x00007ffe16770000 - 0x00007ffe167a5000 	C:\WINDOWS\SYSTEM32\WINMM.dll
0x00007ffe19730000 - 0x00007ffe1973b000 	C:\WINDOWS\SYSTEM32\VERSION.dll
0x00007ffe28d70000 - 0x00007ffe28d84000 	C:\WINDOWS\SYSTEM32\UMPDC.dll
0x00007ffe29030000 - 0x00007ffe2904b000 	C:\WINDOWS\SYSTEM32\kernel.appcore.dll
0x00007ffdfc8e0000 - 0x00007ffdfc8ea000 	C:\Program Files\Apache NetBeans\jdk\bin\jimage.dll
0x00007ffe27ac0000 - 0x00007ffe27d01000 	C:\WINDOWS\SYSTEM32\DBGHELP.DLL
0x00007ffe2ae70000 - 0x00007ffe2b1f5000 	C:\WINDOWS\System32\combase.dll
0x00007ffe2cd80000 - 0x00007ffe2ce61000 	C:\WINDOWS\System32\OLEAUT32.dll
0x00007ffe07ba0000 - 0x00007ffe07bd9000 	C:\WINDOWS\SYSTEM32\dbgcore.DLL
0x00007ffe2a8c0000 - 0x00007ffe2a959000 	C:\WINDOWS\System32\bcryptPrimitives.dll
0x00007ffdfb730000 - 0x00007ffdfb74e000 	C:\Program Files\Apache NetBeans\jdk\bin\java.dll
0x00007ffe2ca90000 - 0x00007ffe2cc2e000 	C:\WINDOWS\System32\ole32.dll
0x00007ffe2c010000 - 0x00007ffe2c752000 	C:\WINDOWS\System32\SHELL32.dll
0x00007ffe2a960000 - 0x00007ffe2aad4000 	C:\WINDOWS\System32\wintypes.dll
0x00007ffe27df0000 - 0x00007ffe28648000 	C:\WINDOWS\SYSTEM32\windows.storage.dll
0x00007ffe2c890000 - 0x00007ffe2c981000 	C:\WINDOWS\System32\SHCORE.dll
0x00007ffe2bae0000 - 0x00007ffe2bb4a000 	C:\WINDOWS\System32\shlwapi.dll
0x00007ffe2a060000 - 0x00007ffe2a08f000 	C:\WINDOWS\SYSTEM32\profapi.dll
0x00007ffdf4c90000 - 0x00007ffdf4d67000 	C:\Program Files\Apache NetBeans\jdk\bin\jsvml.dll
0x00007ffdfb230000 - 0x00007ffdfb240000 	C:\Program Files\Apache NetBeans\jdk\bin\net.dll
0x00007ffe295a0000 - 0x00007ffe2960a000 	C:\WINDOWS\system32\mswsock.dll
0x00007ffdfa1f0000 - 0x00007ffdfa206000 	C:\Program Files\Apache NetBeans\jdk\bin\nio.dll
0x00007ffdfa6f0000 - 0x00007ffdfa707000 	C:\Program Files\Apache NetBeans\jdk\bin\zip.dll

JVMTI agents: none

dbghelp: loaded successfully - version: 4.0.5 - missing functions: none
symbol engine: initialized successfully - sym options: 0x614 - pdb path: .;C:\Program Files\Apache NetBeans\jdk\bin;C:\WINDOWS\SYSTEM32;C:\WINDOWS\WinSxS\amd64_microsoft.windows.common-controls_6595b64144ccf1df_6.0.26100.4202_none_3e0698d4e335f517;C:\Program Files\Apache NetBeans\jdk\bin\server

VM Arguments:
jvm_args: -Dapplication.home=C:\Program Files\Apache NetBeans\jdk --add-modules=ALL-DEFAULT -Xms8m -Djdk.module.main=jdk.compiler 
java_command: jdk.compiler/com.sun.tools.javac.Main -d C:\Users\USER\OneDrive\Desktop\MS Word Work\FINAL\AirlineManagementSystem\build\classes -classpath C:\Users\USER\OneDrive\Desktop\MS Word Work\FINAL\AirlineManagementSystem\build\classes;C:\Users\USER\Downloads\Airline Management System-20250626T183211Z-1-001\Airline Management System\jcalendar-tz-1.3.3-4.jar;C:\Users\USER\Downloads\Airline Management System-20250626T183211Z-1-001\Airline Management System\mysql-connector-java-8.0.28.jar;C:\Users\USER\Downloads\Airline Management System-20250626T183211Z-1-001\Airline Management System\rs2xml.jar -sourcepath C:\Users\USER\OneDrive\Desktop\MS Word Work\FINAL\AirlineManagementSystem\src -target 17 -encoding UTF-8 -g -processorpath E:\JAVA\mysql-connector-java-8.0.28.jar;E:\JAVA\rs2xml.jar;E:\JAVA\jcalendar-tz-1.3.3-4.jar;C:\Users\MSI\OneDrive\Desktop\sd lab\Airline Management System\rs2xml.jar;C:\Users\MSI\OneDrive\Desktop\sd lab\Airline Management System\mysql-connector-java-8.0.28.jar;C:\Users\MSI\OneDrive\Desktop\sd lab\Airline Management System\jcalendar-tz-1.3.3-4.jar;C:\Users\USER\Downloads\Airline Management System-20250626T183211Z-1-001\Airline Management System\jcalendar-tz-1.3.3-4.jar;C:\Users\USER\Downloads\Airline Management System-20250626T183211Z-1-001\Airline Management System\mysql-connector-java-8.0.28.jar;C:\Users\USER\Downloads\Airline Management System-20250626T183211Z-1-001\Airline Management System\rs2xml.jar;C:\Users\USER\OneDrive\Desktop\MS Word Work\FINAL\AirlineManagementSystem\build\empty -s C:\Users\USER\OneDrive\Desktop\MS Word Work\FINAL\AirlineManagementSystem\build\generated-sources\ap-source-output -source 17 C:\Users\USER\OneDrive\Desktop\MS Word Work\FINAL\AirlineManagementSystem\src\airlinemanagementsystem\Home.java
java_class_path (initial): <not set>
Launcher Type: SUN_STANDARD

[Global flags]
     intx CICompilerCount                          = 4                                         {product} {ergonomic}
     uint ConcGCThreads                            = 2                                         {product} {ergonomic}
     uint G1ConcRefinementThreads                  = 8                                         {product} {ergonomic}
   size_t G1HeapRegionSize                         = 1048576                                   {product} {ergonomic}
   size_t InitialHeapSize                          = 8388608                                   {product} {command line}
   size_t MarkStackSize                            = 4194304                                   {product} {ergonomic}
   size_t MarkStackSizeMax                         = 536870912                                 {product} {ergonomic}
   size_t MaxHeapSize                              = 2107637760                                {product} {ergonomic}
   size_t MaxNewSize                               = 1264582656                                {product} {ergonomic}
   size_t MinHeapDeltaBytes                        = 1048576                                   {product} {ergonomic}
   size_t MinHeapSize                              = 8388608                                   {product} {command line}
    uintx NonNMethodCodeHeapSize                   = 5832704                                {pd product} {ergonomic}
    uintx NonProfiledCodeHeapSize                  = 122945536                              {pd product} {ergonomic}
    uintx ProfiledCodeHeapSize                     = 122880000                              {pd product} {ergonomic}
    uintx ReservedCodeCacheSize                    = 251658240                              {pd product} {ergonomic}
     bool SegmentedCodeCache                       = true                                      {product} {ergonomic}
   size_t SoftMaxHeapSize                          = 2107637760                             {manageable} {ergonomic}
     bool UseCompressedOops                        = true                           {product lp64_product} {ergonomic}
     bool UseG1GC                                  = true                                      {product} {ergonomic}
     bool UseLargePagesIndividualAllocation        = false                                  {pd product} {ergonomic}

Logging:
Log output configuration:
 #0: stdout all=warning uptime,level,tags foldmultilines=false
 #1: stderr all=off uptime,level,tags foldmultilines=false

Environment Variables:
PATH=C:\Program Files\Common Files\Oracle\Java\javapath;C:\oraclexe\app\oracle\product\10.2.0\server\bin;C:\WINDOWS\system32;C:\WINDOWS;C:\WINDOWS\System32\Wbem;C:\WINDOWS\System32\WindowsPowerShell\v1.0\;C:\WINDOWS\System32\OpenSSH\;C:\Program Files\MySQL\MySQL Server 8.0\bin;C:\Program Files\Git\cmd;C:\Program Files\Apache NetBeans\jdk\bin;C:\Program Files\MySQL\MySQL Shell 8.0\bin\;C:\MinGW\bin;C:\Users\USER\AppData\Local\Microsoft\WindowsApps;
USERNAME=USER
OS=Windows_NT
PROCESSOR_IDENTIFIER=Intel64 Family 6 Model 142 Stepping 10, GenuineIntel
TMP=C:\Users\USER\AppData\Local\Temp
TEMP=C:\Users\USER\AppData\Local\Temp




Periodic native trim disabled

---------------  S Y S T E M  ---------------

OS:
 Windows 11 , 64 bit Build 26100 (10.0.26100.4202)
OS uptime: 0 days 2:53 hours

CPU: total 8 (initial active 8) (4 cores per cpu, 2 threads per core) family 6 model 142 stepping 10 microcode 0xf6, cx8, cmov, fxsr, ht, mmx, 3dnowpref, sse, sse2, sse3, ssse3, sse4.1, sse4.2, popcnt, lzcnt, tsc, tscinvbit, avx, avx2, aes, erms, clmul, bmi1, bmi2, adx, fma, vzeroupper, clflush, clflushopt, rdtscp, f16c
Processor Information for the first 8 processors :
  Max Mhz: 1992, Current Mhz: 1792, Mhz Limit: 1792

Memory: 4k page, system-wide physical 8035M (993M free)
TotalPageFile size 20407M (AvailPageFile size 45M)
current process WorkingSet (physical memory assigned to process): 89M, peak: 91M
current process commit charge ("private bytes"): 119M, peak: 143M

vm_info: OpenJDK 64-Bit Server VM (24.0.1+9) for windows-amd64 JRE (24.0.1+9) (Zulu24.30+11-CA), built on 2025-03-21T13:52:34Z with MS VC++ 17.1 (VS2022)

END.
